{"/Users/pritam/hackreactor/sei/FEC/client/src/components/RatingsReviews/RatingsReviews.jsx": {"path":"/Users/pritam/hackreactor/sei/FEC/client/src/components/RatingsReviews/RatingsReviews.jsx","statementMap":{"0":{"start":{"line":11,"column":23},"end":{"line":86,"column":1}},"1":{"start":{"line":13,"column":32},"end":{"line":13,"column":44}},"2":{"start":{"line":14,"column":32},"end":{"line":14,"column":43}},"3":{"start":{"line":15,"column":26},"end":{"line":15,"column":37}},"4":{"start":{"line":16,"column":34},"end":{"line":16,"column":45}},"5":{"start":{"line":17,"column":28},"end":{"line":17,"column":40}},"6":{"start":{"line":18,"column":48},"end":{"line":18,"column":60}},"7":{"start":{"line":19,"column":36},"end":{"line":19,"column":48}},"8":{"start":{"line":20,"column":26},"end":{"line":20,"column":38}},"9":{"start":{"line":21,"column":26},"end":{"line":21,"column":40}},"10":{"start":{"line":22,"column":26},"end":{"line":22,"column":41}},"11":{"start":{"line":24,"column":2},"end":{"line":26,"column":18}},"12":{"start":{"line":25,"column":4},"end":{"line":25,"column":17}},"13":{"start":{"line":28,"column":21},"end":{"line":34,"column":3}},"14":{"start":{"line":29,"column":4},"end":{"line":33,"column":45}},"15":{"start":{"line":30,"column":25},"end":{"line":30,"column":63}},"16":{"start":{"line":30,"column":42},"end":{"line":30,"column":62}},"17":{"start":{"line":31,"column":18},"end":{"line":31,"column":48}},"18":{"start":{"line":31,"column":39},"end":{"line":31,"column":47}},"19":{"start":{"line":32,"column":18},"end":{"line":32,"column":97}},"20":{"start":{"line":32,"column":65},"end":{"line":32,"column":70}},"21":{"start":{"line":32,"column":91},"end":{"line":32,"column":95}},"22":{"start":{"line":33,"column":20},"end":{"line":33,"column":44}},"23":{"start":{"line":36,"column":2},"end":{"line":44,"column":23}},"24":{"start":{"line":37,"column":4},"end":{"line":43,"column":8}},"25":{"start":{"line":39,"column":8},"end":{"line":39,"column":44}},"26":{"start":{"line":39,"column":23},"end":{"line":39,"column":43}},"27":{"start":{"line":40,"column":8},"end":{"line":40,"column":62}},"28":{"start":{"line":40,"column":33},"end":{"line":40,"column":61}},"29":{"start":{"line":41,"column":8},"end":{"line":41,"column":35}},"30":{"start":{"line":41,"column":22},"end":{"line":41,"column":34}},"31":{"start":{"line":42,"column":8},"end":{"line":42,"column":52}},"32":{"start":{"line":42,"column":27},"end":{"line":42,"column":51}},"33":{"start":{"line":46,"column":2},"end":{"line":85,"column":3}},"34":{"start":{"line":60,"column":14},"end":{"line":60,"column":37}},"35":{"start":{"line":60,"column":28},"end":{"line":60,"column":36}},"36":{"start":{"line":61,"column":14},"end":{"line":61,"column":33}},"37":{"start":{"line":61,"column":31},"end":{"line":61,"column":32}},"38":{"start":{"line":66,"column":14},"end":{"line":66,"column":39}},"39":{"start":{"line":66,"column":28},"end":{"line":66,"column":38}},"40":{"start":{"line":67,"column":14},"end":{"line":67,"column":33}},"41":{"start":{"line":67,"column":31},"end":{"line":67,"column":32}},"42":{"start":{"line":72,"column":14},"end":{"line":72,"column":38}},"43":{"start":{"line":72,"column":28},"end":{"line":72,"column":37}},"44":{"start":{"line":73,"column":14},"end":{"line":73,"column":33}},"45":{"start":{"line":73,"column":31},"end":{"line":73,"column":32}}},"fnMap":{"0":{"name":"(anonymous_0)","decl":{"start":{"line":11,"column":23},"end":{"line":11,"column":24}},"loc":{"start":{"line":11,"column":34},"end":{"line":86,"column":1}},"line":11},"1":{"name":"(anonymous_1)","decl":{"start":{"line":24,"column":12},"end":{"line":24,"column":13}},"loc":{"start":{"line":24,"column":18},"end":{"line":26,"column":3}},"line":24},"2":{"name":"(anonymous_2)","decl":{"start":{"line":28,"column":21},"end":{"line":28,"column":22}},"loc":{"start":{"line":28,"column":27},"end":{"line":34,"column":3}},"line":28},"3":{"name":"(anonymous_3)","decl":{"start":{"line":30,"column":12},"end":{"line":30,"column":13}},"loc":{"start":{"line":30,"column":25},"end":{"line":30,"column":63}},"line":30},"4":{"name":"(anonymous_4)","decl":{"start":{"line":30,"column":36},"end":{"line":30,"column":37}},"loc":{"start":{"line":30,"column":42},"end":{"line":30,"column":62}},"line":30},"5":{"name":"(anonymous_5)","decl":{"start":{"line":31,"column":12},"end":{"line":31,"column":13}},"loc":{"start":{"line":31,"column":18},"end":{"line":31,"column":48}},"line":31},"6":{"name":"(anonymous_6)","decl":{"start":{"line":31,"column":29},"end":{"line":31,"column":30}},"loc":{"start":{"line":31,"column":39},"end":{"line":31,"column":47}},"line":31},"7":{"name":"(anonymous_7)","decl":{"start":{"line":32,"column":12},"end":{"line":32,"column":13}},"loc":{"start":{"line":32,"column":18},"end":{"line":32,"column":97}},"line":32},"8":{"name":"(anonymous_8)","decl":{"start":{"line":32,"column":57},"end":{"line":32,"column":58}},"loc":{"start":{"line":32,"column":65},"end":{"line":32,"column":70}},"line":32},"9":{"name":"(anonymous_9)","decl":{"start":{"line":32,"column":82},"end":{"line":32,"column":83}},"loc":{"start":{"line":32,"column":91},"end":{"line":32,"column":95}},"line":32},"10":{"name":"(anonymous_10)","decl":{"start":{"line":33,"column":13},"end":{"line":33,"column":14}},"loc":{"start":{"line":33,"column":20},"end":{"line":33,"column":44}},"line":33},"11":{"name":"(anonymous_11)","decl":{"start":{"line":36,"column":12},"end":{"line":36,"column":13}},"loc":{"start":{"line":36,"column":18},"end":{"line":44,"column":3}},"line":36},"12":{"name":"(anonymous_12)","decl":{"start":{"line":38,"column":12},"end":{"line":38,"column":13}},"loc":{"start":{"line":38,"column":25},"end":{"line":43,"column":7}},"line":38},"13":{"name":"(anonymous_13)","decl":{"start":{"line":39,"column":17},"end":{"line":39,"column":18}},"loc":{"start":{"line":39,"column":23},"end":{"line":39,"column":43}},"line":39},"14":{"name":"(anonymous_14)","decl":{"start":{"line":40,"column":27},"end":{"line":40,"column":28}},"loc":{"start":{"line":40,"column":33},"end":{"line":40,"column":61}},"line":40},"15":{"name":"(anonymous_15)","decl":{"start":{"line":41,"column":16},"end":{"line":41,"column":17}},"loc":{"start":{"line":41,"column":22},"end":{"line":41,"column":34}},"line":41},"16":{"name":"(anonymous_16)","decl":{"start":{"line":42,"column":21},"end":{"line":42,"column":22}},"loc":{"start":{"line":42,"column":27},"end":{"line":42,"column":51}},"line":42},"17":{"name":"(anonymous_17)","decl":{"start":{"line":59,"column":36},"end":{"line":59,"column":37}},"loc":{"start":{"line":59,"column":43},"end":{"line":61,"column":34}},"line":59},"18":{"name":"(anonymous_18)","decl":{"start":{"line":60,"column":22},"end":{"line":60,"column":23}},"loc":{"start":{"line":60,"column":28},"end":{"line":60,"column":36}},"line":60},"19":{"name":"(anonymous_19)","decl":{"start":{"line":61,"column":25},"end":{"line":61,"column":26}},"loc":{"start":{"line":61,"column":31},"end":{"line":61,"column":32}},"line":61},"20":{"name":"(anonymous_20)","decl":{"start":{"line":65,"column":36},"end":{"line":65,"column":37}},"loc":{"start":{"line":65,"column":43},"end":{"line":67,"column":34}},"line":65},"21":{"name":"(anonymous_21)","decl":{"start":{"line":66,"column":22},"end":{"line":66,"column":23}},"loc":{"start":{"line":66,"column":28},"end":{"line":66,"column":38}},"line":66},"22":{"name":"(anonymous_22)","decl":{"start":{"line":67,"column":25},"end":{"line":67,"column":26}},"loc":{"start":{"line":67,"column":31},"end":{"line":67,"column":32}},"line":67},"23":{"name":"(anonymous_23)","decl":{"start":{"line":71,"column":36},"end":{"line":71,"column":37}},"loc":{"start":{"line":71,"column":43},"end":{"line":73,"column":34}},"line":71},"24":{"name":"(anonymous_24)","decl":{"start":{"line":72,"column":22},"end":{"line":72,"column":23}},"loc":{"start":{"line":72,"column":28},"end":{"line":72,"column":37}},"line":72},"25":{"name":"(anonymous_25)","decl":{"start":{"line":73,"column":25},"end":{"line":73,"column":26}},"loc":{"start":{"line":73,"column":31},"end":{"line":73,"column":32}},"line":73}},"branchMap":{"0":{"loc":{"start":{"line":32,"column":18},"end":{"line":32,"column":97}},"type":"cond-expr","locations":[{"start":{"line":32,"column":49},"end":{"line":32,"column":71}},{"start":{"line":32,"column":74},"end":{"line":32,"column":97}}],"line":32}},"s":{"0":1,"1":4,"2":4,"3":4,"4":4,"5":4,"6":4,"7":4,"8":4,"9":4,"10":4,"11":4,"12":4,"13":4,"14":4,"15":0,"16":0,"17":0,"18":0,"19":0,"20":0,"21":0,"22":0,"23":4,"24":4,"25":0,"26":0,"27":0,"28":0,"29":0,"30":0,"31":0,"32":0,"33":4,"34":0,"35":0,"36":0,"37":0,"38":0,"39":0,"40":0,"41":0,"42":0,"43":0,"44":0,"45":0},"f":{"0":4,"1":4,"2":4,"3":0,"4":0,"5":0,"6":0,"7":0,"8":0,"9":0,"10":0,"11":4,"12":0,"13":0,"14":0,"15":0,"16":0,"17":0,"18":0,"19":0,"20":0,"21":0,"22":0,"23":0,"24":0,"25":0},"b":{"0":[0,0]},"_coverageSchema":"1a1c01bbd47fc00a2c39e90264f33305004495a9","hash":"227494abeaee43d6b2e5f779a0ff385892dd5ade"}
,"/Users/pritam/hackreactor/sei/FEC/client/src/components/RatingsReviews/components/Footer.jsx": {"path":"/Users/pritam/hackreactor/sei/FEC/client/src/components/RatingsReviews/components/Footer.jsx","statementMap":{"0":{"start":{"line":5,"column":14},"end":{"line":7,"column":3}},"1":{"start":{"line":9,"column":15},"end":{"line":48,"column":1}},"2":{"start":{"line":11,"column":36},"end":{"line":11,"column":51}},"3":{"start":{"line":12,"column":32},"end":{"line":12,"column":47}},"4":{"start":{"line":14,"column":22},"end":{"line":16,"column":3}},"5":{"start":{"line":15,"column":4},"end":{"line":15,"column":30}},"6":{"start":{"line":15,"column":23},"end":{"line":15,"column":28}},"7":{"start":{"line":17,"column":15},"end":{"line":32,"column":3}},"8":{"start":{"line":18,"column":4},"end":{"line":31,"column":5}},"9":{"start":{"line":19,"column":6},"end":{"line":24,"column":7}},"10":{"start":{"line":22,"column":33},"end":{"line":22,"column":46}},"11":{"start":{"line":26,"column":6},"end":{"line":30,"column":7}},"12":{"start":{"line":28,"column":31},"end":{"line":28,"column":44}},"13":{"start":{"line":34,"column":15},"end":{"line":43,"column":3}},"14":{"start":{"line":35,"column":4},"end":{"line":42,"column":7}},"15":{"start":{"line":45,"column":2},"end":{"line":47,"column":3}}},"fnMap":{"0":{"name":"(anonymous_0)","decl":{"start":{"line":9,"column":15},"end":{"line":9,"column":16}},"loc":{"start":{"line":9,"column":26},"end":{"line":48,"column":1}},"line":9},"1":{"name":"(anonymous_1)","decl":{"start":{"line":14,"column":22},"end":{"line":14,"column":23}},"loc":{"start":{"line":14,"column":28},"end":{"line":16,"column":3}},"line":14},"2":{"name":"(anonymous_2)","decl":{"start":{"line":15,"column":13},"end":{"line":15,"column":14}},"loc":{"start":{"line":15,"column":23},"end":{"line":15,"column":28}},"line":15},"3":{"name":"(anonymous_3)","decl":{"start":{"line":17,"column":15},"end":{"line":17,"column":16}},"loc":{"start":{"line":17,"column":21},"end":{"line":32,"column":3}},"line":17},"4":{"name":"(anonymous_4)","decl":{"start":{"line":22,"column":27},"end":{"line":22,"column":28}},"loc":{"start":{"line":22,"column":33},"end":{"line":22,"column":46}},"line":22},"5":{"name":"(anonymous_5)","decl":{"start":{"line":28,"column":25},"end":{"line":28,"column":26}},"loc":{"start":{"line":28,"column":31},"end":{"line":28,"column":44}},"line":28},"6":{"name":"(anonymous_6)","decl":{"start":{"line":34,"column":15},"end":{"line":34,"column":16}},"loc":{"start":{"line":34,"column":21},"end":{"line":43,"column":3}},"line":34}},"branchMap":{"0":{"loc":{"start":{"line":18,"column":4},"end":{"line":31,"column":5}},"type":"if","locations":[{"start":{"line":18,"column":4},"end":{"line":31,"column":5}},{"start":{"line":18,"column":4},"end":{"line":31,"column":5}}],"line":18},"1":{"loc":{"start":{"line":18,"column":8},"end":{"line":18,"column":47}},"type":"binary-expr","locations":[{"start":{"line":18,"column":8},"end":{"line":18,"column":19}},{"start":{"line":18,"column":23},"end":{"line":18,"column":47}}],"line":18}},"s":{"0":1,"1":1,"2":4,"3":4,"4":4,"5":0,"6":0,"7":4,"8":4,"9":0,"10":0,"11":4,"12":0,"13":4,"14":4,"15":4},"f":{"0":4,"1":0,"2":0,"3":4,"4":0,"5":0,"6":4},"b":{"0":[0,4],"1":[4,4]},"_coverageSchema":"1a1c01bbd47fc00a2c39e90264f33305004495a9","hash":"d6651465133ccd4d2c683f4585c064cb7e645e3d"}
,"/Users/pritam/hackreactor/sei/FEC/client/src/components/RatingsReviews/components/Header.jsx": {"path":"/Users/pritam/hackreactor/sei/FEC/client/src/components/RatingsReviews/components/Header.jsx","statementMap":{"0":{"start":{"line":2,"column":14},"end":{"line":4,"column":1}},"1":{"start":{"line":5,"column":15},"end":{"line":9,"column":1}},"2":{"start":{"line":6,"column":2},"end":{"line":8,"column":3}}},"fnMap":{"0":{"name":"(anonymous_0)","decl":{"start":{"line":5,"column":15},"end":{"line":5,"column":16}},"loc":{"start":{"line":5,"column":21},"end":{"line":9,"column":1}},"line":5}},"branchMap":{},"s":{"0":1,"1":1,"2":4},"f":{"0":4},"b":{},"_coverageSchema":"1a1c01bbd47fc00a2c39e90264f33305004495a9","hash":"1d269ab8c81c95fc2161ba0202f01589438ec94d"}
,"/Users/pritam/hackreactor/sei/FEC/client/src/components/RatingsReviews/components/RatingsGraph.jsx": {"path":"/Users/pritam/hackreactor/sei/FEC/client/src/components/RatingsReviews/components/RatingsGraph.jsx","statementMap":{"0":{"start":{"line":7,"column":21},"end":{"line":162,"column":1}},"1":{"start":{"line":8,"column":28},"end":{"line":8,"column":39}},"2":{"start":{"line":9,"column":26},"end":{"line":9,"column":37}},"3":{"start":{"line":10,"column":26},"end":{"line":10,"column":37}},"4":{"start":{"line":11,"column":29},"end":{"line":11,"column":40}},"5":{"start":{"line":12,"column":27},"end":{"line":12,"column":38}},"6":{"start":{"line":13,"column":27},"end":{"line":13,"column":38}},"7":{"start":{"line":14,"column":36},"end":{"line":14,"column":47}},"8":{"start":{"line":15,"column":34},"end":{"line":15,"column":45}},"9":{"start":{"line":16,"column":48},"end":{"line":16,"column":60}},"10":{"start":{"line":18,"column":2},"end":{"line":21,"column":18}},"11":{"start":{"line":19,"column":4},"end":{"line":19,"column":31}},"12":{"start":{"line":20,"column":4},"end":{"line":20,"column":40}},"13":{"start":{"line":23,"column":2},"end":{"line":26,"column":13}},"14":{"start":{"line":24,"column":4},"end":{"line":24,"column":17}},"15":{"start":{"line":25,"column":4},"end":{"line":25,"column":16}},"16":{"start":{"line":28,"column":15},"end":{"line":32,"column":3}},"17":{"start":{"line":29,"column":4},"end":{"line":31,"column":5}},"18":{"start":{"line":30,"column":6},"end":{"line":30,"column":51}},"19":{"start":{"line":30,"column":24},"end":{"line":30,"column":50}},"20":{"start":{"line":34,"column":21},"end":{"line":38,"column":3}},"21":{"start":{"line":35,"column":4},"end":{"line":37,"column":5}},"22":{"start":{"line":36,"column":6},"end":{"line":36,"column":59}},"23":{"start":{"line":36,"column":24},"end":{"line":36,"column":58}},"24":{"start":{"line":39,"column":22},"end":{"line":46,"column":3}},"25":{"start":{"line":40,"column":4},"end":{"line":40,"column":54}},"26":{"start":{"line":40,"column":15},"end":{"line":40,"column":53}},"27":{"start":{"line":41,"column":4},"end":{"line":41,"column":54}},"28":{"start":{"line":41,"column":15},"end":{"line":41,"column":53}},"29":{"start":{"line":42,"column":4},"end":{"line":42,"column":54}},"30":{"start":{"line":42,"column":15},"end":{"line":42,"column":53}},"31":{"start":{"line":43,"column":4},"end":{"line":43,"column":54}},"32":{"start":{"line":43,"column":15},"end":{"line":43,"column":53}},"33":{"start":{"line":44,"column":4},"end":{"line":44,"column":54}},"34":{"start":{"line":44,"column":15},"end":{"line":44,"column":53}},"35":{"start":{"line":45,"column":4},"end":{"line":45,"column":60}},"36":{"start":{"line":45,"column":26},"end":{"line":45,"column":59}},"37":{"start":{"line":47,"column":21},"end":{"line":51,"column":3}},"38":{"start":{"line":48,"column":4},"end":{"line":50,"column":5}},"39":{"start":{"line":49,"column":6},"end":{"line":49,"column":98}},"40":{"start":{"line":49,"column":35},"end":{"line":49,"column":97}},"41":{"start":{"line":53,"column":22},"end":{"line":119,"column":3}},"42":{"start":{"line":54,"column":4},"end":{"line":118,"column":5}},"43":{"start":{"line":54,"column":17},"end":{"line":54,"column":18}},"44":{"start":{"line":55,"column":6},"end":{"line":117,"column":7}},"45":{"start":{"line":121,"column":2},"end":{"line":161,"column":3}},"46":{"start":{"line":149,"column":12},"end":{"line":152,"column":18}}},"fnMap":{"0":{"name":"(anonymous_0)","decl":{"start":{"line":7,"column":21},"end":{"line":7,"column":22}},"loc":{"start":{"line":7,"column":32},"end":{"line":162,"column":1}},"line":7},"1":{"name":"(anonymous_1)","decl":{"start":{"line":18,"column":12},"end":{"line":18,"column":13}},"loc":{"start":{"line":18,"column":18},"end":{"line":21,"column":3}},"line":18},"2":{"name":"(anonymous_2)","decl":{"start":{"line":23,"column":12},"end":{"line":23,"column":13}},"loc":{"start":{"line":23,"column":18},"end":{"line":26,"column":3}},"line":23},"3":{"name":"(anonymous_3)","decl":{"start":{"line":28,"column":15},"end":{"line":28,"column":16}},"loc":{"start":{"line":28,"column":33},"end":{"line":32,"column":3}},"line":28},"4":{"name":"(anonymous_4)","decl":{"start":{"line":30,"column":14},"end":{"line":30,"column":15}},"loc":{"start":{"line":30,"column":24},"end":{"line":30,"column":50}},"line":30},"5":{"name":"(anonymous_5)","decl":{"start":{"line":34,"column":21},"end":{"line":34,"column":22}},"loc":{"start":{"line":34,"column":39},"end":{"line":38,"column":3}},"line":34},"6":{"name":"(anonymous_6)","decl":{"start":{"line":36,"column":14},"end":{"line":36,"column":15}},"loc":{"start":{"line":36,"column":24},"end":{"line":36,"column":58}},"line":36},"7":{"name":"(anonymous_7)","decl":{"start":{"line":39,"column":22},"end":{"line":39,"column":23}},"loc":{"start":{"line":39,"column":28},"end":{"line":46,"column":3}},"line":39},"8":{"name":"(anonymous_8)","decl":{"start":{"line":40,"column":9},"end":{"line":40,"column":10}},"loc":{"start":{"line":40,"column":15},"end":{"line":40,"column":53}},"line":40},"9":{"name":"(anonymous_9)","decl":{"start":{"line":41,"column":9},"end":{"line":41,"column":10}},"loc":{"start":{"line":41,"column":15},"end":{"line":41,"column":53}},"line":41},"10":{"name":"(anonymous_10)","decl":{"start":{"line":42,"column":9},"end":{"line":42,"column":10}},"loc":{"start":{"line":42,"column":15},"end":{"line":42,"column":53}},"line":42},"11":{"name":"(anonymous_11)","decl":{"start":{"line":43,"column":9},"end":{"line":43,"column":10}},"loc":{"start":{"line":43,"column":15},"end":{"line":43,"column":53}},"line":43},"12":{"name":"(anonymous_12)","decl":{"start":{"line":44,"column":9},"end":{"line":44,"column":10}},"loc":{"start":{"line":44,"column":15},"end":{"line":44,"column":53}},"line":44},"13":{"name":"(anonymous_13)","decl":{"start":{"line":45,"column":16},"end":{"line":45,"column":17}},"loc":{"start":{"line":45,"column":26},"end":{"line":45,"column":59}},"line":45},"14":{"name":"(anonymous_14)","decl":{"start":{"line":47,"column":21},"end":{"line":47,"column":22}},"loc":{"start":{"line":47,"column":27},"end":{"line":51,"column":3}},"line":47},"15":{"name":"(anonymous_15)","decl":{"start":{"line":49,"column":25},"end":{"line":49,"column":26}},"loc":{"start":{"line":49,"column":35},"end":{"line":49,"column":97}},"line":49},"16":{"name":"(anonymous_16)","decl":{"start":{"line":53,"column":22},"end":{"line":53,"column":23}},"loc":{"start":{"line":53,"column":28},"end":{"line":119,"column":3}},"line":53},"17":{"name":"(anonymous_17)","decl":{"start":{"line":148,"column":29},"end":{"line":148,"column":30}},"loc":{"start":{"line":149,"column":12},"end":{"line":152,"column":18}},"line":149}},"branchMap":{"0":{"loc":{"start":{"line":45,"column":26},"end":{"line":45,"column":59}},"type":"cond-expr","locations":[{"start":{"line":45,"column":40},"end":{"line":45,"column":52}},{"start":{"line":45,"column":55},"end":{"line":45,"column":59}}],"line":45},"1":{"loc":{"start":{"line":113,"column":15},"end":{"line":113,"column":34}},"type":"binary-expr","locations":[{"start":{"line":113,"column":15},"end":{"line":113,"column":29}},{"start":{"line":113,"column":33},"end":{"line":113,"column":34}}],"line":113}},"s":{"0":1,"1":8,"2":8,"3":8,"4":8,"5":8,"6":8,"7":8,"8":8,"9":8,"10":8,"11":4,"12":4,"13":8,"14":4,"15":4,"16":8,"17":4,"18":0,"19":0,"20":8,"21":4,"22":0,"23":0,"24":8,"25":4,"26":4,"27":4,"28":4,"29":4,"30":4,"31":4,"32":4,"33":4,"34":4,"35":4,"36":4,"37":8,"38":4,"39":0,"40":0,"41":8,"42":8,"43":8,"44":8,"45":8,"46":0},"f":{"0":8,"1":4,"2":4,"3":4,"4":0,"5":4,"6":0,"7":4,"8":4,"9":4,"10":4,"11":4,"12":4,"13":4,"14":4,"15":0,"16":8,"17":0},"b":{"0":[0,4],"1":[8,8]},"_coverageSchema":"1a1c01bbd47fc00a2c39e90264f33305004495a9","hash":"b17f807fb715e4af6196f0bbd02c72130934b70c"}
,"/Users/pritam/hackreactor/sei/FEC/client/src/components/RatingsReviews/components/AddReview/AddReview.jsx": {"path":"/Users/pritam/hackreactor/sei/FEC/client/src/components/RatingsReviews/components/AddReview/AddReview.jsx","statementMap":{"0":{"start":{"line":9,"column":14},"end":{"line":11,"column":1}},"1":{"start":{"line":12,"column":16},"end":{"line":14,"column":1}},"2":{"start":{"line":17,"column":13},"end":{"line":17,"column":164}},"3":{"start":{"line":18,"column":2},"end":{"line":18,"column":46}},"4":{"start":{"line":21,"column":18},"end":{"line":200,"column":1}},"5":{"start":{"line":22,"column":28},"end":{"line":22,"column":40}},"6":{"start":{"line":23,"column":26},"end":{"line":23,"column":38}},"7":{"start":{"line":24,"column":32},"end":{"line":24,"column":44}},"8":{"start":{"line":25,"column":30},"end":{"line":25,"column":42}},"9":{"start":{"line":26,"column":30},"end":{"line":26,"column":42}},"10":{"start":{"line":27,"column":36},"end":{"line":27,"column":51}},"11":{"start":{"line":28,"column":26},"end":{"line":28,"column":40}},"12":{"start":{"line":29,"column":28},"end":{"line":29,"column":42}},"13":{"start":{"line":30,"column":32},"end":{"line":30,"column":46}},"14":{"start":{"line":31,"column":32},"end":{"line":31,"column":46}},"15":{"start":{"line":32,"column":30},"end":{"line":32,"column":44}},"16":{"start":{"line":33,"column":24},"end":{"line":33,"column":38}},"17":{"start":{"line":34,"column":28},"end":{"line":34,"column":40}},"18":{"start":{"line":36,"column":19},"end":{"line":68,"column":3}},"19":{"start":{"line":37,"column":4},"end":{"line":37,"column":22}},"20":{"start":{"line":38,"column":4},"end":{"line":67,"column":5}},"21":{"start":{"line":39,"column":6},"end":{"line":64,"column":39}},"22":{"start":{"line":62,"column":35},"end":{"line":62,"column":40}},"23":{"start":{"line":63,"column":18},"end":{"line":63,"column":39}},"24":{"start":{"line":64,"column":22},"end":{"line":64,"column":38}},"25":{"start":{"line":66,"column":6},"end":{"line":66,"column":67}},"26":{"start":{"line":70,"column":16},"end":{"line":72,"column":3}},"27":{"start":{"line":71,"column":4},"end":{"line":71,"column":16}},"28":{"start":{"line":71,"column":13},"end":{"line":71,"column":15}},"29":{"start":{"line":73,"column":19},"end":{"line":79,"column":3}},"30":{"start":{"line":74,"column":4},"end":{"line":78,"column":5}},"31":{"start":{"line":75,"column":6},"end":{"line":75,"column":52}},"32":{"start":{"line":75,"column":23},"end":{"line":75,"column":51}},"33":{"start":{"line":77,"column":6},"end":{"line":77,"column":36}},"34":{"start":{"line":80,"column":21},"end":{"line":90,"column":3}},"35":{"start":{"line":81,"column":4},"end":{"line":89,"column":5}},"36":{"start":{"line":82,"column":6},"end":{"line":84,"column":7}},"37":{"start":{"line":86,"column":6},"end":{"line":88,"column":7}},"38":{"start":{"line":92,"column":2},"end":{"line":199,"column":3}},"39":{"start":{"line":97,"column":52},"end":{"line":97,"column":82}},"40":{"start":{"line":97,"column":67},"end":{"line":97,"column":81}},"41":{"start":{"line":101,"column":51},"end":{"line":101,"column":80}},"42":{"start":{"line":101,"column":65},"end":{"line":101,"column":79}},"43":{"start":{"line":110,"column":54},"end":{"line":110,"column":86}},"44":{"start":{"line":110,"column":71},"end":{"line":110,"column":85}},"45":{"start":{"line":116,"column":85},"end":{"line":116,"column":116}},"46":{"start":{"line":116,"column":101},"end":{"line":116,"column":115}},"47":{"start":{"line":124,"column":41},"end":{"line":124,"column":70}},"48":{"start":{"line":124,"column":55},"end":{"line":124,"column":69}},"49":{"start":{"line":125,"column":41},"end":{"line":125,"column":70}},"50":{"start":{"line":125,"column":55},"end":{"line":125,"column":69}},"51":{"start":{"line":126,"column":41},"end":{"line":126,"column":70}},"52":{"start":{"line":126,"column":55},"end":{"line":126,"column":69}},"53":{"start":{"line":127,"column":41},"end":{"line":127,"column":70}},"54":{"start":{"line":127,"column":55},"end":{"line":127,"column":69}},"55":{"start":{"line":128,"column":41},"end":{"line":128,"column":70}},"56":{"start":{"line":128,"column":55},"end":{"line":128,"column":69}},"57":{"start":{"line":134,"column":41},"end":{"line":134,"column":71}},"58":{"start":{"line":134,"column":56},"end":{"line":134,"column":70}},"59":{"start":{"line":135,"column":41},"end":{"line":135,"column":71}},"60":{"start":{"line":135,"column":56},"end":{"line":135,"column":70}},"61":{"start":{"line":136,"column":41},"end":{"line":136,"column":71}},"62":{"start":{"line":136,"column":56},"end":{"line":136,"column":70}},"63":{"start":{"line":137,"column":41},"end":{"line":137,"column":71}},"64":{"start":{"line":137,"column":56},"end":{"line":137,"column":70}},"65":{"start":{"line":138,"column":41},"end":{"line":138,"column":71}},"66":{"start":{"line":138,"column":56},"end":{"line":138,"column":70}},"67":{"start":{"line":144,"column":41},"end":{"line":144,"column":73}},"68":{"start":{"line":144,"column":58},"end":{"line":144,"column":72}},"69":{"start":{"line":145,"column":41},"end":{"line":145,"column":73}},"70":{"start":{"line":145,"column":58},"end":{"line":145,"column":72}},"71":{"start":{"line":146,"column":41},"end":{"line":146,"column":73}},"72":{"start":{"line":146,"column":58},"end":{"line":146,"column":72}},"73":{"start":{"line":147,"column":41},"end":{"line":147,"column":73}},"74":{"start":{"line":147,"column":58},"end":{"line":147,"column":72}},"75":{"start":{"line":148,"column":41},"end":{"line":148,"column":73}},"76":{"start":{"line":148,"column":58},"end":{"line":148,"column":72}},"77":{"start":{"line":154,"column":41},"end":{"line":154,"column":72}},"78":{"start":{"line":154,"column":57},"end":{"line":154,"column":71}},"79":{"start":{"line":155,"column":41},"end":{"line":155,"column":72}},"80":{"start":{"line":155,"column":57},"end":{"line":155,"column":71}},"81":{"start":{"line":156,"column":41},"end":{"line":156,"column":72}},"82":{"start":{"line":156,"column":57},"end":{"line":156,"column":71}},"83":{"start":{"line":157,"column":41},"end":{"line":157,"column":72}},"84":{"start":{"line":157,"column":57},"end":{"line":157,"column":71}},"85":{"start":{"line":158,"column":41},"end":{"line":158,"column":72}},"86":{"start":{"line":158,"column":57},"end":{"line":158,"column":71}},"87":{"start":{"line":164,"column":41},"end":{"line":164,"column":73}},"88":{"start":{"line":164,"column":58},"end":{"line":164,"column":72}},"89":{"start":{"line":165,"column":41},"end":{"line":165,"column":73}},"90":{"start":{"line":165,"column":58},"end":{"line":165,"column":72}},"91":{"start":{"line":166,"column":41},"end":{"line":166,"column":73}},"92":{"start":{"line":166,"column":58},"end":{"line":166,"column":72}},"93":{"start":{"line":167,"column":41},"end":{"line":167,"column":73}},"94":{"start":{"line":167,"column":58},"end":{"line":167,"column":72}},"95":{"start":{"line":168,"column":41},"end":{"line":168,"column":73}},"96":{"start":{"line":168,"column":58},"end":{"line":168,"column":72}},"97":{"start":{"line":174,"column":41},"end":{"line":174,"column":69}},"98":{"start":{"line":174,"column":54},"end":{"line":174,"column":68}},"99":{"start":{"line":175,"column":41},"end":{"line":175,"column":69}},"100":{"start":{"line":175,"column":54},"end":{"line":175,"column":68}},"101":{"start":{"line":176,"column":41},"end":{"line":176,"column":69}},"102":{"start":{"line":176,"column":54},"end":{"line":176,"column":68}},"103":{"start":{"line":177,"column":41},"end":{"line":177,"column":69}},"104":{"start":{"line":177,"column":54},"end":{"line":177,"column":68}},"105":{"start":{"line":178,"column":41},"end":{"line":178,"column":69}},"106":{"start":{"line":178,"column":54},"end":{"line":178,"column":68}},"107":{"start":{"line":182,"column":50},"end":{"line":182,"column":68}},"108":{"start":{"line":182,"column":66},"end":{"line":182,"column":67}},"109":{"start":{"line":184,"column":36},"end":{"line":184,"column":64}},"110":{"start":{"line":184,"column":58},"end":{"line":184,"column":63}},"111":{"start":{"line":189,"column":32},"end":{"line":189,"column":43}},"112":{"start":{"line":195,"column":27},"end":{"line":195,"column":41}}},"fnMap":{"0":{"name":"validateEmail","decl":{"start":{"line":16,"column":9},"end":{"line":16,"column":22}},"loc":{"start":{"line":16,"column":30},"end":{"line":19,"column":1}},"line":16},"1":{"name":"(anonymous_1)","decl":{"start":{"line":21,"column":18},"end":{"line":21,"column":19}},"loc":{"start":{"line":21,"column":29},"end":{"line":200,"column":1}},"line":21},"2":{"name":"(anonymous_2)","decl":{"start":{"line":36,"column":19},"end":{"line":36,"column":20}},"loc":{"start":{"line":36,"column":26},"end":{"line":68,"column":3}},"line":36},"3":{"name":"(anonymous_3)","decl":{"start":{"line":62,"column":25},"end":{"line":62,"column":26}},"loc":{"start":{"line":62,"column":35},"end":{"line":62,"column":40}},"line":62},"4":{"name":"(anonymous_4)","decl":{"start":{"line":63,"column":12},"end":{"line":63,"column":13}},"loc":{"start":{"line":63,"column":18},"end":{"line":63,"column":39}},"line":63},"5":{"name":"(anonymous_5)","decl":{"start":{"line":64,"column":13},"end":{"line":64,"column":14}},"loc":{"start":{"line":64,"column":22},"end":{"line":64,"column":38}},"line":64},"6":{"name":"(anonymous_6)","decl":{"start":{"line":70,"column":16},"end":{"line":70,"column":17}},"loc":{"start":{"line":70,"column":24},"end":{"line":72,"column":3}},"line":70},"7":{"name":"(anonymous_7)","decl":{"start":{"line":71,"column":7},"end":{"line":71,"column":8}},"loc":{"start":{"line":71,"column":13},"end":{"line":71,"column":15}},"line":71},"8":{"name":"(anonymous_8)","decl":{"start":{"line":73,"column":19},"end":{"line":73,"column":20}},"loc":{"start":{"line":73,"column":26},"end":{"line":79,"column":3}},"line":73},"9":{"name":"(anonymous_9)","decl":{"start":{"line":75,"column":15},"end":{"line":75,"column":16}},"loc":{"start":{"line":75,"column":23},"end":{"line":75,"column":51}},"line":75},"10":{"name":"(anonymous_10)","decl":{"start":{"line":80,"column":21},"end":{"line":80,"column":22}},"loc":{"start":{"line":80,"column":27},"end":{"line":90,"column":3}},"line":80},"11":{"name":"(anonymous_11)","decl":{"start":{"line":97,"column":46},"end":{"line":97,"column":47}},"loc":{"start":{"line":97,"column":52},"end":{"line":97,"column":82}},"line":97},"12":{"name":"(anonymous_12)","decl":{"start":{"line":97,"column":61},"end":{"line":97,"column":62}},"loc":{"start":{"line":97,"column":67},"end":{"line":97,"column":81}},"line":97},"13":{"name":"(anonymous_13)","decl":{"start":{"line":101,"column":45},"end":{"line":101,"column":46}},"loc":{"start":{"line":101,"column":51},"end":{"line":101,"column":80}},"line":101},"14":{"name":"(anonymous_14)","decl":{"start":{"line":101,"column":59},"end":{"line":101,"column":60}},"loc":{"start":{"line":101,"column":65},"end":{"line":101,"column":79}},"line":101},"15":{"name":"(anonymous_15)","decl":{"start":{"line":110,"column":48},"end":{"line":110,"column":49}},"loc":{"start":{"line":110,"column":54},"end":{"line":110,"column":86}},"line":110},"16":{"name":"(anonymous_16)","decl":{"start":{"line":110,"column":65},"end":{"line":110,"column":66}},"loc":{"start":{"line":110,"column":71},"end":{"line":110,"column":85}},"line":110},"17":{"name":"(anonymous_17)","decl":{"start":{"line":116,"column":79},"end":{"line":116,"column":80}},"loc":{"start":{"line":116,"column":85},"end":{"line":116,"column":116}},"line":116},"18":{"name":"(anonymous_18)","decl":{"start":{"line":116,"column":95},"end":{"line":116,"column":96}},"loc":{"start":{"line":116,"column":101},"end":{"line":116,"column":115}},"line":116},"19":{"name":"(anonymous_19)","decl":{"start":{"line":124,"column":35},"end":{"line":124,"column":36}},"loc":{"start":{"line":124,"column":41},"end":{"line":124,"column":70}},"line":124},"20":{"name":"(anonymous_20)","decl":{"start":{"line":124,"column":49},"end":{"line":124,"column":50}},"loc":{"start":{"line":124,"column":55},"end":{"line":124,"column":69}},"line":124},"21":{"name":"(anonymous_21)","decl":{"start":{"line":125,"column":35},"end":{"line":125,"column":36}},"loc":{"start":{"line":125,"column":41},"end":{"line":125,"column":70}},"line":125},"22":{"name":"(anonymous_22)","decl":{"start":{"line":125,"column":49},"end":{"line":125,"column":50}},"loc":{"start":{"line":125,"column":55},"end":{"line":125,"column":69}},"line":125},"23":{"name":"(anonymous_23)","decl":{"start":{"line":126,"column":35},"end":{"line":126,"column":36}},"loc":{"start":{"line":126,"column":41},"end":{"line":126,"column":70}},"line":126},"24":{"name":"(anonymous_24)","decl":{"start":{"line":126,"column":49},"end":{"line":126,"column":50}},"loc":{"start":{"line":126,"column":55},"end":{"line":126,"column":69}},"line":126},"25":{"name":"(anonymous_25)","decl":{"start":{"line":127,"column":35},"end":{"line":127,"column":36}},"loc":{"start":{"line":127,"column":41},"end":{"line":127,"column":70}},"line":127},"26":{"name":"(anonymous_26)","decl":{"start":{"line":127,"column":49},"end":{"line":127,"column":50}},"loc":{"start":{"line":127,"column":55},"end":{"line":127,"column":69}},"line":127},"27":{"name":"(anonymous_27)","decl":{"start":{"line":128,"column":35},"end":{"line":128,"column":36}},"loc":{"start":{"line":128,"column":41},"end":{"line":128,"column":70}},"line":128},"28":{"name":"(anonymous_28)","decl":{"start":{"line":128,"column":49},"end":{"line":128,"column":50}},"loc":{"start":{"line":128,"column":55},"end":{"line":128,"column":69}},"line":128},"29":{"name":"(anonymous_29)","decl":{"start":{"line":134,"column":35},"end":{"line":134,"column":36}},"loc":{"start":{"line":134,"column":41},"end":{"line":134,"column":71}},"line":134},"30":{"name":"(anonymous_30)","decl":{"start":{"line":134,"column":50},"end":{"line":134,"column":51}},"loc":{"start":{"line":134,"column":56},"end":{"line":134,"column":70}},"line":134},"31":{"name":"(anonymous_31)","decl":{"start":{"line":135,"column":35},"end":{"line":135,"column":36}},"loc":{"start":{"line":135,"column":41},"end":{"line":135,"column":71}},"line":135},"32":{"name":"(anonymous_32)","decl":{"start":{"line":135,"column":50},"end":{"line":135,"column":51}},"loc":{"start":{"line":135,"column":56},"end":{"line":135,"column":70}},"line":135},"33":{"name":"(anonymous_33)","decl":{"start":{"line":136,"column":35},"end":{"line":136,"column":36}},"loc":{"start":{"line":136,"column":41},"end":{"line":136,"column":71}},"line":136},"34":{"name":"(anonymous_34)","decl":{"start":{"line":136,"column":50},"end":{"line":136,"column":51}},"loc":{"start":{"line":136,"column":56},"end":{"line":136,"column":70}},"line":136},"35":{"name":"(anonymous_35)","decl":{"start":{"line":137,"column":35},"end":{"line":137,"column":36}},"loc":{"start":{"line":137,"column":41},"end":{"line":137,"column":71}},"line":137},"36":{"name":"(anonymous_36)","decl":{"start":{"line":137,"column":50},"end":{"line":137,"column":51}},"loc":{"start":{"line":137,"column":56},"end":{"line":137,"column":70}},"line":137},"37":{"name":"(anonymous_37)","decl":{"start":{"line":138,"column":35},"end":{"line":138,"column":36}},"loc":{"start":{"line":138,"column":41},"end":{"line":138,"column":71}},"line":138},"38":{"name":"(anonymous_38)","decl":{"start":{"line":138,"column":50},"end":{"line":138,"column":51}},"loc":{"start":{"line":138,"column":56},"end":{"line":138,"column":70}},"line":138},"39":{"name":"(anonymous_39)","decl":{"start":{"line":144,"column":35},"end":{"line":144,"column":36}},"loc":{"start":{"line":144,"column":41},"end":{"line":144,"column":73}},"line":144},"40":{"name":"(anonymous_40)","decl":{"start":{"line":144,"column":52},"end":{"line":144,"column":53}},"loc":{"start":{"line":144,"column":58},"end":{"line":144,"column":72}},"line":144},"41":{"name":"(anonymous_41)","decl":{"start":{"line":145,"column":35},"end":{"line":145,"column":36}},"loc":{"start":{"line":145,"column":41},"end":{"line":145,"column":73}},"line":145},"42":{"name":"(anonymous_42)","decl":{"start":{"line":145,"column":52},"end":{"line":145,"column":53}},"loc":{"start":{"line":145,"column":58},"end":{"line":145,"column":72}},"line":145},"43":{"name":"(anonymous_43)","decl":{"start":{"line":146,"column":35},"end":{"line":146,"column":36}},"loc":{"start":{"line":146,"column":41},"end":{"line":146,"column":73}},"line":146},"44":{"name":"(anonymous_44)","decl":{"start":{"line":146,"column":52},"end":{"line":146,"column":53}},"loc":{"start":{"line":146,"column":58},"end":{"line":146,"column":72}},"line":146},"45":{"name":"(anonymous_45)","decl":{"start":{"line":147,"column":35},"end":{"line":147,"column":36}},"loc":{"start":{"line":147,"column":41},"end":{"line":147,"column":73}},"line":147},"46":{"name":"(anonymous_46)","decl":{"start":{"line":147,"column":52},"end":{"line":147,"column":53}},"loc":{"start":{"line":147,"column":58},"end":{"line":147,"column":72}},"line":147},"47":{"name":"(anonymous_47)","decl":{"start":{"line":148,"column":35},"end":{"line":148,"column":36}},"loc":{"start":{"line":148,"column":41},"end":{"line":148,"column":73}},"line":148},"48":{"name":"(anonymous_48)","decl":{"start":{"line":148,"column":52},"end":{"line":148,"column":53}},"loc":{"start":{"line":148,"column":58},"end":{"line":148,"column":72}},"line":148},"49":{"name":"(anonymous_49)","decl":{"start":{"line":154,"column":35},"end":{"line":154,"column":36}},"loc":{"start":{"line":154,"column":41},"end":{"line":154,"column":72}},"line":154},"50":{"name":"(anonymous_50)","decl":{"start":{"line":154,"column":51},"end":{"line":154,"column":52}},"loc":{"start":{"line":154,"column":57},"end":{"line":154,"column":71}},"line":154},"51":{"name":"(anonymous_51)","decl":{"start":{"line":155,"column":35},"end":{"line":155,"column":36}},"loc":{"start":{"line":155,"column":41},"end":{"line":155,"column":72}},"line":155},"52":{"name":"(anonymous_52)","decl":{"start":{"line":155,"column":51},"end":{"line":155,"column":52}},"loc":{"start":{"line":155,"column":57},"end":{"line":155,"column":71}},"line":155},"53":{"name":"(anonymous_53)","decl":{"start":{"line":156,"column":35},"end":{"line":156,"column":36}},"loc":{"start":{"line":156,"column":41},"end":{"line":156,"column":72}},"line":156},"54":{"name":"(anonymous_54)","decl":{"start":{"line":156,"column":51},"end":{"line":156,"column":52}},"loc":{"start":{"line":156,"column":57},"end":{"line":156,"column":71}},"line":156},"55":{"name":"(anonymous_55)","decl":{"start":{"line":157,"column":35},"end":{"line":157,"column":36}},"loc":{"start":{"line":157,"column":41},"end":{"line":157,"column":72}},"line":157},"56":{"name":"(anonymous_56)","decl":{"start":{"line":157,"column":51},"end":{"line":157,"column":52}},"loc":{"start":{"line":157,"column":57},"end":{"line":157,"column":71}},"line":157},"57":{"name":"(anonymous_57)","decl":{"start":{"line":158,"column":35},"end":{"line":158,"column":36}},"loc":{"start":{"line":158,"column":41},"end":{"line":158,"column":72}},"line":158},"58":{"name":"(anonymous_58)","decl":{"start":{"line":158,"column":51},"end":{"line":158,"column":52}},"loc":{"start":{"line":158,"column":57},"end":{"line":158,"column":71}},"line":158},"59":{"name":"(anonymous_59)","decl":{"start":{"line":164,"column":35},"end":{"line":164,"column":36}},"loc":{"start":{"line":164,"column":41},"end":{"line":164,"column":73}},"line":164},"60":{"name":"(anonymous_60)","decl":{"start":{"line":164,"column":52},"end":{"line":164,"column":53}},"loc":{"start":{"line":164,"column":58},"end":{"line":164,"column":72}},"line":164},"61":{"name":"(anonymous_61)","decl":{"start":{"line":165,"column":35},"end":{"line":165,"column":36}},"loc":{"start":{"line":165,"column":41},"end":{"line":165,"column":73}},"line":165},"62":{"name":"(anonymous_62)","decl":{"start":{"line":165,"column":52},"end":{"line":165,"column":53}},"loc":{"start":{"line":165,"column":58},"end":{"line":165,"column":72}},"line":165},"63":{"name":"(anonymous_63)","decl":{"start":{"line":166,"column":35},"end":{"line":166,"column":36}},"loc":{"start":{"line":166,"column":41},"end":{"line":166,"column":73}},"line":166},"64":{"name":"(anonymous_64)","decl":{"start":{"line":166,"column":52},"end":{"line":166,"column":53}},"loc":{"start":{"line":166,"column":58},"end":{"line":166,"column":72}},"line":166},"65":{"name":"(anonymous_65)","decl":{"start":{"line":167,"column":35},"end":{"line":167,"column":36}},"loc":{"start":{"line":167,"column":41},"end":{"line":167,"column":73}},"line":167},"66":{"name":"(anonymous_66)","decl":{"start":{"line":167,"column":52},"end":{"line":167,"column":53}},"loc":{"start":{"line":167,"column":58},"end":{"line":167,"column":72}},"line":167},"67":{"name":"(anonymous_67)","decl":{"start":{"line":168,"column":35},"end":{"line":168,"column":36}},"loc":{"start":{"line":168,"column":41},"end":{"line":168,"column":73}},"line":168},"68":{"name":"(anonymous_68)","decl":{"start":{"line":168,"column":52},"end":{"line":168,"column":53}},"loc":{"start":{"line":168,"column":58},"end":{"line":168,"column":72}},"line":168},"69":{"name":"(anonymous_69)","decl":{"start":{"line":174,"column":35},"end":{"line":174,"column":36}},"loc":{"start":{"line":174,"column":41},"end":{"line":174,"column":69}},"line":174},"70":{"name":"(anonymous_70)","decl":{"start":{"line":174,"column":48},"end":{"line":174,"column":49}},"loc":{"start":{"line":174,"column":54},"end":{"line":174,"column":68}},"line":174},"71":{"name":"(anonymous_71)","decl":{"start":{"line":175,"column":35},"end":{"line":175,"column":36}},"loc":{"start":{"line":175,"column":41},"end":{"line":175,"column":69}},"line":175},"72":{"name":"(anonymous_72)","decl":{"start":{"line":175,"column":48},"end":{"line":175,"column":49}},"loc":{"start":{"line":175,"column":54},"end":{"line":175,"column":68}},"line":175},"73":{"name":"(anonymous_73)","decl":{"start":{"line":176,"column":35},"end":{"line":176,"column":36}},"loc":{"start":{"line":176,"column":41},"end":{"line":176,"column":69}},"line":176},"74":{"name":"(anonymous_74)","decl":{"start":{"line":176,"column":48},"end":{"line":176,"column":49}},"loc":{"start":{"line":176,"column":54},"end":{"line":176,"column":68}},"line":176},"75":{"name":"(anonymous_75)","decl":{"start":{"line":177,"column":35},"end":{"line":177,"column":36}},"loc":{"start":{"line":177,"column":41},"end":{"line":177,"column":69}},"line":177},"76":{"name":"(anonymous_76)","decl":{"start":{"line":177,"column":48},"end":{"line":177,"column":49}},"loc":{"start":{"line":177,"column":54},"end":{"line":177,"column":68}},"line":177},"77":{"name":"(anonymous_77)","decl":{"start":{"line":178,"column":35},"end":{"line":178,"column":36}},"loc":{"start":{"line":178,"column":41},"end":{"line":178,"column":69}},"line":178},"78":{"name":"(anonymous_78)","decl":{"start":{"line":178,"column":48},"end":{"line":178,"column":49}},"loc":{"start":{"line":178,"column":54},"end":{"line":178,"column":68}},"line":178},"79":{"name":"(anonymous_79)","decl":{"start":{"line":182,"column":44},"end":{"line":182,"column":45}},"loc":{"start":{"line":182,"column":50},"end":{"line":182,"column":68}},"line":182},"80":{"name":"(anonymous_80)","decl":{"start":{"line":182,"column":60},"end":{"line":182,"column":61}},"loc":{"start":{"line":182,"column":66},"end":{"line":182,"column":67}},"line":182},"81":{"name":"(anonymous_81)","decl":{"start":{"line":184,"column":30},"end":{"line":184,"column":31}},"loc":{"start":{"line":184,"column":36},"end":{"line":184,"column":64}},"line":184},"82":{"name":"(anonymous_82)","decl":{"start":{"line":184,"column":49},"end":{"line":184,"column":50}},"loc":{"start":{"line":184,"column":58},"end":{"line":184,"column":63}},"line":184},"83":{"name":"(anonymous_83)","decl":{"start":{"line":189,"column":25},"end":{"line":189,"column":26}},"loc":{"start":{"line":189,"column":32},"end":{"line":189,"column":43}},"line":189},"84":{"name":"(anonymous_84)","decl":{"start":{"line":195,"column":21},"end":{"line":195,"column":22}},"loc":{"start":{"line":195,"column":27},"end":{"line":195,"column":41}},"line":195}},"branchMap":{"0":{"loc":{"start":{"line":38,"column":4},"end":{"line":67,"column":5}},"type":"if","locations":[{"start":{"line":38,"column":4},"end":{"line":67,"column":5}},{"start":{"line":38,"column":4},"end":{"line":67,"column":5}}],"line":38},"1":{"loc":{"start":{"line":38,"column":8},"end":{"line":38,"column":92}},"type":"binary-expr","locations":[{"start":{"line":38,"column":8},"end":{"line":38,"column":26}},{"start":{"line":38,"column":30},"end":{"line":38,"column":49}},{"start":{"line":38,"column":53},"end":{"line":38,"column":73}},{"start":{"line":38,"column":77},"end":{"line":38,"column":92}}],"line":38},"2":{"loc":{"start":{"line":74,"column":4},"end":{"line":78,"column":5}},"type":"if","locations":[{"start":{"line":74,"column":4},"end":{"line":78,"column":5}},{"start":{"line":74,"column":4},"end":{"line":78,"column":5}}],"line":74},"3":{"loc":{"start":{"line":81,"column":4},"end":{"line":89,"column":5}},"type":"if","locations":[{"start":{"line":81,"column":4},"end":{"line":89,"column":5}},{"start":{"line":81,"column":4},"end":{"line":89,"column":5}}],"line":81}},"s":{"0":1,"1":1,"2":0,"3":0,"4":1,"5":0,"6":0,"7":0,"8":0,"9":0,"10":0,"11":0,"12":0,"13":0,"14":0,"15":0,"16":0,"17":0,"18":0,"19":0,"20":0,"21":0,"22":0,"23":0,"24":0,"25":0,"26":0,"27":0,"28":0,"29":0,"30":0,"31":0,"32":0,"33":0,"34":0,"35":0,"36":0,"37":0,"38":0,"39":0,"40":0,"41":0,"42":0,"43":0,"44":0,"45":0,"46":0,"47":0,"48":0,"49":0,"50":0,"51":0,"52":0,"53":0,"54":0,"55":0,"56":0,"57":0,"58":0,"59":0,"60":0,"61":0,"62":0,"63":0,"64":0,"65":0,"66":0,"67":0,"68":0,"69":0,"70":0,"71":0,"72":0,"73":0,"74":0,"75":0,"76":0,"77":0,"78":0,"79":0,"80":0,"81":0,"82":0,"83":0,"84":0,"85":0,"86":0,"87":0,"88":0,"89":0,"90":0,"91":0,"92":0,"93":0,"94":0,"95":0,"96":0,"97":0,"98":0,"99":0,"100":0,"101":0,"102":0,"103":0,"104":0,"105":0,"106":0,"107":0,"108":0,"109":0,"110":0,"111":0,"112":0},"f":{"0":0,"1":0,"2":0,"3":0,"4":0,"5":0,"6":0,"7":0,"8":0,"9":0,"10":0,"11":0,"12":0,"13":0,"14":0,"15":0,"16":0,"17":0,"18":0,"19":0,"20":0,"21":0,"22":0,"23":0,"24":0,"25":0,"26":0,"27":0,"28":0,"29":0,"30":0,"31":0,"32":0,"33":0,"34":0,"35":0,"36":0,"37":0,"38":0,"39":0,"40":0,"41":0,"42":0,"43":0,"44":0,"45":0,"46":0,"47":0,"48":0,"49":0,"50":0,"51":0,"52":0,"53":0,"54":0,"55":0,"56":0,"57":0,"58":0,"59":0,"60":0,"61":0,"62":0,"63":0,"64":0,"65":0,"66":0,"67":0,"68":0,"69":0,"70":0,"71":0,"72":0,"73":0,"74":0,"75":0,"76":0,"77":0,"78":0,"79":0,"80":0,"81":0,"82":0,"83":0,"84":0},"b":{"0":[0,0],"1":[0,0,0,0],"2":[0,0],"3":[0,0]},"_coverageSchema":"1a1c01bbd47fc00a2c39e90264f33305004495a9","hash":"1e7da848108f8613f9452d837f752517b4a2aac6"}
,"/Users/pritam/hackreactor/sei/FEC/client/src/components/RatingsReviews/components/Review/Review.jsx": {"path":"/Users/pritam/hackreactor/sei/FEC/client/src/components/RatingsReviews/components/Review/Review.jsx","statementMap":{"0":{"start":{"line":5,"column":11},"end":{"line":9,"column":1}},"1":{"start":{"line":11,"column":12},"end":{"line":14,"column":1}},"2":{"start":{"line":16,"column":15},"end":{"line":109,"column":3}},"3":{"start":{"line":17,"column":34},"end":{"line":17,"column":49}},"4":{"start":{"line":18,"column":26},"end":{"line":21,"column":54}},"5":{"start":{"line":22,"column":24},"end":{"line":22,"column":39}},"6":{"start":{"line":24,"column":16},"end":{"line":30,"column":3}},"7":{"start":{"line":25,"column":4},"end":{"line":29,"column":5}},"8":{"start":{"line":26,"column":6},"end":{"line":28,"column":7}},"9":{"start":{"line":32,"column":17},"end":{"line":47,"column":3}},"10":{"start":{"line":33,"column":4},"end":{"line":46,"column":5}},"11":{"start":{"line":34,"column":6},"end":{"line":38,"column":7}},"12":{"start":{"line":40,"column":6},"end":{"line":45,"column":7}},"13":{"start":{"line":48,"column":19},"end":{"line":61,"column":3}},"14":{"start":{"line":49,"column":4},"end":{"line":60,"column":5}},"15":{"start":{"line":50,"column":6},"end":{"line":55,"column":7}},"16":{"start":{"line":57,"column":6},"end":{"line":59,"column":7}},"17":{"start":{"line":63,"column":18},"end":{"line":66,"column":5}},"18":{"start":{"line":64,"column":4},"end":{"line":65,"column":40}},"19":{"start":{"line":65,"column":16},"end":{"line":65,"column":39}},"20":{"start":{"line":65,"column":34},"end":{"line":65,"column":38}},"21":{"start":{"line":68,"column":19},"end":{"line":103,"column":3}},"22":{"start":{"line":69,"column":4},"end":{"line":102,"column":5}},"23":{"start":{"line":70,"column":6},"end":{"line":85,"column":7}},"24":{"start":{"line":87,"column":6},"end":{"line":101,"column":7}},"25":{"start":{"line":104,"column":2},"end":{"line":108,"column":5}}},"fnMap":{"0":{"name":"(anonymous_0)","decl":{"start":{"line":16,"column":15},"end":{"line":16,"column":16}},"loc":{"start":{"line":16,"column":26},"end":{"line":109,"column":3}},"line":16},"1":{"name":"(anonymous_1)","decl":{"start":{"line":24,"column":16},"end":{"line":24,"column":17}},"loc":{"start":{"line":24,"column":22},"end":{"line":30,"column":3}},"line":24},"2":{"name":"(anonymous_2)","decl":{"start":{"line":32,"column":17},"end":{"line":32,"column":18}},"loc":{"start":{"line":32,"column":23},"end":{"line":47,"column":3}},"line":32},"3":{"name":"(anonymous_3)","decl":{"start":{"line":48,"column":19},"end":{"line":48,"column":20}},"loc":{"start":{"line":48,"column":25},"end":{"line":61,"column":3}},"line":48},"4":{"name":"(anonymous_4)","decl":{"start":{"line":63,"column":18},"end":{"line":63,"column":19}},"loc":{"start":{"line":63,"column":24},"end":{"line":66,"column":5}},"line":63},"5":{"name":"(anonymous_5)","decl":{"start":{"line":65,"column":10},"end":{"line":65,"column":11}},"loc":{"start":{"line":65,"column":16},"end":{"line":65,"column":39}},"line":65},"6":{"name":"(anonymous_6)","decl":{"start":{"line":65,"column":28},"end":{"line":65,"column":29}},"loc":{"start":{"line":65,"column":34},"end":{"line":65,"column":38}},"line":65},"7":{"name":"(anonymous_7)","decl":{"start":{"line":68,"column":19},"end":{"line":68,"column":20}},"loc":{"start":{"line":68,"column":25},"end":{"line":103,"column":3}},"line":68}},"branchMap":{"0":{"loc":{"start":{"line":25,"column":4},"end":{"line":29,"column":5}},"type":"if","locations":[{"start":{"line":25,"column":4},"end":{"line":29,"column":5}},{"start":{"line":25,"column":4},"end":{"line":29,"column":5}}],"line":25},"1":{"loc":{"start":{"line":33,"column":4},"end":{"line":46,"column":5}},"type":"if","locations":[{"start":{"line":33,"column":4},"end":{"line":46,"column":5}},{"start":{"line":33,"column":4},"end":{"line":46,"column":5}}],"line":33},"2":{"loc":{"start":{"line":49,"column":4},"end":{"line":60,"column":5}},"type":"if","locations":[{"start":{"line":49,"column":4},"end":{"line":60,"column":5}},{"start":{"line":49,"column":4},"end":{"line":60,"column":5}}],"line":49},"3":{"loc":{"start":{"line":69,"column":4},"end":{"line":102,"column":5}},"type":"if","locations":[{"start":{"line":69,"column":4},"end":{"line":102,"column":5}},{"start":{"line":69,"column":4},"end":{"line":102,"column":5}}],"line":69}},"s":{"0":1,"1":1,"2":1,"3":0,"4":0,"5":0,"6":0,"7":0,"8":0,"9":0,"10":0,"11":0,"12":0,"13":0,"14":0,"15":0,"16":0,"17":0,"18":0,"19":0,"20":0,"21":0,"22":0,"23":0,"24":0,"25":0},"f":{"0":0,"1":0,"2":0,"3":0,"4":0,"5":0,"6":0,"7":0},"b":{"0":[0,0],"1":[0,0],"2":[0,0],"3":[0,0]},"_coverageSchema":"1a1c01bbd47fc00a2c39e90264f33305004495a9","hash":"663a8aa85ef01f4c11dc6925125e6daa6fa49a9b"}
,"/Users/pritam/hackreactor/sei/FEC/client/src/components/RatingsReviews/components/Review/Reviews.jsx": {"path":"/Users/pritam/hackreactor/sei/FEC/client/src/components/RatingsReviews/components/Review/Reviews.jsx","statementMap":{"0":{"start":{"line":4,"column":14},"end":{"line":7,"column":1}},"1":{"start":{"line":8,"column":16},"end":{"line":14,"column":1}},"2":{"start":{"line":9,"column":2},"end":{"line":13,"column":3}},"3":{"start":{"line":11,"column":42},"end":{"line":11,"column":106}}},"fnMap":{"0":{"name":"(anonymous_0)","decl":{"start":{"line":8,"column":16},"end":{"line":8,"column":17}},"loc":{"start":{"line":8,"column":27},"end":{"line":14,"column":1}},"line":8},"1":{"name":"(anonymous_1)","decl":{"start":{"line":11,"column":23},"end":{"line":11,"column":24}},"loc":{"start":{"line":11,"column":42},"end":{"line":11,"column":106}},"line":11}},"branchMap":{},"s":{"0":1,"1":1,"2":4,"3":0},"f":{"0":4,"1":0},"b":{},"_coverageSchema":"1a1c01bbd47fc00a2c39e90264f33305004495a9","hash":"9a5daf90a1ed00733fd7a3b21823d80decf9d58a"}
,"/Users/pritam/hackreactor/sei/FEC/client/src/components/context/dataContext.js": {"path":"/Users/pritam/hackreactor/sei/FEC/client/src/components/context/dataContext.js","statementMap":{"0":{"start":{"line":3,"column":27},"end":{"line":3,"column":44}}},"fnMap":{},"branchMap":{},"s":{"0":1},"f":{},"b":{},"_coverageSchema":"1a1c01bbd47fc00a2c39e90264f33305004495a9","hash":"b85ffbce5a3c3b25f4034a90ff0e444bed9be02d"}
}
