{"/Users/ayokayy/FEC/FEC/client/src/components/App.jsx": {"path":"/Users/ayokayy/FEC/FEC/client/src/components/App.jsx","statementMap":{"0":{"start":{"line":15,"column":12},"end":{"line":51,"column":1}},"1":{"start":{"line":17,"column":36},"end":{"line":17,"column":51}},"2":{"start":{"line":18,"column":2},"end":{"line":18,"column":38}},"3":{"start":{"line":26,"column":30},"end":{"line":28,"column":3}},"4":{"start":{"line":27,"column":4},"end":{"line":27,"column":20}},"5":{"start":{"line":30,"column":2},"end":{"line":50,"column":6}}},"fnMap":{"0":{"name":"(anonymous_0)","decl":{"start":{"line":15,"column":12},"end":{"line":15,"column":13}},"loc":{"start":{"line":15,"column":18},"end":{"line":51,"column":1}},"line":15},"1":{"name":"(anonymous_1)","decl":{"start":{"line":26,"column":30},"end":{"line":26,"column":31}},"loc":{"start":{"line":26,"column":38},"end":{"line":28,"column":3}},"line":26}},"branchMap":{},"s":{"0":1,"1":1,"2":1,"3":1,"4":0,"5":1},"f":{"0":1,"1":0},"b":{},"_coverageSchema":"1a1c01bbd47fc00a2c39e90264f33305004495a9","hash":"0154b1e9411f5164968cc993d994a1552f3389eb"}
,"/Users/ayokayy/FEC/FEC/client/src/components/NavBar/NavBar.jsx": {"path":"/Users/ayokayy/FEC/FEC/client/src/components/NavBar/NavBar.jsx","statementMap":{"0":{"start":{"line":7,"column":4},"end":{"line":40,"column":6}}},"fnMap":{"0":{"name":"(anonymous_0)","decl":{"start":{"line":6,"column":2},"end":{"line":6,"column":3}},"loc":{"start":{"line":6,"column":11},"end":{"line":41,"column":3}},"line":6}},"branchMap":{},"s":{"0":1},"f":{"0":1},"b":{},"_coverageSchema":"1a1c01bbd47fc00a2c39e90264f33305004495a9","hash":"9011c8c4c1842d17d45044ea71573a15d7a22f09"}
,"/Users/ayokayy/FEC/FEC/client/src/components/ProductDetail/ProductDetails.jsx": {"path":"/Users/ayokayy/FEC/FEC/client/src/components/ProductDetail/ProductDetails.jsx","statementMap":{"0":{"start":{"line":15,"column":40},"end":{"line":15,"column":52}},"1":{"start":{"line":16,"column":44},"end":{"line":16,"column":58}},"2":{"start":{"line":17,"column":36},"end":{"line":17,"column":48}},"3":{"start":{"line":18,"column":44},"end":{"line":18,"column":55}},"4":{"start":{"line":20,"column":2},"end":{"line":31,"column":16}},"5":{"start":{"line":21,"column":21},"end":{"line":24,"column":5}},"6":{"start":{"line":22,"column":23},"end":{"line":22,"column":75}},"7":{"start":{"line":23,"column":6},"end":{"line":23,"column":35}},"8":{"start":{"line":25,"column":4},"end":{"line":25,"column":15}},"9":{"start":{"line":26,"column":4},"end":{"line":30,"column":6}},"10":{"start":{"line":28,"column":6},"end":{"line":28,"column":41}},"11":{"start":{"line":29,"column":6},"end":{"line":29,"column":57}},"12":{"start":{"line":43,"column":24},"end":{"line":45,"column":3}},"13":{"start":{"line":44,"column":4},"end":{"line":44,"column":29}},"14":{"start":{"line":47,"column":23},"end":{"line":54,"column":3}},"15":{"start":{"line":53,"column":4},"end":{"line":53,"column":24}},"16":{"start":{"line":55,"column":4},"end":{"line":80,"column":5}},"17":{"start":{"line":56,"column":6},"end":{"line":73,"column":7}},"18":{"start":{"line":75,"column":6},"end":{"line":79,"column":7}}},"fnMap":{"0":{"name":"ProductDetails","decl":{"start":{"line":14,"column":9},"end":{"line":14,"column":23}},"loc":{"start":{"line":14,"column":32},"end":{"line":82,"column":1}},"line":14},"1":{"name":"(anonymous_1)","decl":{"start":{"line":20,"column":12},"end":{"line":20,"column":13}},"loc":{"start":{"line":20,"column":18},"end":{"line":31,"column":3}},"line":20},"2":{"name":"(anonymous_2)","decl":{"start":{"line":21,"column":21},"end":{"line":21,"column":22}},"loc":{"start":{"line":21,"column":33},"end":{"line":24,"column":5}},"line":21},"3":{"name":"(anonymous_3)","decl":{"start":{"line":27,"column":10},"end":{"line":27,"column":11}},"loc":{"start":{"line":27,"column":21},"end":{"line":30,"column":5}},"line":27},"4":{"name":"(anonymous_4)","decl":{"start":{"line":43,"column":24},"end":{"line":43,"column":25}},"loc":{"start":{"line":43,"column":35},"end":{"line":45,"column":3}},"line":43},"5":{"name":"(anonymous_5)","decl":{"start":{"line":47,"column":23},"end":{"line":47,"column":24}},"loc":{"start":{"line":47,"column":30},"end":{"line":54,"column":3}},"line":47}},"branchMap":{"0":{"loc":{"start":{"line":55,"column":4},"end":{"line":80,"column":5}},"type":"if","locations":[{"start":{"line":55,"column":4},"end":{"line":80,"column":5}},{"start":{"line":55,"column":4},"end":{"line":80,"column":5}}],"line":55},"1":{"loc":{"start":{"line":55,"column":8},"end":{"line":55,"column":32}},"type":"binary-expr","locations":[{"start":{"line":55,"column":8},"end":{"line":55,"column":19}},{"start":{"line":55,"column":23},"end":{"line":55,"column":32}}],"line":55}},"s":{"0":1,"1":1,"2":1,"3":1,"4":1,"5":1,"6":1,"7":0,"8":1,"9":1,"10":0,"11":0,"12":1,"13":0,"14":1,"15":0,"16":1,"17":1,"18":0},"f":{"0":1,"1":1,"2":1,"3":0,"4":0,"5":0},"b":{"0":[1,0],"1":[1,1]},"_coverageSchema":"1a1c01bbd47fc00a2c39e90264f33305004495a9","hash":"d25df453135fc334bb8b4ff00d3ee8264b17cabb"}
,"/Users/ayokayy/FEC/FEC/client/src/components/ProductDetail/token.js": {"path":"/Users/ayokayy/FEC/FEC/client/src/components/ProductDetail/token.js","statementMap":{"0":{"start":{"line":1,"column":14},"end":{"line":1,"column":56}}},"fnMap":{},"branchMap":{},"s":{"0":1},"f":{},"b":{},"_coverageSchema":"1a1c01bbd47fc00a2c39e90264f33305004495a9","hash":"0dd846a4a54b520a3254baa7e8a4b70812ba2467"}
,"/Users/ayokayy/FEC/FEC/client/src/components/ProductDetail/AdditionalInfo/AdditionalInfo.jsx": {"path":"/Users/ayokayy/FEC/FEC/client/src/components/ProductDetail/AdditionalInfo/AdditionalInfo.jsx","statementMap":{"0":{"start":{"line":6,"column":40},"end":{"line":6,"column":52}},"1":{"start":{"line":7,"column":2},"end":{"line":29,"column":3}},"2":{"start":{"line":20,"column":18},"end":{"line":20,"column":96}}},"fnMap":{"0":{"name":"AdditionalInfo","decl":{"start":{"line":5,"column":9},"end":{"line":5,"column":23}},"loc":{"start":{"line":5,"column":32},"end":{"line":31,"column":1}},"line":5},"1":{"name":"(anonymous_1)","decl":{"start":{"line":19,"column":47},"end":{"line":19,"column":48}},"loc":{"start":{"line":19,"column":63},"end":{"line":21,"column":17}},"line":19}},"branchMap":{"0":{"loc":{"start":{"line":18,"column":15},"end":{"line":21,"column":25}},"type":"cond-expr","locations":[{"start":{"line":19,"column":16},"end":{"line":21,"column":18}},{"start":{"line":21,"column":21},"end":{"line":21,"column":25}}],"line":18}},"s":{"0":1,"1":1,"2":0},"f":{"0":1,"1":0},"b":{"0":[0,1]},"_coverageSchema":"1a1c01bbd47fc00a2c39e90264f33305004495a9","hash":"7c766abf616cc16049229e3ae2ca41badc334313"}
,"/Users/ayokayy/FEC/FEC/client/src/components/ProductDetail/Announcement/Announcement.jsx": {"path":"/Users/ayokayy/FEC/FEC/client/src/components/ProductDetail/Announcement/Announcement.jsx","statementMap":{"0":{"start":{"line":4,"column":2},"end":{"line":13,"column":3}}},"fnMap":{"0":{"name":"Announcement","decl":{"start":{"line":3,"column":9},"end":{"line":3,"column":21}},"loc":{"start":{"line":3,"column":25},"end":{"line":15,"column":1}},"line":3}},"branchMap":{},"s":{"0":1},"f":{"0":1},"b":{},"_coverageSchema":"1a1c01bbd47fc00a2c39e90264f33305004495a9","hash":"f2e7918b149767e5669a88427b90d27e70f1a1c4"}
,"/Users/ayokayy/FEC/FEC/client/src/components/ProductDetail/ProductGallery/ProductGallery.jsx": {"path":"/Users/ayokayy/FEC/FEC/client/src/components/ProductDetail/ProductGallery/ProductGallery.jsx","statementMap":{"0":{"start":{"line":10,"column":26},"end":{"line":10,"column":40}},"1":{"start":{"line":11,"column":26},"end":{"line":11,"column":40}},"2":{"start":{"line":12,"column":36},"end":{"line":12,"column":48}},"3":{"start":{"line":13,"column":26},"end":{"line":13,"column":49}},"4":{"start":{"line":15,"column":2},"end":{"line":25,"column":20}},"5":{"start":{"line":16,"column":25},"end":{"line":18,"column":10}},"6":{"start":{"line":17,"column":10},"end":{"line":17,"column":49}},"7":{"start":{"line":19,"column":8},"end":{"line":24,"column":9}},"8":{"start":{"line":20,"column":25},"end":{"line":22,"column":12}},"9":{"start":{"line":21,"column":12},"end":{"line":21,"column":63}},"10":{"start":{"line":23,"column":10},"end":{"line":23,"column":30}},"11":{"start":{"line":27,"column":22},"end":{"line":37,"column":3}},"12":{"start":{"line":28,"column":4},"end":{"line":28,"column":35}},"13":{"start":{"line":29,"column":4},"end":{"line":36,"column":5}},"14":{"start":{"line":30,"column":6},"end":{"line":30,"column":21}},"15":{"start":{"line":31,"column":6},"end":{"line":31,"column":30}},"16":{"start":{"line":32,"column":11},"end":{"line":36,"column":5}},"17":{"start":{"line":33,"column":6},"end":{"line":33,"column":28}},"18":{"start":{"line":34,"column":11},"end":{"line":36,"column":5}},"19":{"start":{"line":35,"column":6},"end":{"line":35,"column":30}},"20":{"start":{"line":40,"column":2},"end":{"line":81,"column":3}},"21":{"start":{"line":41,"column":4},"end":{"line":74,"column":5}},"22":{"start":{"line":47,"column":27},"end":{"line":47,"column":43}},"23":{"start":{"line":50,"column":14},"end":{"line":52,"column":22}},"24":{"start":{"line":51,"column":39},"end":{"line":51,"column":53}},"25":{"start":{"line":58,"column":31},"end":{"line":58,"column":47}},"26":{"start":{"line":66,"column":14},"end":{"line":68,"column":22}},"27":{"start":{"line":76,"column":4},"end":{"line":80,"column":5}}},"fnMap":{"0":{"name":"ProductGallery","decl":{"start":{"line":9,"column":9},"end":{"line":9,"column":23}},"loc":{"start":{"line":9,"column":32},"end":{"line":82,"column":1}},"line":9},"1":{"name":"(anonymous_1)","decl":{"start":{"line":15,"column":12},"end":{"line":15,"column":13}},"loc":{"start":{"line":15,"column":18},"end":{"line":25,"column":3}},"line":15},"2":{"name":"(anonymous_2)","decl":{"start":{"line":16,"column":46},"end":{"line":16,"column":47}},"loc":{"start":{"line":16,"column":55},"end":{"line":18,"column":9}},"line":16},"3":{"name":"(anonymous_3)","decl":{"start":{"line":20,"column":49},"end":{"line":20,"column":50}},"loc":{"start":{"line":20,"column":58},"end":{"line":22,"column":11}},"line":20},"4":{"name":"(anonymous_4)","decl":{"start":{"line":27,"column":22},"end":{"line":27,"column":23}},"loc":{"start":{"line":27,"column":29},"end":{"line":37,"column":3}},"line":27},"5":{"name":"(anonymous_5)","decl":{"start":{"line":47,"column":16},"end":{"line":47,"column":17}},"loc":{"start":{"line":47,"column":27},"end":{"line":47,"column":43}},"line":47},"6":{"name":"(anonymous_6)","decl":{"start":{"line":49,"column":27},"end":{"line":49,"column":28}},"loc":{"start":{"line":49,"column":41},"end":{"line":53,"column":13}},"line":49},"7":{"name":"(anonymous_7)","decl":{"start":{"line":51,"column":32},"end":{"line":51,"column":33}},"loc":{"start":{"line":51,"column":39},"end":{"line":51,"column":53}},"line":51},"8":{"name":"(anonymous_8)","decl":{"start":{"line":58,"column":20},"end":{"line":58,"column":21}},"loc":{"start":{"line":58,"column":31},"end":{"line":58,"column":47}},"line":58},"9":{"name":"(anonymous_9)","decl":{"start":{"line":65,"column":27},"end":{"line":65,"column":28}},"loc":{"start":{"line":65,"column":41},"end":{"line":69,"column":13}},"line":65}},"branchMap":{"0":{"loc":{"start":{"line":19,"column":8},"end":{"line":24,"column":9}},"type":"if","locations":[{"start":{"line":19,"column":8},"end":{"line":24,"column":9}},{"start":{"line":19,"column":8},"end":{"line":24,"column":9}}],"line":19},"1":{"loc":{"start":{"line":29,"column":4},"end":{"line":36,"column":5}},"type":"if","locations":[{"start":{"line":29,"column":4},"end":{"line":36,"column":5}},{"start":{"line":29,"column":4},"end":{"line":36,"column":5}}],"line":29},"2":{"loc":{"start":{"line":32,"column":11},"end":{"line":36,"column":5}},"type":"if","locations":[{"start":{"line":32,"column":11},"end":{"line":36,"column":5}},{"start":{"line":32,"column":11},"end":{"line":36,"column":5}}],"line":32},"3":{"loc":{"start":{"line":34,"column":11},"end":{"line":36,"column":5}},"type":"if","locations":[{"start":{"line":34,"column":11},"end":{"line":36,"column":5}},{"start":{"line":34,"column":11},"end":{"line":36,"column":5}}],"line":34},"4":{"loc":{"start":{"line":40,"column":2},"end":{"line":81,"column":3}},"type":"if","locations":[{"start":{"line":40,"column":2},"end":{"line":81,"column":3}},{"start":{"line":40,"column":2},"end":{"line":81,"column":3}}],"line":40},"5":{"loc":{"start":{"line":59,"column":29},"end":{"line":59,"column":73}},"type":"cond-expr","locations":[{"start":{"line":59,"column":53},"end":{"line":59,"column":54}},{"start":{"line":59,"column":57},"end":{"line":59,"column":73}}],"line":59}},"s":{"0":3,"1":3,"2":3,"3":3,"4":3,"5":1,"6":0,"7":1,"8":0,"9":0,"10":0,"11":3,"12":0,"13":0,"14":0,"15":0,"16":0,"17":0,"18":0,"19":0,"20":3,"21":3,"22":4,"23":0,"24":0,"25":4,"26":0,"27":0},"f":{"0":3,"1":1,"2":0,"3":0,"4":0,"5":4,"6":0,"7":0,"8":4,"9":0},"b":{"0":[0,1],"1":[0,0],"2":[0,0],"3":[0,0],"4":[3,0],"5":[0,3]},"_coverageSchema":"1a1c01bbd47fc00a2c39e90264f33305004495a9","hash":"707007d15d17a8a91766e2ae240f0ffde4a4084e"}
,"/Users/ayokayy/FEC/FEC/client/src/components/ProductDetail/ProductMeta/ProductMeta.jsx": {"path":"/Users/ayokayy/FEC/FEC/client/src/components/ProductDetail/ProductMeta/ProductMeta.jsx","statementMap":{"0":{"start":{"line":6,"column":2},"end":{"line":11,"column":3}}},"fnMap":{"0":{"name":"ProductMeta","decl":{"start":{"line":5,"column":9},"end":{"line":5,"column":20}},"loc":{"start":{"line":5,"column":29},"end":{"line":13,"column":1}},"line":5}},"branchMap":{},"s":{"0":1},"f":{"0":1},"b":{},"_coverageSchema":"1a1c01bbd47fc00a2c39e90264f33305004495a9","hash":"2032c5f3af86e44eba69e5153eb635b06144085f"}
,"/Users/ayokayy/FEC/FEC/client/src/components/ProductDetail/StarRatings/StarRatings.jsx": {"path":"/Users/ayokayy/FEC/FEC/client/src/components/ProductDetail/StarRatings/StarRatings.jsx","statementMap":{"0":{"start":{"line":10,"column":4},"end":{"line":10,"column":16}},"1":{"start":{"line":11,"column":6},"end":{"line":14,"column":7}},"2":{"start":{"line":15,"column":6},"end":{"line":15,"column":50}},"3":{"start":{"line":16,"column":6},"end":{"line":16,"column":50}},"4":{"start":{"line":20,"column":4},"end":{"line":20,"column":22}},"5":{"start":{"line":24,"column":4},"end":{"line":28,"column":39}},"6":{"start":{"line":27,"column":21},"end":{"line":27,"column":58}},"7":{"start":{"line":28,"column":20},"end":{"line":28,"column":38}},"8":{"start":{"line":32,"column":20},"end":{"line":32,"column":42}},"9":{"start":{"line":33,"column":25},"end":{"line":33,"column":26}},"10":{"start":{"line":34,"column":23},"end":{"line":34,"column":24}},"11":{"start":{"line":35,"column":4},"end":{"line":38,"column":5}},"12":{"start":{"line":36,"column":6},"end":{"line":36,"column":36}},"13":{"start":{"line":37,"column":6},"end":{"line":37,"column":44}},"14":{"start":{"line":39,"column":21},"end":{"line":39,"column":104}},"15":{"start":{"line":40,"column":4},"end":{"line":43,"column":7}},"16":{"start":{"line":47,"column":4},"end":{"line":58,"column":13}}},"fnMap":{"0":{"name":"(anonymous_0)","decl":{"start":{"line":9,"column":2},"end":{"line":9,"column":3}},"loc":{"start":{"line":9,"column":21},"end":{"line":17,"column":3}},"line":9},"1":{"name":"(anonymous_1)","decl":{"start":{"line":19,"column":2},"end":{"line":19,"column":3}},"loc":{"start":{"line":19,"column":22},"end":{"line":21,"column":3}},"line":19},"2":{"name":"(anonymous_2)","decl":{"start":{"line":23,"column":2},"end":{"line":23,"column":3}},"loc":{"start":{"line":23,"column":15},"end":{"line":29,"column":3}},"line":23},"3":{"name":"(anonymous_3)","decl":{"start":{"line":27,"column":10},"end":{"line":27,"column":11}},"loc":{"start":{"line":27,"column":21},"end":{"line":27,"column":58}},"line":27},"4":{"name":"(anonymous_4)","decl":{"start":{"line":28,"column":11},"end":{"line":28,"column":12}},"loc":{"start":{"line":28,"column":20},"end":{"line":28,"column":38}},"line":28},"5":{"name":"(anonymous_5)","decl":{"start":{"line":31,"column":2},"end":{"line":31,"column":3}},"loc":{"start":{"line":31,"column":21},"end":{"line":44,"column":3}},"line":31},"6":{"name":"(anonymous_6)","decl":{"start":{"line":46,"column":2},"end":{"line":46,"column":3}},"loc":{"start":{"line":46,"column":11},"end":{"line":59,"column":3}},"line":46}},"branchMap":{"0":{"loc":{"start":{"line":39,"column":21},"end":{"line":39,"column":104}},"type":"cond-expr","locations":[{"start":{"line":39,"column":38},"end":{"line":39,"column":100}},{"start":{"line":39,"column":103},"end":{"line":39,"column":104}}],"line":39},"1":{"loc":{"start":{"line":47,"column":11},"end":{"line":58,"column":12}},"type":"cond-expr","locations":[{"start":{"line":49,"column":6},"end":{"line":57,"column":9}},{"start":{"line":58,"column":8},"end":{"line":58,"column":12}}],"line":47}},"s":{"0":1,"1":1,"2":1,"3":1,"4":1,"5":1,"6":0,"7":0,"8":0,"9":0,"10":0,"11":0,"12":0,"13":0,"14":0,"15":0,"16":1},"f":{"0":1,"1":1,"2":1,"3":0,"4":0,"5":0,"6":1},"b":{"0":[0,0],"1":[0,1]},"_coverageSchema":"1a1c01bbd47fc00a2c39e90264f33305004495a9","hash":"fe764c75e7215a684ef138adbb917464fc2d1286"}
,"/Users/ayokayy/FEC/FEC/client/src/components/ProductDetail/StyleSelector/Renderqty.jsx": {"path":"/Users/ayokayy/FEC/FEC/client/src/components/ProductDetail/StyleSelector/Renderqty.jsx","statementMap":{"0":{"start":{"line":7,"column":12},"end":{"line":7,"column":16}},"1":{"start":{"line":8,"column":4},"end":{"line":12,"column":5}},"2":{"start":{"line":8,"column":17},"end":{"line":8,"column":18}},"3":{"start":{"line":9,"column":6},"end":{"line":11,"column":7}},"4":{"start":{"line":10,"column":8},"end":{"line":10,"column":32}},"5":{"start":{"line":13,"column":2},"end":{"line":13,"column":29}},"6":{"start":{"line":14,"column":18},"end":{"line":14,"column":20}},"7":{"start":{"line":15,"column":2},"end":{"line":17,"column":3}},"8":{"start":{"line":15,"column":15},"end":{"line":15,"column":16}},"9":{"start":{"line":16,"column":4},"end":{"line":16,"column":48}},"10":{"start":{"line":18,"column":2},"end":{"line":28,"column":3}},"11":{"start":{"line":25,"column":66},"end":{"line":25,"column":103}}},"fnMap":{"0":{"name":"Renderqty","decl":{"start":{"line":5,"column":9},"end":{"line":5,"column":18}},"loc":{"start":{"line":5,"column":27},"end":{"line":29,"column":1}},"line":5},"1":{"name":"(anonymous_1)","decl":{"start":{"line":25,"column":59},"end":{"line":25,"column":60}},"loc":{"start":{"line":25,"column":66},"end":{"line":25,"column":103}},"line":25}},"branchMap":{"0":{"loc":{"start":{"line":9,"column":6},"end":{"line":11,"column":7}},"type":"if","locations":[{"start":{"line":9,"column":6},"end":{"line":11,"column":7}},{"start":{"line":9,"column":6},"end":{"line":11,"column":7}}],"line":9},"1":{"loc":{"start":{"line":13,"column":8},"end":{"line":13,"column":28}},"type":"cond-expr","locations":[{"start":{"line":13,"column":20},"end":{"line":13,"column":22}},{"start":{"line":13,"column":25},"end":{"line":13,"column":28}}],"line":13},"2":{"loc":{"start":{"line":18,"column":9},"end":{"line":28,"column":3}},"type":"cond-expr","locations":[{"start":{"line":19,"column":4},"end":{"line":23,"column":15}},{"start":{"line":25,"column":4},"end":{"line":27,"column":13}}],"line":18}},"s":{"0":2,"1":2,"2":2,"3":0,"4":0,"5":2,"6":2,"7":2,"8":2,"9":0,"10":2,"11":0},"f":{"0":2,"1":0},"b":{"0":[0,0],"1":[0,2],"2":[2,0]},"_coverageSchema":"1a1c01bbd47fc00a2c39e90264f33305004495a9","hash":"2d72d068bf65badd29964f43b3f1997d91ec4996"}
,"/Users/ayokayy/FEC/FEC/client/src/components/ProductDetail/StyleSelector/Socialshare.jsx": {"path":"/Users/ayokayy/FEC/FEC/client/src/components/ProductDetail/StyleSelector/Socialshare.jsx","statementMap":{"0":{"start":{"line":9,"column":2},"end":{"line":17,"column":3}}},"fnMap":{"0":{"name":"Socialshare","decl":{"start":{"line":6,"column":9},"end":{"line":6,"column":20}},"loc":{"start":{"line":6,"column":29},"end":{"line":18,"column":1}},"line":6}},"branchMap":{},"s":{"0":2},"f":{"0":2},"b":{},"_coverageSchema":"1a1c01bbd47fc00a2c39e90264f33305004495a9","hash":"7411d59645ac2555ec36ce231f92c3291710e1bd"}
,"/Users/ayokayy/FEC/FEC/client/src/components/ProductDetail/StyleSelector/StyleSelector.jsx": {"path":"/Users/ayokayy/FEC/FEC/client/src/components/ProductDetail/StyleSelector/StyleSelector.jsx","statementMap":{"0":{"start":{"line":10,"column":50},"end":{"line":10,"column":62}},"1":{"start":{"line":11,"column":26},"end":{"line":11,"column":38}},"2":{"start":{"line":12,"column":26},"end":{"line":12,"column":45}},"3":{"start":{"line":13,"column":24},"end":{"line":13,"column":37}},"4":{"start":{"line":15,"column":2},"end":{"line":22,"column":20}},"5":{"start":{"line":16,"column":25},"end":{"line":18,"column":10}},"6":{"start":{"line":17,"column":10},"end":{"line":17,"column":49}},"7":{"start":{"line":19,"column":8},"end":{"line":21,"column":9}},"8":{"start":{"line":20,"column":10},"end":{"line":20,"column":44}},"9":{"start":{"line":24,"column":2},"end":{"line":34,"column":23}},"10":{"start":{"line":25,"column":4},"end":{"line":33,"column":5}},"11":{"start":{"line":26,"column":25},"end":{"line":26,"column":27}},"12":{"start":{"line":27,"column":6},"end":{"line":31,"column":7}},"13":{"start":{"line":28,"column":8},"end":{"line":30,"column":9}},"14":{"start":{"line":29,"column":10},"end":{"line":29,"column":117}},"15":{"start":{"line":32,"column":6},"end":{"line":32,"column":26}},"16":{"start":{"line":36,"column":23},"end":{"line":38,"column":3}},"17":{"start":{"line":37,"column":4},"end":{"line":37,"column":49}},"18":{"start":{"line":40,"column":23},"end":{"line":42,"column":3}},"19":{"start":{"line":41,"column":4},"end":{"line":41,"column":38}},"20":{"start":{"line":43,"column":26},"end":{"line":46,"column":3}},"21":{"start":{"line":44,"column":4},"end":{"line":44,"column":20}},"22":{"start":{"line":45,"column":4},"end":{"line":45,"column":16}},"23":{"start":{"line":48,"column":2},"end":{"line":118,"column":3}},"24":{"start":{"line":49,"column":2},"end":{"line":111,"column":3}},"25":{"start":{"line":62,"column":14},"end":{"line":72,"column":24}},"26":{"start":{"line":65,"column":41},"end":{"line":65,"column":56}},"27":{"start":{"line":83,"column":16},"end":{"line":83,"column":79}},"28":{"start":{"line":113,"column":4},"end":{"line":117,"column":7}}},"fnMap":{"0":{"name":"StyleSelector","decl":{"start":{"line":9,"column":9},"end":{"line":9,"column":22}},"loc":{"start":{"line":9,"column":31},"end":{"line":119,"column":1}},"line":9},"1":{"name":"(anonymous_1)","decl":{"start":{"line":15,"column":12},"end":{"line":15,"column":13}},"loc":{"start":{"line":15,"column":18},"end":{"line":22,"column":3}},"line":15},"2":{"name":"(anonymous_2)","decl":{"start":{"line":16,"column":43},"end":{"line":16,"column":44}},"loc":{"start":{"line":16,"column":52},"end":{"line":18,"column":9}},"line":16},"3":{"name":"(anonymous_3)","decl":{"start":{"line":24,"column":12},"end":{"line":24,"column":13}},"loc":{"start":{"line":24,"column":18},"end":{"line":34,"column":3}},"line":24},"4":{"name":"(anonymous_4)","decl":{"start":{"line":36,"column":23},"end":{"line":36,"column":24}},"loc":{"start":{"line":36,"column":30},"end":{"line":38,"column":3}},"line":36},"5":{"name":"(anonymous_5)","decl":{"start":{"line":40,"column":23},"end":{"line":40,"column":24}},"loc":{"start":{"line":40,"column":30},"end":{"line":42,"column":3}},"line":40},"6":{"name":"(anonymous_6)","decl":{"start":{"line":43,"column":26},"end":{"line":43,"column":27}},"loc":{"start":{"line":43,"column":35},"end":{"line":46,"column":3}},"line":43},"7":{"name":"(anonymous_7)","decl":{"start":{"line":61,"column":26},"end":{"line":61,"column":27}},"loc":{"start":{"line":61,"column":35},"end":{"line":73,"column":13}},"line":61},"8":{"name":"(anonymous_8)","decl":{"start":{"line":65,"column":35},"end":{"line":65,"column":36}},"loc":{"start":{"line":65,"column":41},"end":{"line":65,"column":56}},"line":65},"9":{"name":"(anonymous_9)","decl":{"start":{"line":82,"column":24},"end":{"line":82,"column":25}},"loc":{"start":{"line":82,"column":31},"end":{"line":84,"column":15}},"line":82}},"branchMap":{"0":{"loc":{"start":{"line":19,"column":8},"end":{"line":21,"column":9}},"type":"if","locations":[{"start":{"line":19,"column":8},"end":{"line":21,"column":9}},{"start":{"line":19,"column":8},"end":{"line":21,"column":9}}],"line":19},"1":{"loc":{"start":{"line":25,"column":4},"end":{"line":33,"column":5}},"type":"if","locations":[{"start":{"line":25,"column":4},"end":{"line":33,"column":5}},{"start":{"line":25,"column":4},"end":{"line":33,"column":5}}],"line":25},"2":{"loc":{"start":{"line":28,"column":8},"end":{"line":30,"column":9}},"type":"if","locations":[{"start":{"line":28,"column":8},"end":{"line":30,"column":9}},{"start":{"line":28,"column":8},"end":{"line":30,"column":9}}],"line":28},"3":{"loc":{"start":{"line":48,"column":2},"end":{"line":118,"column":3}},"type":"if","locations":[{"start":{"line":48,"column":2},"end":{"line":118,"column":3}},{"start":{"line":48,"column":2},"end":{"line":118,"column":3}}],"line":48},"4":{"loc":{"start":{"line":52,"column":9},"end":{"line":53,"column":55}},"type":"cond-expr","locations":[{"start":{"line":52,"column":48},"end":{"line":52,"column":161}},{"start":{"line":53,"column":8},"end":{"line":53,"column":55}}],"line":52},"5":{"loc":{"start":{"line":62,"column":21},"end":{"line":72,"column":24}},"type":"cond-expr","locations":[{"start":{"line":63,"column":14},"end":{"line":67,"column":29}},{"start":{"line":68,"column":14},"end":{"line":72,"column":24}}],"line":62},"6":{"loc":{"start":{"line":79,"column":11},"end":{"line":92,"column":13}},"type":"cond-expr","locations":[{"start":{"line":80,"column":12},"end":{"line":85,"column":23}},{"start":{"line":87,"column":14},"end":{"line":91,"column":25}}],"line":79},"7":{"loc":{"start":{"line":101,"column":9},"end":{"line":105,"column":11}},"type":"cond-expr","locations":[{"start":{"line":102,"column":10},"end":{"line":102,"column":86}},{"start":{"line":104,"column":12},"end":{"line":104,"column":16}}],"line":101}},"s":{"0":2,"1":2,"2":2,"3":2,"4":2,"5":1,"6":0,"7":1,"8":0,"9":2,"10":1,"11":1,"12":1,"13":0,"14":0,"15":1,"16":2,"17":0,"18":2,"19":0,"20":2,"21":0,"22":0,"23":2,"24":2,"25":0,"26":0,"27":0,"28":0},"f":{"0":2,"1":1,"2":0,"3":1,"4":0,"5":0,"6":0,"7":0,"8":0,"9":0},"b":{"0":[0,1],"1":[1,0],"2":[0,0],"3":[2,0],"4":[2,0],"5":[0,0],"6":[0,2],"7":[0,2]},"_coverageSchema":"1a1c01bbd47fc00a2c39e90264f33305004495a9","hash":"a720f162d6c22e10e2c86907e459594175ab37e6"}
,"/Users/ayokayy/FEC/FEC/client/src/components/Questions/Answer.jsx": {"path":"/Users/ayokayy/FEC/FEC/client/src/components/Questions/Answer.jsx","statementMap":{"0":{"start":{"line":4,"column":15},"end":{"line":24,"column":1}},"1":{"start":{"line":6,"column":22},"end":{"line":9,"column":3}},"2":{"start":{"line":7,"column":4},"end":{"line":8,"column":33}},"3":{"start":{"line":8,"column":17},"end":{"line":8,"column":31}},"4":{"start":{"line":11,"column":17},"end":{"line":14,"column":3}},"5":{"start":{"line":12,"column":4},"end":{"line":13,"column":33}},"6":{"start":{"line":13,"column":17},"end":{"line":13,"column":31}},"7":{"start":{"line":16,"column":2},"end":{"line":23,"column":4}}},"fnMap":{"0":{"name":"(anonymous_0)","decl":{"start":{"line":4,"column":15},"end":{"line":4,"column":16}},"loc":{"start":{"line":4,"column":45},"end":{"line":24,"column":1}},"line":4},"1":{"name":"(anonymous_1)","decl":{"start":{"line":6,"column":22},"end":{"line":6,"column":23}},"loc":{"start":{"line":6,"column":28},"end":{"line":9,"column":3}},"line":6},"2":{"name":"(anonymous_2)","decl":{"start":{"line":8,"column":12},"end":{"line":8,"column":13}},"loc":{"start":{"line":8,"column":17},"end":{"line":8,"column":31}},"line":8},"3":{"name":"(anonymous_3)","decl":{"start":{"line":11,"column":17},"end":{"line":11,"column":18}},"loc":{"start":{"line":11,"column":23},"end":{"line":14,"column":3}},"line":11},"4":{"name":"(anonymous_4)","decl":{"start":{"line":13,"column":12},"end":{"line":13,"column":13}},"loc":{"start":{"line":13,"column":17},"end":{"line":13,"column":31}},"line":13}},"branchMap":{},"s":{"0":1,"1":0,"2":0,"3":0,"4":0,"5":0,"6":0,"7":0},"f":{"0":0,"1":0,"2":0,"3":0,"4":0},"b":{},"_coverageSchema":"1a1c01bbd47fc00a2c39e90264f33305004495a9","hash":"b45da7d529317b68fe27263b67caf68d44291b0e"}
,"/Users/ayokayy/FEC/FEC/client/src/components/Questions/Questions.jsx": {"path":"/Users/ayokayy/FEC/FEC/client/src/components/Questions/Questions.jsx","statementMap":{"0":{"start":{"line":11,"column":18},"end":{"line":65,"column":1}},"1":{"start":{"line":12,"column":26},"end":{"line":12,"column":38}},"2":{"start":{"line":13,"column":50},"end":{"line":13,"column":61}},"3":{"start":{"line":14,"column":34},"end":{"line":14,"column":49}},"4":{"start":{"line":16,"column":2},"end":{"line":18,"column":9}},"5":{"start":{"line":17,"column":4},"end":{"line":17,"column":30}},"6":{"start":{"line":20,"column":17},"end":{"line":31,"column":3}},"7":{"start":{"line":21,"column":4},"end":{"line":30,"column":40}},"8":{"start":{"line":24,"column":8},"end":{"line":28,"column":9}},"9":{"start":{"line":25,"column":10},"end":{"line":27,"column":11}},"10":{"start":{"line":26,"column":12},"end":{"line":26,"column":50}},"11":{"start":{"line":30,"column":22},"end":{"line":30,"column":38}},"12":{"start":{"line":33,"column":2},"end":{"line":33,"column":33}},"13":{"start":{"line":35,"column":17},"end":{"line":38,"column":3}},"14":{"start":{"line":36,"column":4},"end":{"line":36,"column":73}},"15":{"start":{"line":37,"column":4},"end":{"line":37,"column":27}},"16":{"start":{"line":40,"column":2},"end":{"line":64,"column":4}},"17":{"start":{"line":46,"column":10},"end":{"line":46,"column":79}}},"fnMap":{"0":{"name":"(anonymous_0)","decl":{"start":{"line":11,"column":18},"end":{"line":11,"column":19}},"loc":{"start":{"line":11,"column":29},"end":{"line":65,"column":1}},"line":11},"1":{"name":"(anonymous_1)","decl":{"start":{"line":16,"column":12},"end":{"line":16,"column":13}},"loc":{"start":{"line":16,"column":18},"end":{"line":18,"column":3}},"line":16},"2":{"name":"(anonymous_2)","decl":{"start":{"line":20,"column":17},"end":{"line":20,"column":18}},"loc":{"start":{"line":20,"column":38},"end":{"line":31,"column":3}},"line":20},"3":{"name":"(anonymous_3)","decl":{"start":{"line":23,"column":12},"end":{"line":23,"column":13}},"loc":{"start":{"line":24,"column":8},"end":{"line":28,"column":9}},"line":24},"4":{"name":"(anonymous_4)","decl":{"start":{"line":24,"column":16},"end":{"line":24,"column":17}},"loc":{"start":{"line":25,"column":10},"end":{"line":27,"column":11}},"line":25},"5":{"name":"(anonymous_5)","decl":{"start":{"line":25,"column":35},"end":{"line":25,"column":36}},"loc":{"start":{"line":26,"column":12},"end":{"line":26,"column":50}},"line":26},"6":{"name":"(anonymous_6)","decl":{"start":{"line":30,"column":13},"end":{"line":30,"column":14}},"loc":{"start":{"line":30,"column":22},"end":{"line":30,"column":38}},"line":30},"7":{"name":"(anonymous_7)","decl":{"start":{"line":35,"column":17},"end":{"line":35,"column":18}},"loc":{"start":{"line":35,"column":23},"end":{"line":38,"column":3}},"line":35},"8":{"name":"(anonymous_8)","decl":{"start":{"line":45,"column":18},"end":{"line":45,"column":19}},"loc":{"start":{"line":46,"column":10},"end":{"line":46,"column":79}},"line":46}},"branchMap":{"0":{"loc":{"start":{"line":26,"column":12},"end":{"line":26,"column":50}},"type":"cond-expr","locations":[{"start":{"line":26,"column":44},"end":{"line":26,"column":46}},{"start":{"line":26,"column":49},"end":{"line":26,"column":50}}],"line":26},"1":{"loc":{"start":{"line":36,"column":4},"end":{"line":36,"column":72}},"type":"cond-expr","locations":[{"start":{"line":36,"column":15},"end":{"line":36,"column":37}},{"start":{"line":36,"column":40},"end":{"line":36,"column":72}}],"line":36},"2":{"loc":{"start":{"line":48,"column":9},"end":{"line":58,"column":16}},"type":"cond-expr","locations":[{"start":{"line":49,"column":10},"end":{"line":57,"column":19}},{"start":{"line":58,"column":12},"end":{"line":58,"column":16}}],"line":48},"3":{"loc":{"start":{"line":56,"column":13},"end":{"line":56,"column":99}},"type":"cond-expr","locations":[{"start":{"line":56,"column":24},"end":{"line":56,"column":60}},{"start":{"line":56,"column":63},"end":{"line":56,"column":99}}],"line":56}},"s":{"0":1,"1":1,"2":1,"3":1,"4":1,"5":1,"6":1,"7":1,"8":0,"9":0,"10":0,"11":0,"12":1,"13":1,"14":0,"15":0,"16":1,"17":0},"f":{"0":1,"1":1,"2":1,"3":0,"4":0,"5":0,"6":0,"7":0,"8":0},"b":{"0":[0,0],"1":[0,0],"2":[0,1],"3":[0,0]},"_coverageSchema":"1a1c01bbd47fc00a2c39e90264f33305004495a9","hash":"4f3c61785593240cde7a3185c9ac0ca5fc339317"}
,"/Users/ayokayy/FEC/FEC/client/src/components/Questions/helperFunction.js": {"path":"/Users/ayokayy/FEC/FEC/client/src/components/Questions/helperFunction.js","statementMap":{"0":{"start":{"line":1,"column":27},"end":{"line":1,"column":64}},"1":{"start":{"line":3,"column":15},"end":{"line":3,"column":68}},"2":{"start":{"line":4,"column":13},"end":{"line":7,"column":1}},"3":{"start":{"line":11,"column":4},"end":{"line":17,"column":9}},"4":{"start":{"line":19,"column":19},"end":{"line":22,"column":4}},"5":{"start":{"line":24,"column":2},"end":{"line":24,"column":25}},"6":{"start":{"line":28,"column":12},"end":{"line":28,"column":37}},"7":{"start":{"line":30,"column":19},"end":{"line":34,"column":4}},"8":{"start":{"line":35,"column":2},"end":{"line":35,"column":25}},"9":{"start":{"line":39,"column":12},"end":{"line":39,"column":67}},"10":{"start":{"line":41,"column":19},"end":{"line":45,"column":4}},"11":{"start":{"line":46,"column":2},"end":{"line":46,"column":25}},"12":{"start":{"line":50,"column":12},"end":{"line":50,"column":33}},"13":{"start":{"line":52,"column":19},"end":{"line":55,"column":4}},"14":{"start":{"line":56,"column":2},"end":{"line":56,"column":25}},"15":{"start":{"line":60,"column":12},"end":{"line":60,"column":59}},"16":{"start":{"line":62,"column":19},"end":{"line":65,"column":4}},"17":{"start":{"line":67,"column":2},"end":{"line":67,"column":19}},"18":{"start":{"line":71,"column":12},"end":{"line":71,"column":55}},"19":{"start":{"line":73,"column":19},"end":{"line":76,"column":4}},"20":{"start":{"line":77,"column":2},"end":{"line":77,"column":19}},"21":{"start":{"line":81,"column":12},"end":{"line":81,"column":54}},"22":{"start":{"line":83,"column":19},"end":{"line":86,"column":4}},"23":{"start":{"line":87,"column":2},"end":{"line":87,"column":20}},"24":{"start":{"line":90,"column":0},"end":{"line":97,"column":2}}},"fnMap":{"0":{"name":"getQuestions","decl":{"start":{"line":9,"column":15},"end":{"line":9,"column":27}},"loc":{"start":{"line":9,"column":69},"end":{"line":25,"column":1}},"line":9},"1":{"name":"addQuestion","decl":{"start":{"line":27,"column":15},"end":{"line":27,"column":26}},"loc":{"start":{"line":27,"column":36},"end":{"line":36,"column":1}},"line":27},"2":{"name":"addAnswer","decl":{"start":{"line":38,"column":15},"end":{"line":38,"column":24}},"loc":{"start":{"line":38,"column":34},"end":{"line":47,"column":1}},"line":38},"3":{"name":"getProducts","decl":{"start":{"line":49,"column":15},"end":{"line":49,"column":26}},"loc":{"start":{"line":49,"column":29},"end":{"line":57,"column":1}},"line":49},"4":{"name":"markQuestionHelpful","decl":{"start":{"line":59,"column":15},"end":{"line":59,"column":34}},"loc":{"start":{"line":59,"column":47},"end":{"line":68,"column":1}},"line":59},"5":{"name":"markAnswerHelpful","decl":{"start":{"line":70,"column":15},"end":{"line":70,"column":32}},"loc":{"start":{"line":70,"column":43},"end":{"line":78,"column":1}},"line":70},"6":{"name":"reportAnswer","decl":{"start":{"line":80,"column":15},"end":{"line":80,"column":27}},"loc":{"start":{"line":80,"column":38},"end":{"line":88,"column":1}},"line":80}},"branchMap":{"0":{"loc":{"start":{"line":9,"column":28},"end":{"line":9,"column":46}},"type":"default-arg","locations":[{"start":{"line":9,"column":41},"end":{"line":9,"column":46}}],"line":9},"1":{"loc":{"start":{"line":9,"column":48},"end":{"line":9,"column":56}},"type":"default-arg","locations":[{"start":{"line":9,"column":55},"end":{"line":9,"column":56}}],"line":9},"2":{"loc":{"start":{"line":9,"column":58},"end":{"line":9,"column":67}},"type":"default-arg","locations":[{"start":{"line":9,"column":66},"end":{"line":9,"column":67}}],"line":9}},"s":{"0":1,"1":1,"2":1,"3":0,"4":0,"5":0,"6":0,"7":0,"8":0,"9":0,"10":0,"11":0,"12":0,"13":0,"14":0,"15":0,"16":0,"17":0,"18":0,"19":0,"20":0,"21":0,"22":0,"23":0,"24":1},"f":{"0":0,"1":0,"2":0,"3":0,"4":0,"5":0,"6":0},"b":{"0":[0],"1":[0],"2":[0]},"_coverageSchema":"1a1c01bbd47fc00a2c39e90264f33305004495a9","hash":"2fed5bf513135449820e0d1b7caafd34f9b9dab5"}
,"/Users/ayokayy/FEC/FEC/client/src/components/Questions/QuestionCom/Question.jsx": {"path":"/Users/ayokayy/FEC/FEC/client/src/components/Questions/QuestionCom/Question.jsx","statementMap":{"0":{"start":{"line":6,"column":17},"end":{"line":58,"column":1}},"1":{"start":{"line":7,"column":16},"end":{"line":9,"column":61}},"2":{"start":{"line":8,"column":16},"end":{"line":8,"column":20}},"3":{"start":{"line":9,"column":21},"end":{"line":9,"column":59}},"4":{"start":{"line":11,"column":44},"end":{"line":11,"column":55}},"5":{"start":{"line":12,"column":34},"end":{"line":12,"column":49}},"6":{"start":{"line":14,"column":19},"end":{"line":17,"column":3}},"7":{"start":{"line":15,"column":4},"end":{"line":15,"column":70}},"8":{"start":{"line":16,"column":4},"end":{"line":16,"column":27}},"9":{"start":{"line":19,"column":22},"end":{"line":21,"column":3}},"10":{"start":{"line":20,"column":4},"end":{"line":20,"column":73}},"11":{"start":{"line":20,"column":57},"end":{"line":20,"column":71}},"12":{"start":{"line":23,"column":2},"end":{"line":57,"column":4}},"13":{"start":{"line":38,"column":14},"end":{"line":40,"column":16}}},"fnMap":{"0":{"name":"(anonymous_0)","decl":{"start":{"line":6,"column":17},"end":{"line":6,"column":18}},"loc":{"start":{"line":6,"column":49},"end":{"line":58,"column":1}},"line":6},"1":{"name":"(anonymous_1)","decl":{"start":{"line":8,"column":9},"end":{"line":8,"column":10}},"loc":{"start":{"line":8,"column":16},"end":{"line":8,"column":20}},"line":8},"2":{"name":"(anonymous_2)","decl":{"start":{"line":9,"column":10},"end":{"line":9,"column":11}},"loc":{"start":{"line":9,"column":21},"end":{"line":9,"column":59}},"line":9},"3":{"name":"(anonymous_3)","decl":{"start":{"line":14,"column":19},"end":{"line":14,"column":20}},"loc":{"start":{"line":14,"column":25},"end":{"line":17,"column":3}},"line":14},"4":{"name":"(anonymous_4)","decl":{"start":{"line":19,"column":22},"end":{"line":19,"column":23}},"loc":{"start":{"line":19,"column":28},"end":{"line":21,"column":3}},"line":19},"5":{"name":"(anonymous_5)","decl":{"start":{"line":20,"column":51},"end":{"line":20,"column":52}},"loc":{"start":{"line":20,"column":57},"end":{"line":20,"column":71}},"line":20},"6":{"name":"(anonymous_6)","decl":{"start":{"line":37,"column":49},"end":{"line":37,"column":50}},"loc":{"start":{"line":37,"column":56},"end":{"line":41,"column":13}},"line":37}},"branchMap":{"0":{"loc":{"start":{"line":9,"column":21},"end":{"line":9,"column":59}},"type":"cond-expr","locations":[{"start":{"line":9,"column":53},"end":{"line":9,"column":55}},{"start":{"line":9,"column":58},"end":{"line":9,"column":59}}],"line":9},"1":{"loc":{"start":{"line":15,"column":4},"end":{"line":15,"column":69}},"type":"cond-expr","locations":[{"start":{"line":15,"column":15},"end":{"line":15,"column":34}},{"start":{"line":15,"column":37},"end":{"line":15,"column":69}}],"line":15},"2":{"loc":{"start":{"line":45,"column":11},"end":{"line":53,"column":18}},"type":"cond-expr","locations":[{"start":{"line":46,"column":12},"end":{"line":52,"column":21}},{"start":{"line":53,"column":14},"end":{"line":53,"column":18}}],"line":45},"3":{"loc":{"start":{"line":47,"column":15},"end":{"line":51,"column":15}},"type":"cond-expr","locations":[{"start":{"line":48,"column":16},"end":{"line":48,"column":47}},{"start":{"line":50,"column":16},"end":{"line":50,"column":46}}],"line":47}},"s":{"0":1,"1":0,"2":0,"3":0,"4":0,"5":0,"6":0,"7":0,"8":0,"9":0,"10":0,"11":0,"12":0,"13":0},"f":{"0":0,"1":0,"2":0,"3":0,"4":0,"5":0,"6":0},"b":{"0":[0,0],"1":[0,0],"2":[0,0],"3":[0,0]},"_coverageSchema":"1a1c01bbd47fc00a2c39e90264f33305004495a9","hash":"7d3d78162b81baf720e50869f7cace861e19777c"}
,"/Users/ayokayy/FEC/FEC/client/src/components/Questions/QuestionCom/QuestionSearch.jsx": {"path":"/Users/ayokayy/FEC/FEC/client/src/components/Questions/QuestionCom/QuestionSearch.jsx","statementMap":{"0":{"start":{"line":4,"column":23},"end":{"line":16,"column":1}},"1":{"start":{"line":5,"column":2},"end":{"line":15,"column":8}}},"fnMap":{"0":{"name":"(anonymous_0)","decl":{"start":{"line":4,"column":23},"end":{"line":4,"column":24}},"loc":{"start":{"line":5,"column":2},"end":{"line":15,"column":8}},"line":5}},"branchMap":{},"s":{"0":1,"1":1},"f":{"0":1},"b":{},"_coverageSchema":"1a1c01bbd47fc00a2c39e90264f33305004495a9","hash":"467babab432f5576bbb5cb0d06dc405e74894aef"}
,"/Users/ayokayy/FEC/FEC/client/src/components/RatingsReviews/RatingsReviews.jsx": {"path":"/Users/ayokayy/FEC/FEC/client/src/components/RatingsReviews/RatingsReviews.jsx","statementMap":{"0":{"start":{"line":11,"column":23},"end":{"line":88,"column":1}},"1":{"start":{"line":13,"column":32},"end":{"line":13,"column":44}},"2":{"start":{"line":14,"column":32},"end":{"line":14,"column":43}},"3":{"start":{"line":15,"column":26},"end":{"line":15,"column":37}},"4":{"start":{"line":16,"column":34},"end":{"line":16,"column":45}},"5":{"start":{"line":17,"column":28},"end":{"line":17,"column":40}},"6":{"start":{"line":18,"column":48},"end":{"line":18,"column":60}},"7":{"start":{"line":19,"column":36},"end":{"line":19,"column":48}},"8":{"start":{"line":20,"column":26},"end":{"line":20,"column":38}},"9":{"start":{"line":21,"column":26},"end":{"line":21,"column":40}},"10":{"start":{"line":22,"column":26},"end":{"line":22,"column":41}},"11":{"start":{"line":24,"column":2},"end":{"line":26,"column":35}},"12":{"start":{"line":25,"column":4},"end":{"line":25,"column":17}},"13":{"start":{"line":28,"column":21},"end":{"line":34,"column":3}},"14":{"start":{"line":29,"column":4},"end":{"line":33,"column":45}},"15":{"start":{"line":30,"column":25},"end":{"line":30,"column":63}},"16":{"start":{"line":30,"column":42},"end":{"line":30,"column":62}},"17":{"start":{"line":31,"column":18},"end":{"line":31,"column":48}},"18":{"start":{"line":31,"column":39},"end":{"line":31,"column":47}},"19":{"start":{"line":32,"column":18},"end":{"line":32,"column":97}},"20":{"start":{"line":32,"column":65},"end":{"line":32,"column":70}},"21":{"start":{"line":32,"column":91},"end":{"line":32,"column":95}},"22":{"start":{"line":33,"column":20},"end":{"line":33,"column":44}},"23":{"start":{"line":36,"column":2},"end":{"line":44,"column":23}},"24":{"start":{"line":37,"column":4},"end":{"line":43,"column":8}},"25":{"start":{"line":39,"column":8},"end":{"line":39,"column":44}},"26":{"start":{"line":39,"column":23},"end":{"line":39,"column":43}},"27":{"start":{"line":40,"column":8},"end":{"line":40,"column":62}},"28":{"start":{"line":40,"column":33},"end":{"line":40,"column":61}},"29":{"start":{"line":41,"column":8},"end":{"line":41,"column":35}},"30":{"start":{"line":41,"column":22},"end":{"line":41,"column":34}},"31":{"start":{"line":42,"column":8},"end":{"line":42,"column":52}},"32":{"start":{"line":42,"column":27},"end":{"line":42,"column":51}},"33":{"start":{"line":46,"column":2},"end":{"line":87,"column":3}},"34":{"start":{"line":60,"column":14},"end":{"line":60,"column":37}},"35":{"start":{"line":60,"column":28},"end":{"line":60,"column":36}},"36":{"start":{"line":61,"column":14},"end":{"line":61,"column":33}},"37":{"start":{"line":61,"column":31},"end":{"line":61,"column":32}},"38":{"start":{"line":66,"column":14},"end":{"line":66,"column":39}},"39":{"start":{"line":66,"column":28},"end":{"line":66,"column":38}},"40":{"start":{"line":67,"column":14},"end":{"line":67,"column":33}},"41":{"start":{"line":67,"column":31},"end":{"line":67,"column":32}},"42":{"start":{"line":72,"column":14},"end":{"line":72,"column":38}},"43":{"start":{"line":72,"column":28},"end":{"line":72,"column":37}},"44":{"start":{"line":73,"column":14},"end":{"line":73,"column":33}},"45":{"start":{"line":73,"column":31},"end":{"line":73,"column":32}}},"fnMap":{"0":{"name":"(anonymous_0)","decl":{"start":{"line":11,"column":23},"end":{"line":11,"column":24}},"loc":{"start":{"line":11,"column":34},"end":{"line":88,"column":1}},"line":11},"1":{"name":"(anonymous_1)","decl":{"start":{"line":24,"column":12},"end":{"line":24,"column":13}},"loc":{"start":{"line":24,"column":18},"end":{"line":26,"column":3}},"line":24},"2":{"name":"(anonymous_2)","decl":{"start":{"line":28,"column":21},"end":{"line":28,"column":22}},"loc":{"start":{"line":28,"column":27},"end":{"line":34,"column":3}},"line":28},"3":{"name":"(anonymous_3)","decl":{"start":{"line":30,"column":12},"end":{"line":30,"column":13}},"loc":{"start":{"line":30,"column":25},"end":{"line":30,"column":63}},"line":30},"4":{"name":"(anonymous_4)","decl":{"start":{"line":30,"column":36},"end":{"line":30,"column":37}},"loc":{"start":{"line":30,"column":42},"end":{"line":30,"column":62}},"line":30},"5":{"name":"(anonymous_5)","decl":{"start":{"line":31,"column":12},"end":{"line":31,"column":13}},"loc":{"start":{"line":31,"column":18},"end":{"line":31,"column":48}},"line":31},"6":{"name":"(anonymous_6)","decl":{"start":{"line":31,"column":29},"end":{"line":31,"column":30}},"loc":{"start":{"line":31,"column":39},"end":{"line":31,"column":47}},"line":31},"7":{"name":"(anonymous_7)","decl":{"start":{"line":32,"column":12},"end":{"line":32,"column":13}},"loc":{"start":{"line":32,"column":18},"end":{"line":32,"column":97}},"line":32},"8":{"name":"(anonymous_8)","decl":{"start":{"line":32,"column":57},"end":{"line":32,"column":58}},"loc":{"start":{"line":32,"column":65},"end":{"line":32,"column":70}},"line":32},"9":{"name":"(anonymous_9)","decl":{"start":{"line":32,"column":82},"end":{"line":32,"column":83}},"loc":{"start":{"line":32,"column":91},"end":{"line":32,"column":95}},"line":32},"10":{"name":"(anonymous_10)","decl":{"start":{"line":33,"column":13},"end":{"line":33,"column":14}},"loc":{"start":{"line":33,"column":20},"end":{"line":33,"column":44}},"line":33},"11":{"name":"(anonymous_11)","decl":{"start":{"line":36,"column":12},"end":{"line":36,"column":13}},"loc":{"start":{"line":36,"column":18},"end":{"line":44,"column":3}},"line":36},"12":{"name":"(anonymous_12)","decl":{"start":{"line":38,"column":12},"end":{"line":38,"column":13}},"loc":{"start":{"line":38,"column":25},"end":{"line":43,"column":7}},"line":38},"13":{"name":"(anonymous_13)","decl":{"start":{"line":39,"column":17},"end":{"line":39,"column":18}},"loc":{"start":{"line":39,"column":23},"end":{"line":39,"column":43}},"line":39},"14":{"name":"(anonymous_14)","decl":{"start":{"line":40,"column":27},"end":{"line":40,"column":28}},"loc":{"start":{"line":40,"column":33},"end":{"line":40,"column":61}},"line":40},"15":{"name":"(anonymous_15)","decl":{"start":{"line":41,"column":16},"end":{"line":41,"column":17}},"loc":{"start":{"line":41,"column":22},"end":{"line":41,"column":34}},"line":41},"16":{"name":"(anonymous_16)","decl":{"start":{"line":42,"column":21},"end":{"line":42,"column":22}},"loc":{"start":{"line":42,"column":27},"end":{"line":42,"column":51}},"line":42},"17":{"name":"(anonymous_17)","decl":{"start":{"line":59,"column":36},"end":{"line":59,"column":37}},"loc":{"start":{"line":59,"column":43},"end":{"line":61,"column":34}},"line":59},"18":{"name":"(anonymous_18)","decl":{"start":{"line":60,"column":22},"end":{"line":60,"column":23}},"loc":{"start":{"line":60,"column":28},"end":{"line":60,"column":36}},"line":60},"19":{"name":"(anonymous_19)","decl":{"start":{"line":61,"column":25},"end":{"line":61,"column":26}},"loc":{"start":{"line":61,"column":31},"end":{"line":61,"column":32}},"line":61},"20":{"name":"(anonymous_20)","decl":{"start":{"line":65,"column":36},"end":{"line":65,"column":37}},"loc":{"start":{"line":65,"column":43},"end":{"line":67,"column":34}},"line":65},"21":{"name":"(anonymous_21)","decl":{"start":{"line":66,"column":22},"end":{"line":66,"column":23}},"loc":{"start":{"line":66,"column":28},"end":{"line":66,"column":38}},"line":66},"22":{"name":"(anonymous_22)","decl":{"start":{"line":67,"column":25},"end":{"line":67,"column":26}},"loc":{"start":{"line":67,"column":31},"end":{"line":67,"column":32}},"line":67},"23":{"name":"(anonymous_23)","decl":{"start":{"line":71,"column":36},"end":{"line":71,"column":37}},"loc":{"start":{"line":71,"column":43},"end":{"line":73,"column":34}},"line":71},"24":{"name":"(anonymous_24)","decl":{"start":{"line":72,"column":22},"end":{"line":72,"column":23}},"loc":{"start":{"line":72,"column":28},"end":{"line":72,"column":37}},"line":72},"25":{"name":"(anonymous_25)","decl":{"start":{"line":73,"column":25},"end":{"line":73,"column":26}},"loc":{"start":{"line":73,"column":31},"end":{"line":73,"column":32}},"line":73}},"branchMap":{"0":{"loc":{"start":{"line":32,"column":18},"end":{"line":32,"column":97}},"type":"cond-expr","locations":[{"start":{"line":32,"column":49},"end":{"line":32,"column":71}},{"start":{"line":32,"column":74},"end":{"line":32,"column":97}}],"line":32}},"s":{"0":2,"1":10,"2":10,"3":10,"4":10,"5":10,"6":10,"7":10,"8":10,"9":10,"10":10,"11":10,"12":10,"13":10,"14":10,"15":0,"16":0,"17":0,"18":0,"19":0,"20":0,"21":0,"22":0,"23":10,"24":10,"25":0,"26":0,"27":0,"28":0,"29":0,"30":0,"31":0,"32":0,"33":10,"34":0,"35":0,"36":0,"37":0,"38":0,"39":0,"40":0,"41":0,"42":0,"43":0,"44":0,"45":0},"f":{"0":10,"1":10,"2":10,"3":0,"4":0,"5":0,"6":0,"7":0,"8":0,"9":0,"10":0,"11":10,"12":0,"13":0,"14":0,"15":0,"16":0,"17":0,"18":0,"19":0,"20":0,"21":0,"22":0,"23":0,"24":0,"25":0},"b":{"0":[0,0]},"_coverageSchema":"1a1c01bbd47fc00a2c39e90264f33305004495a9","hash":"5461e3ff670f19c99cd36964c5a2b41cd85c4506"}
,"/Users/ayokayy/FEC/FEC/client/src/components/RatingsReviews/components/Footer.jsx": {"path":"/Users/ayokayy/FEC/FEC/client/src/components/RatingsReviews/components/Footer.jsx","statementMap":{"0":{"start":{"line":5,"column":14},"end":{"line":7,"column":3}},"1":{"start":{"line":9,"column":15},"end":{"line":48,"column":1}},"2":{"start":{"line":11,"column":36},"end":{"line":11,"column":51}},"3":{"start":{"line":12,"column":32},"end":{"line":12,"column":47}},"4":{"start":{"line":14,"column":22},"end":{"line":16,"column":3}},"5":{"start":{"line":15,"column":4},"end":{"line":15,"column":30}},"6":{"start":{"line":15,"column":23},"end":{"line":15,"column":28}},"7":{"start":{"line":17,"column":15},"end":{"line":32,"column":3}},"8":{"start":{"line":18,"column":4},"end":{"line":31,"column":5}},"9":{"start":{"line":19,"column":6},"end":{"line":24,"column":7}},"10":{"start":{"line":22,"column":33},"end":{"line":22,"column":46}},"11":{"start":{"line":26,"column":6},"end":{"line":30,"column":7}},"12":{"start":{"line":28,"column":31},"end":{"line":28,"column":44}},"13":{"start":{"line":34,"column":15},"end":{"line":43,"column":3}},"14":{"start":{"line":35,"column":4},"end":{"line":42,"column":7}},"15":{"start":{"line":45,"column":2},"end":{"line":47,"column":3}}},"fnMap":{"0":{"name":"(anonymous_0)","decl":{"start":{"line":9,"column":15},"end":{"line":9,"column":16}},"loc":{"start":{"line":9,"column":26},"end":{"line":48,"column":1}},"line":9},"1":{"name":"(anonymous_1)","decl":{"start":{"line":14,"column":22},"end":{"line":14,"column":23}},"loc":{"start":{"line":14,"column":28},"end":{"line":16,"column":3}},"line":14},"2":{"name":"(anonymous_2)","decl":{"start":{"line":15,"column":13},"end":{"line":15,"column":14}},"loc":{"start":{"line":15,"column":23},"end":{"line":15,"column":28}},"line":15},"3":{"name":"(anonymous_3)","decl":{"start":{"line":17,"column":15},"end":{"line":17,"column":16}},"loc":{"start":{"line":17,"column":21},"end":{"line":32,"column":3}},"line":17},"4":{"name":"(anonymous_4)","decl":{"start":{"line":22,"column":27},"end":{"line":22,"column":28}},"loc":{"start":{"line":22,"column":33},"end":{"line":22,"column":46}},"line":22},"5":{"name":"(anonymous_5)","decl":{"start":{"line":28,"column":25},"end":{"line":28,"column":26}},"loc":{"start":{"line":28,"column":31},"end":{"line":28,"column":44}},"line":28},"6":{"name":"(anonymous_6)","decl":{"start":{"line":34,"column":15},"end":{"line":34,"column":16}},"loc":{"start":{"line":34,"column":21},"end":{"line":43,"column":3}},"line":34}},"branchMap":{"0":{"loc":{"start":{"line":18,"column":4},"end":{"line":31,"column":5}},"type":"if","locations":[{"start":{"line":18,"column":4},"end":{"line":31,"column":5}},{"start":{"line":18,"column":4},"end":{"line":31,"column":5}}],"line":18},"1":{"loc":{"start":{"line":18,"column":8},"end":{"line":18,"column":47}},"type":"binary-expr","locations":[{"start":{"line":18,"column":8},"end":{"line":18,"column":19}},{"start":{"line":18,"column":23},"end":{"line":18,"column":47}}],"line":18}},"s":{"0":2,"1":2,"2":10,"3":10,"4":10,"5":0,"6":0,"7":10,"8":10,"9":0,"10":0,"11":10,"12":0,"13":10,"14":10,"15":10},"f":{"0":10,"1":0,"2":0,"3":10,"4":0,"5":0,"6":10},"b":{"0":[0,10],"1":[10,10]},"_coverageSchema":"1a1c01bbd47fc00a2c39e90264f33305004495a9","hash":"a86f11596b869c06d0beea9e66564f28198c4d07"}
,"/Users/ayokayy/FEC/FEC/client/src/components/RatingsReviews/components/Header.jsx": {"path":"/Users/ayokayy/FEC/FEC/client/src/components/RatingsReviews/components/Header.jsx","statementMap":{"0":{"start":{"line":2,"column":14},"end":{"line":4,"column":1}},"1":{"start":{"line":5,"column":15},"end":{"line":9,"column":1}},"2":{"start":{"line":6,"column":2},"end":{"line":8,"column":3}}},"fnMap":{"0":{"name":"(anonymous_0)","decl":{"start":{"line":5,"column":15},"end":{"line":5,"column":16}},"loc":{"start":{"line":5,"column":21},"end":{"line":9,"column":1}},"line":5}},"branchMap":{},"s":{"0":2,"1":2,"2":10},"f":{"0":10},"b":{},"_coverageSchema":"1a1c01bbd47fc00a2c39e90264f33305004495a9","hash":"42f5b422bf1cc0b20f1a77ddd65019a7369b5cd4"}
,"/Users/ayokayy/FEC/FEC/client/src/components/RatingsReviews/components/RatingsGraph.jsx": {"path":"/Users/ayokayy/FEC/FEC/client/src/components/RatingsReviews/components/RatingsGraph.jsx","statementMap":{"0":{"start":{"line":7,"column":21},"end":{"line":183,"column":1}},"1":{"start":{"line":8,"column":28},"end":{"line":8,"column":39}},"2":{"start":{"line":9,"column":26},"end":{"line":9,"column":37}},"3":{"start":{"line":10,"column":26},"end":{"line":10,"column":37}},"4":{"start":{"line":11,"column":29},"end":{"line":11,"column":40}},"5":{"start":{"line":12,"column":27},"end":{"line":12,"column":38}},"6":{"start":{"line":13,"column":27},"end":{"line":13,"column":38}},"7":{"start":{"line":14,"column":36},"end":{"line":14,"column":47}},"8":{"start":{"line":15,"column":34},"end":{"line":15,"column":45}},"9":{"start":{"line":16,"column":48},"end":{"line":16,"column":60}},"10":{"start":{"line":18,"column":2},"end":{"line":21,"column":18}},"11":{"start":{"line":19,"column":4},"end":{"line":19,"column":31}},"12":{"start":{"line":20,"column":4},"end":{"line":20,"column":40}},"13":{"start":{"line":23,"column":2},"end":{"line":26,"column":13}},"14":{"start":{"line":24,"column":4},"end":{"line":24,"column":17}},"15":{"start":{"line":25,"column":4},"end":{"line":25,"column":16}},"16":{"start":{"line":28,"column":2},"end":{"line":33,"column":27}},"17":{"start":{"line":29,"column":4},"end":{"line":29,"column":14}},"18":{"start":{"line":30,"column":4},"end":{"line":30,"column":17}},"19":{"start":{"line":31,"column":4},"end":{"line":31,"column":31}},"20":{"start":{"line":32,"column":4},"end":{"line":32,"column":40}},"21":{"start":{"line":35,"column":15},"end":{"line":39,"column":3}},"22":{"start":{"line":36,"column":4},"end":{"line":38,"column":5}},"23":{"start":{"line":37,"column":6},"end":{"line":37,"column":51}},"24":{"start":{"line":37,"column":24},"end":{"line":37,"column":50}},"25":{"start":{"line":41,"column":19},"end":{"line":52,"column":3}},"26":{"start":{"line":42,"column":4},"end":{"line":42,"column":25}},"27":{"start":{"line":42,"column":22},"end":{"line":42,"column":23}},"28":{"start":{"line":43,"column":4},"end":{"line":43,"column":18}},"29":{"start":{"line":43,"column":15},"end":{"line":43,"column":16}},"30":{"start":{"line":44,"column":4},"end":{"line":44,"column":18}},"31":{"start":{"line":44,"column":15},"end":{"line":44,"column":16}},"32":{"start":{"line":45,"column":4},"end":{"line":45,"column":18}},"33":{"start":{"line":45,"column":15},"end":{"line":45,"column":16}},"34":{"start":{"line":46,"column":4},"end":{"line":46,"column":18}},"35":{"start":{"line":46,"column":15},"end":{"line":46,"column":16}},"36":{"start":{"line":47,"column":4},"end":{"line":47,"column":18}},"37":{"start":{"line":47,"column":15},"end":{"line":47,"column":16}},"38":{"start":{"line":48,"column":4},"end":{"line":48,"column":22}},"39":{"start":{"line":48,"column":19},"end":{"line":48,"column":20}},"40":{"start":{"line":49,"column":4},"end":{"line":49,"column":33}},"41":{"start":{"line":49,"column":29},"end":{"line":49,"column":31}},"42":{"start":{"line":50,"column":4},"end":{"line":50,"column":26}},"43":{"start":{"line":50,"column":23},"end":{"line":50,"column":24}},"44":{"start":{"line":51,"column":4},"end":{"line":51,"column":17}},"45":{"start":{"line":54,"column":21},"end":{"line":58,"column":3}},"46":{"start":{"line":55,"column":4},"end":{"line":57,"column":5}},"47":{"start":{"line":56,"column":6},"end":{"line":56,"column":59}},"48":{"start":{"line":56,"column":24},"end":{"line":56,"column":58}},"49":{"start":{"line":59,"column":22},"end":{"line":66,"column":3}},"50":{"start":{"line":60,"column":4},"end":{"line":60,"column":54}},"51":{"start":{"line":60,"column":15},"end":{"line":60,"column":53}},"52":{"start":{"line":61,"column":4},"end":{"line":61,"column":54}},"53":{"start":{"line":61,"column":15},"end":{"line":61,"column":53}},"54":{"start":{"line":62,"column":4},"end":{"line":62,"column":54}},"55":{"start":{"line":62,"column":15},"end":{"line":62,"column":53}},"56":{"start":{"line":63,"column":4},"end":{"line":63,"column":54}},"57":{"start":{"line":63,"column":15},"end":{"line":63,"column":53}},"58":{"start":{"line":64,"column":4},"end":{"line":64,"column":54}},"59":{"start":{"line":64,"column":15},"end":{"line":64,"column":53}},"60":{"start":{"line":65,"column":4},"end":{"line":65,"column":60}},"61":{"start":{"line":65,"column":26},"end":{"line":65,"column":59}},"62":{"start":{"line":67,"column":21},"end":{"line":71,"column":3}},"63":{"start":{"line":68,"column":4},"end":{"line":70,"column":5}},"64":{"start":{"line":69,"column":6},"end":{"line":69,"column":98}},"65":{"start":{"line":69,"column":35},"end":{"line":69,"column":97}},"66":{"start":{"line":73,"column":22},"end":{"line":139,"column":3}},"67":{"start":{"line":74,"column":4},"end":{"line":138,"column":5}},"68":{"start":{"line":74,"column":17},"end":{"line":74,"column":18}},"69":{"start":{"line":75,"column":6},"end":{"line":137,"column":7}},"70":{"start":{"line":141,"column":2},"end":{"line":182,"column":3}},"71":{"start":{"line":169,"column":12},"end":{"line":173,"column":18}}},"fnMap":{"0":{"name":"(anonymous_0)","decl":{"start":{"line":7,"column":21},"end":{"line":7,"column":22}},"loc":{"start":{"line":7,"column":32},"end":{"line":183,"column":1}},"line":7},"1":{"name":"(anonymous_1)","decl":{"start":{"line":18,"column":12},"end":{"line":18,"column":13}},"loc":{"start":{"line":18,"column":18},"end":{"line":21,"column":3}},"line":18},"2":{"name":"(anonymous_2)","decl":{"start":{"line":23,"column":12},"end":{"line":23,"column":13}},"loc":{"start":{"line":23,"column":18},"end":{"line":26,"column":3}},"line":23},"3":{"name":"(anonymous_3)","decl":{"start":{"line":28,"column":12},"end":{"line":28,"column":13}},"loc":{"start":{"line":28,"column":18},"end":{"line":33,"column":3}},"line":28},"4":{"name":"(anonymous_4)","decl":{"start":{"line":35,"column":15},"end":{"line":35,"column":16}},"loc":{"start":{"line":35,"column":33},"end":{"line":39,"column":3}},"line":35},"5":{"name":"(anonymous_5)","decl":{"start":{"line":37,"column":14},"end":{"line":37,"column":15}},"loc":{"start":{"line":37,"column":24},"end":{"line":37,"column":50}},"line":37},"6":{"name":"(anonymous_6)","decl":{"start":{"line":41,"column":19},"end":{"line":41,"column":20}},"loc":{"start":{"line":41,"column":25},"end":{"line":52,"column":3}},"line":41},"7":{"name":"(anonymous_7)","decl":{"start":{"line":42,"column":16},"end":{"line":42,"column":17}},"loc":{"start":{"line":42,"column":22},"end":{"line":42,"column":23}},"line":42},"8":{"name":"(anonymous_8)","decl":{"start":{"line":43,"column":9},"end":{"line":43,"column":10}},"loc":{"start":{"line":43,"column":15},"end":{"line":43,"column":16}},"line":43},"9":{"name":"(anonymous_9)","decl":{"start":{"line":44,"column":9},"end":{"line":44,"column":10}},"loc":{"start":{"line":44,"column":15},"end":{"line":44,"column":16}},"line":44},"10":{"name":"(anonymous_10)","decl":{"start":{"line":45,"column":9},"end":{"line":45,"column":10}},"loc":{"start":{"line":45,"column":15},"end":{"line":45,"column":16}},"line":45},"11":{"name":"(anonymous_11)","decl":{"start":{"line":46,"column":9},"end":{"line":46,"column":10}},"loc":{"start":{"line":46,"column":15},"end":{"line":46,"column":16}},"line":46},"12":{"name":"(anonymous_12)","decl":{"start":{"line":47,"column":9},"end":{"line":47,"column":10}},"loc":{"start":{"line":47,"column":15},"end":{"line":47,"column":16}},"line":47},"13":{"name":"(anonymous_13)","decl":{"start":{"line":48,"column":13},"end":{"line":48,"column":14}},"loc":{"start":{"line":48,"column":19},"end":{"line":48,"column":20}},"line":48},"14":{"name":"(anonymous_14)","decl":{"start":{"line":49,"column":23},"end":{"line":49,"column":24}},"loc":{"start":{"line":49,"column":29},"end":{"line":49,"column":31}},"line":49},"15":{"name":"(anonymous_15)","decl":{"start":{"line":50,"column":17},"end":{"line":50,"column":18}},"loc":{"start":{"line":50,"column":23},"end":{"line":50,"column":24}},"line":50},"16":{"name":"(anonymous_16)","decl":{"start":{"line":54,"column":21},"end":{"line":54,"column":22}},"loc":{"start":{"line":54,"column":39},"end":{"line":58,"column":3}},"line":54},"17":{"name":"(anonymous_17)","decl":{"start":{"line":56,"column":14},"end":{"line":56,"column":15}},"loc":{"start":{"line":56,"column":24},"end":{"line":56,"column":58}},"line":56},"18":{"name":"(anonymous_18)","decl":{"start":{"line":59,"column":22},"end":{"line":59,"column":23}},"loc":{"start":{"line":59,"column":28},"end":{"line":66,"column":3}},"line":59},"19":{"name":"(anonymous_19)","decl":{"start":{"line":60,"column":9},"end":{"line":60,"column":10}},"loc":{"start":{"line":60,"column":15},"end":{"line":60,"column":53}},"line":60},"20":{"name":"(anonymous_20)","decl":{"start":{"line":61,"column":9},"end":{"line":61,"column":10}},"loc":{"start":{"line":61,"column":15},"end":{"line":61,"column":53}},"line":61},"21":{"name":"(anonymous_21)","decl":{"start":{"line":62,"column":9},"end":{"line":62,"column":10}},"loc":{"start":{"line":62,"column":15},"end":{"line":62,"column":53}},"line":62},"22":{"name":"(anonymous_22)","decl":{"start":{"line":63,"column":9},"end":{"line":63,"column":10}},"loc":{"start":{"line":63,"column":15},"end":{"line":63,"column":53}},"line":63},"23":{"name":"(anonymous_23)","decl":{"start":{"line":64,"column":9},"end":{"line":64,"column":10}},"loc":{"start":{"line":64,"column":15},"end":{"line":64,"column":53}},"line":64},"24":{"name":"(anonymous_24)","decl":{"start":{"line":65,"column":16},"end":{"line":65,"column":17}},"loc":{"start":{"line":65,"column":26},"end":{"line":65,"column":59}},"line":65},"25":{"name":"(anonymous_25)","decl":{"start":{"line":67,"column":21},"end":{"line":67,"column":22}},"loc":{"start":{"line":67,"column":27},"end":{"line":71,"column":3}},"line":67},"26":{"name":"(anonymous_26)","decl":{"start":{"line":69,"column":25},"end":{"line":69,"column":26}},"loc":{"start":{"line":69,"column":35},"end":{"line":69,"column":97}},"line":69},"27":{"name":"(anonymous_27)","decl":{"start":{"line":73,"column":22},"end":{"line":73,"column":23}},"loc":{"start":{"line":73,"column":28},"end":{"line":139,"column":3}},"line":73},"28":{"name":"(anonymous_28)","decl":{"start":{"line":168,"column":29},"end":{"line":168,"column":30}},"loc":{"start":{"line":169,"column":12},"end":{"line":173,"column":18}},"line":169}},"branchMap":{"0":{"loc":{"start":{"line":65,"column":26},"end":{"line":65,"column":59}},"type":"cond-expr","locations":[{"start":{"line":65,"column":40},"end":{"line":65,"column":52}},{"start":{"line":65,"column":55},"end":{"line":65,"column":59}}],"line":65},"1":{"loc":{"start":{"line":133,"column":15},"end":{"line":133,"column":34}},"type":"binary-expr","locations":[{"start":{"line":133,"column":15},"end":{"line":133,"column":29}},{"start":{"line":133,"column":33},"end":{"line":133,"column":34}}],"line":133}},"s":{"0":2,"1":20,"2":20,"3":20,"4":20,"5":20,"6":20,"7":20,"8":20,"9":20,"10":20,"11":10,"12":10,"13":20,"14":10,"15":10,"16":20,"17":10,"18":10,"19":10,"20":10,"21":20,"22":20,"23":0,"24":0,"25":20,"26":10,"27":10,"28":10,"29":10,"30":10,"31":10,"32":10,"33":10,"34":10,"35":10,"36":10,"37":10,"38":10,"39":10,"40":10,"41":10,"42":10,"43":10,"44":10,"45":20,"46":20,"47":0,"48":0,"49":20,"50":20,"51":20,"52":20,"53":20,"54":20,"55":20,"56":20,"57":20,"58":20,"59":20,"60":20,"61":20,"62":20,"63":10,"64":0,"65":0,"66":20,"67":20,"68":20,"69":20,"70":20,"71":0},"f":{"0":20,"1":10,"2":10,"3":10,"4":20,"5":0,"6":10,"7":10,"8":10,"9":10,"10":10,"11":10,"12":10,"13":10,"14":10,"15":10,"16":20,"17":0,"18":20,"19":20,"20":20,"21":20,"22":20,"23":20,"24":20,"25":10,"26":0,"27":20,"28":0},"b":{"0":[0,20],"1":[20,20]},"_coverageSchema":"1a1c01bbd47fc00a2c39e90264f33305004495a9","hash":"71c6f6ebab48768f848cb5f7211d16de8a7a35e5"}
,"/Users/ayokayy/FEC/FEC/client/src/components/RatingsReviews/components/AddReview/AddReview.jsx": {"path":"/Users/ayokayy/FEC/FEC/client/src/components/RatingsReviews/components/AddReview/AddReview.jsx","statementMap":{"0":{"start":{"line":9,"column":14},"end":{"line":11,"column":1}},"1":{"start":{"line":12,"column":16},"end":{"line":14,"column":1}},"2":{"start":{"line":17,"column":13},"end":{"line":17,"column":164}},"3":{"start":{"line":18,"column":2},"end":{"line":18,"column":46}},"4":{"start":{"line":21,"column":18},"end":{"line":200,"column":1}},"5":{"start":{"line":22,"column":28},"end":{"line":22,"column":40}},"6":{"start":{"line":23,"column":26},"end":{"line":23,"column":38}},"7":{"start":{"line":24,"column":32},"end":{"line":24,"column":44}},"8":{"start":{"line":25,"column":30},"end":{"line":25,"column":42}},"9":{"start":{"line":26,"column":30},"end":{"line":26,"column":42}},"10":{"start":{"line":27,"column":36},"end":{"line":27,"column":51}},"11":{"start":{"line":28,"column":26},"end":{"line":28,"column":40}},"12":{"start":{"line":29,"column":28},"end":{"line":29,"column":42}},"13":{"start":{"line":30,"column":32},"end":{"line":30,"column":46}},"14":{"start":{"line":31,"column":32},"end":{"line":31,"column":46}},"15":{"start":{"line":32,"column":30},"end":{"line":32,"column":44}},"16":{"start":{"line":33,"column":24},"end":{"line":33,"column":38}},"17":{"start":{"line":34,"column":28},"end":{"line":34,"column":40}},"18":{"start":{"line":36,"column":19},"end":{"line":68,"column":3}},"19":{"start":{"line":37,"column":4},"end":{"line":37,"column":22}},"20":{"start":{"line":38,"column":4},"end":{"line":67,"column":5}},"21":{"start":{"line":39,"column":6},"end":{"line":64,"column":39}},"22":{"start":{"line":62,"column":35},"end":{"line":62,"column":40}},"23":{"start":{"line":63,"column":18},"end":{"line":63,"column":39}},"24":{"start":{"line":64,"column":22},"end":{"line":64,"column":38}},"25":{"start":{"line":66,"column":6},"end":{"line":66,"column":67}},"26":{"start":{"line":70,"column":16},"end":{"line":72,"column":3}},"27":{"start":{"line":71,"column":4},"end":{"line":71,"column":16}},"28":{"start":{"line":71,"column":13},"end":{"line":71,"column":15}},"29":{"start":{"line":73,"column":19},"end":{"line":79,"column":3}},"30":{"start":{"line":74,"column":4},"end":{"line":78,"column":5}},"31":{"start":{"line":75,"column":6},"end":{"line":75,"column":52}},"32":{"start":{"line":75,"column":23},"end":{"line":75,"column":51}},"33":{"start":{"line":77,"column":6},"end":{"line":77,"column":36}},"34":{"start":{"line":80,"column":21},"end":{"line":90,"column":3}},"35":{"start":{"line":81,"column":4},"end":{"line":89,"column":5}},"36":{"start":{"line":82,"column":6},"end":{"line":84,"column":7}},"37":{"start":{"line":86,"column":6},"end":{"line":88,"column":7}},"38":{"start":{"line":92,"column":2},"end":{"line":199,"column":3}},"39":{"start":{"line":97,"column":52},"end":{"line":97,"column":82}},"40":{"start":{"line":97,"column":67},"end":{"line":97,"column":81}},"41":{"start":{"line":101,"column":51},"end":{"line":101,"column":80}},"42":{"start":{"line":101,"column":65},"end":{"line":101,"column":79}},"43":{"start":{"line":110,"column":54},"end":{"line":110,"column":86}},"44":{"start":{"line":110,"column":71},"end":{"line":110,"column":85}},"45":{"start":{"line":116,"column":85},"end":{"line":116,"column":116}},"46":{"start":{"line":116,"column":101},"end":{"line":116,"column":115}},"47":{"start":{"line":124,"column":41},"end":{"line":124,"column":70}},"48":{"start":{"line":124,"column":55},"end":{"line":124,"column":69}},"49":{"start":{"line":125,"column":41},"end":{"line":125,"column":70}},"50":{"start":{"line":125,"column":55},"end":{"line":125,"column":69}},"51":{"start":{"line":126,"column":41},"end":{"line":126,"column":70}},"52":{"start":{"line":126,"column":55},"end":{"line":126,"column":69}},"53":{"start":{"line":127,"column":41},"end":{"line":127,"column":70}},"54":{"start":{"line":127,"column":55},"end":{"line":127,"column":69}},"55":{"start":{"line":128,"column":41},"end":{"line":128,"column":70}},"56":{"start":{"line":128,"column":55},"end":{"line":128,"column":69}},"57":{"start":{"line":134,"column":41},"end":{"line":134,"column":71}},"58":{"start":{"line":134,"column":56},"end":{"line":134,"column":70}},"59":{"start":{"line":135,"column":41},"end":{"line":135,"column":71}},"60":{"start":{"line":135,"column":56},"end":{"line":135,"column":70}},"61":{"start":{"line":136,"column":41},"end":{"line":136,"column":71}},"62":{"start":{"line":136,"column":56},"end":{"line":136,"column":70}},"63":{"start":{"line":137,"column":41},"end":{"line":137,"column":71}},"64":{"start":{"line":137,"column":56},"end":{"line":137,"column":70}},"65":{"start":{"line":138,"column":41},"end":{"line":138,"column":71}},"66":{"start":{"line":138,"column":56},"end":{"line":138,"column":70}},"67":{"start":{"line":144,"column":41},"end":{"line":144,"column":73}},"68":{"start":{"line":144,"column":58},"end":{"line":144,"column":72}},"69":{"start":{"line":145,"column":41},"end":{"line":145,"column":73}},"70":{"start":{"line":145,"column":58},"end":{"line":145,"column":72}},"71":{"start":{"line":146,"column":41},"end":{"line":146,"column":73}},"72":{"start":{"line":146,"column":58},"end":{"line":146,"column":72}},"73":{"start":{"line":147,"column":41},"end":{"line":147,"column":73}},"74":{"start":{"line":147,"column":58},"end":{"line":147,"column":72}},"75":{"start":{"line":148,"column":41},"end":{"line":148,"column":73}},"76":{"start":{"line":148,"column":58},"end":{"line":148,"column":72}},"77":{"start":{"line":154,"column":41},"end":{"line":154,"column":72}},"78":{"start":{"line":154,"column":57},"end":{"line":154,"column":71}},"79":{"start":{"line":155,"column":41},"end":{"line":155,"column":72}},"80":{"start":{"line":155,"column":57},"end":{"line":155,"column":71}},"81":{"start":{"line":156,"column":41},"end":{"line":156,"column":72}},"82":{"start":{"line":156,"column":57},"end":{"line":156,"column":71}},"83":{"start":{"line":157,"column":41},"end":{"line":157,"column":72}},"84":{"start":{"line":157,"column":57},"end":{"line":157,"column":71}},"85":{"start":{"line":158,"column":41},"end":{"line":158,"column":72}},"86":{"start":{"line":158,"column":57},"end":{"line":158,"column":71}},"87":{"start":{"line":164,"column":41},"end":{"line":164,"column":73}},"88":{"start":{"line":164,"column":58},"end":{"line":164,"column":72}},"89":{"start":{"line":165,"column":41},"end":{"line":165,"column":73}},"90":{"start":{"line":165,"column":58},"end":{"line":165,"column":72}},"91":{"start":{"line":166,"column":41},"end":{"line":166,"column":73}},"92":{"start":{"line":166,"column":58},"end":{"line":166,"column":72}},"93":{"start":{"line":167,"column":41},"end":{"line":167,"column":73}},"94":{"start":{"line":167,"column":58},"end":{"line":167,"column":72}},"95":{"start":{"line":168,"column":41},"end":{"line":168,"column":73}},"96":{"start":{"line":168,"column":58},"end":{"line":168,"column":72}},"97":{"start":{"line":174,"column":41},"end":{"line":174,"column":69}},"98":{"start":{"line":174,"column":54},"end":{"line":174,"column":68}},"99":{"start":{"line":175,"column":41},"end":{"line":175,"column":69}},"100":{"start":{"line":175,"column":54},"end":{"line":175,"column":68}},"101":{"start":{"line":176,"column":41},"end":{"line":176,"column":69}},"102":{"start":{"line":176,"column":54},"end":{"line":176,"column":68}},"103":{"start":{"line":177,"column":41},"end":{"line":177,"column":69}},"104":{"start":{"line":177,"column":54},"end":{"line":177,"column":68}},"105":{"start":{"line":178,"column":41},"end":{"line":178,"column":69}},"106":{"start":{"line":178,"column":54},"end":{"line":178,"column":68}},"107":{"start":{"line":182,"column":50},"end":{"line":182,"column":68}},"108":{"start":{"line":182,"column":66},"end":{"line":182,"column":67}},"109":{"start":{"line":184,"column":36},"end":{"line":184,"column":64}},"110":{"start":{"line":184,"column":58},"end":{"line":184,"column":63}},"111":{"start":{"line":189,"column":32},"end":{"line":189,"column":43}},"112":{"start":{"line":195,"column":27},"end":{"line":195,"column":41}}},"fnMap":{"0":{"name":"validateEmail","decl":{"start":{"line":16,"column":9},"end":{"line":16,"column":22}},"loc":{"start":{"line":16,"column":30},"end":{"line":19,"column":1}},"line":16},"1":{"name":"(anonymous_1)","decl":{"start":{"line":21,"column":18},"end":{"line":21,"column":19}},"loc":{"start":{"line":21,"column":29},"end":{"line":200,"column":1}},"line":21},"2":{"name":"(anonymous_2)","decl":{"start":{"line":36,"column":19},"end":{"line":36,"column":20}},"loc":{"start":{"line":36,"column":26},"end":{"line":68,"column":3}},"line":36},"3":{"name":"(anonymous_3)","decl":{"start":{"line":62,"column":25},"end":{"line":62,"column":26}},"loc":{"start":{"line":62,"column":35},"end":{"line":62,"column":40}},"line":62},"4":{"name":"(anonymous_4)","decl":{"start":{"line":63,"column":12},"end":{"line":63,"column":13}},"loc":{"start":{"line":63,"column":18},"end":{"line":63,"column":39}},"line":63},"5":{"name":"(anonymous_5)","decl":{"start":{"line":64,"column":13},"end":{"line":64,"column":14}},"loc":{"start":{"line":64,"column":22},"end":{"line":64,"column":38}},"line":64},"6":{"name":"(anonymous_6)","decl":{"start":{"line":70,"column":16},"end":{"line":70,"column":17}},"loc":{"start":{"line":70,"column":24},"end":{"line":72,"column":3}},"line":70},"7":{"name":"(anonymous_7)","decl":{"start":{"line":71,"column":7},"end":{"line":71,"column":8}},"loc":{"start":{"line":71,"column":13},"end":{"line":71,"column":15}},"line":71},"8":{"name":"(anonymous_8)","decl":{"start":{"line":73,"column":19},"end":{"line":73,"column":20}},"loc":{"start":{"line":73,"column":26},"end":{"line":79,"column":3}},"line":73},"9":{"name":"(anonymous_9)","decl":{"start":{"line":75,"column":15},"end":{"line":75,"column":16}},"loc":{"start":{"line":75,"column":23},"end":{"line":75,"column":51}},"line":75},"10":{"name":"(anonymous_10)","decl":{"start":{"line":80,"column":21},"end":{"line":80,"column":22}},"loc":{"start":{"line":80,"column":27},"end":{"line":90,"column":3}},"line":80},"11":{"name":"(anonymous_11)","decl":{"start":{"line":97,"column":46},"end":{"line":97,"column":47}},"loc":{"start":{"line":97,"column":52},"end":{"line":97,"column":82}},"line":97},"12":{"name":"(anonymous_12)","decl":{"start":{"line":97,"column":61},"end":{"line":97,"column":62}},"loc":{"start":{"line":97,"column":67},"end":{"line":97,"column":81}},"line":97},"13":{"name":"(anonymous_13)","decl":{"start":{"line":101,"column":45},"end":{"line":101,"column":46}},"loc":{"start":{"line":101,"column":51},"end":{"line":101,"column":80}},"line":101},"14":{"name":"(anonymous_14)","decl":{"start":{"line":101,"column":59},"end":{"line":101,"column":60}},"loc":{"start":{"line":101,"column":65},"end":{"line":101,"column":79}},"line":101},"15":{"name":"(anonymous_15)","decl":{"start":{"line":110,"column":48},"end":{"line":110,"column":49}},"loc":{"start":{"line":110,"column":54},"end":{"line":110,"column":86}},"line":110},"16":{"name":"(anonymous_16)","decl":{"start":{"line":110,"column":65},"end":{"line":110,"column":66}},"loc":{"start":{"line":110,"column":71},"end":{"line":110,"column":85}},"line":110},"17":{"name":"(anonymous_17)","decl":{"start":{"line":116,"column":79},"end":{"line":116,"column":80}},"loc":{"start":{"line":116,"column":85},"end":{"line":116,"column":116}},"line":116},"18":{"name":"(anonymous_18)","decl":{"start":{"line":116,"column":95},"end":{"line":116,"column":96}},"loc":{"start":{"line":116,"column":101},"end":{"line":116,"column":115}},"line":116},"19":{"name":"(anonymous_19)","decl":{"start":{"line":124,"column":35},"end":{"line":124,"column":36}},"loc":{"start":{"line":124,"column":41},"end":{"line":124,"column":70}},"line":124},"20":{"name":"(anonymous_20)","decl":{"start":{"line":124,"column":49},"end":{"line":124,"column":50}},"loc":{"start":{"line":124,"column":55},"end":{"line":124,"column":69}},"line":124},"21":{"name":"(anonymous_21)","decl":{"start":{"line":125,"column":35},"end":{"line":125,"column":36}},"loc":{"start":{"line":125,"column":41},"end":{"line":125,"column":70}},"line":125},"22":{"name":"(anonymous_22)","decl":{"start":{"line":125,"column":49},"end":{"line":125,"column":50}},"loc":{"start":{"line":125,"column":55},"end":{"line":125,"column":69}},"line":125},"23":{"name":"(anonymous_23)","decl":{"start":{"line":126,"column":35},"end":{"line":126,"column":36}},"loc":{"start":{"line":126,"column":41},"end":{"line":126,"column":70}},"line":126},"24":{"name":"(anonymous_24)","decl":{"start":{"line":126,"column":49},"end":{"line":126,"column":50}},"loc":{"start":{"line":126,"column":55},"end":{"line":126,"column":69}},"line":126},"25":{"name":"(anonymous_25)","decl":{"start":{"line":127,"column":35},"end":{"line":127,"column":36}},"loc":{"start":{"line":127,"column":41},"end":{"line":127,"column":70}},"line":127},"26":{"name":"(anonymous_26)","decl":{"start":{"line":127,"column":49},"end":{"line":127,"column":50}},"loc":{"start":{"line":127,"column":55},"end":{"line":127,"column":69}},"line":127},"27":{"name":"(anonymous_27)","decl":{"start":{"line":128,"column":35},"end":{"line":128,"column":36}},"loc":{"start":{"line":128,"column":41},"end":{"line":128,"column":70}},"line":128},"28":{"name":"(anonymous_28)","decl":{"start":{"line":128,"column":49},"end":{"line":128,"column":50}},"loc":{"start":{"line":128,"column":55},"end":{"line":128,"column":69}},"line":128},"29":{"name":"(anonymous_29)","decl":{"start":{"line":134,"column":35},"end":{"line":134,"column":36}},"loc":{"start":{"line":134,"column":41},"end":{"line":134,"column":71}},"line":134},"30":{"name":"(anonymous_30)","decl":{"start":{"line":134,"column":50},"end":{"line":134,"column":51}},"loc":{"start":{"line":134,"column":56},"end":{"line":134,"column":70}},"line":134},"31":{"name":"(anonymous_31)","decl":{"start":{"line":135,"column":35},"end":{"line":135,"column":36}},"loc":{"start":{"line":135,"column":41},"end":{"line":135,"column":71}},"line":135},"32":{"name":"(anonymous_32)","decl":{"start":{"line":135,"column":50},"end":{"line":135,"column":51}},"loc":{"
[...]
},{"start":{"line":38,"column":77},"end":{"line":38,"column":92}}],"line":38},"2":{"loc":{"start":{"line":74,"column":4},"end":{"line":78,"column":5}},"type":"if","locations":[{"start":{"line":74,"column":4},"end":{"line":78,"column":5}},{"start":{"line":74,"column":4},"end":{"line":78,"column":5}}],"line":74},"3":{"loc":{"start":{"line":81,"column":4},"end":{"line":89,"column":5}},"type":"if","locations":[{"start":{"line":81,"column":4},"end":{"line":89,"column":5}},{"start":{"line":81,"column":4},"end":{"line":89,"column":5}}],"line":81}},"s":{"0":2,"1":2,"2":0,"3":0,"4":2,"5":0,"6":0,"7":0,"8":0,"9":0,"10":0,"11":0,"12":0,"13":0,"14":0,"15":0,"16":0,"17":0,"18":0,"19":0,"20":0,"21":0,"22":0,"23":0,"24":0,"25":0,"26":0,"27":0,"28":0,"29":0,"30":0,"31":0,"32":0,"33":0,"34":0,"35":0,"36":0,"37":0,"38":0,"39":0,"40":0,"41":0,"42":0,"43":0,"44":0,"45":0,"46":0,"47":0,"48":0,"49":0,"50":0,"51":0,"52":0,"53":0,"54":0,"55":0,"56":0,"57":0,"58":0,"59":0,"60":0,"61":0,"62":0,"63":0,"64":0,"65":0,"66":0,"67":0,"68":0,"69":0,"70":0,"71":0,"72":0,"73":0,"74":0,"75":0,"76":0,"77":0,"78":0,"79":0,"80":0,"81":0,"82":0,"83":0,"84":0,"85":0,"86":0,"87":0,"88":0,"89":0,"90":0,"91":0,"92":0,"93":0,"94":0,"95":0,"96":0,"97":0,"98":0,"99":0,"100":0,"101":0,"102":0,"103":0,"104":0,"105":0,"106":0,"107":0,"108":0,"109":0,"110":0,"111":0,"112":0},"f":{"0":0,"1":0,"2":0,"3":0,"4":0,"5":0,"6":0,"7":0,"8":0,"9":0,"10":0,"11":0,"12":0,"13":0,"14":0,"15":0,"16":0,"17":0,"18":0,"19":0,"20":0,"21":0,"22":0,"23":0,"24":0,"25":0,"26":0,"27":0,"28":0,"29":0,"30":0,"31":0,"32":0,"33":0,"34":0,"35":0,"36":0,"37":0,"38":0,"39":0,"40":0,"41":0,"42":0,"43":0,"44":0,"45":0,"46":0,"47":0,"48":0,"49":0,"50":0,"51":0,"52":0,"53":0,"54":0,"55":0,"56":0,"57":0,"58":0,"59":0,"60":0,"61":0,"62":0,"63":0,"64":0,"65":0,"66":0,"67":0,"68":0,"69":0,"70":0,"71":0,"72":0,"73":0,"74":0,"75":0,"76":0,"77":0,"78":0,"79":0,"80":0,"81":0,"82":0,"83":0,"84":0},"b":{"0":[0,0],"1":[0,0,0,0],"2":[0,0],"3":[0,0]},"_coverageSchema":"1a1c01bbd47fc00a2c39e90264f33305004495a9","hash":"fed0931af7299b2a7ccd56e075d10841ae62cc13"}
,"/Users/ayokayy/FEC/FEC/client/src/components/RatingsReviews/components/Review/Review.jsx": {"path":"/Users/ayokayy/FEC/FEC/client/src/components/RatingsReviews/components/Review/Review.jsx","statementMap":{"0":{"start":{"line":5,"column":11},"end":{"line":9,"column":1}},"1":{"start":{"line":11,"column":12},"end":{"line":14,"column":1}},"2":{"start":{"line":16,"column":15},"end":{"line":113,"column":3}},"3":{"start":{"line":17,"column":34},"end":{"line":17,"column":49}},"4":{"start":{"line":18,"column":26},"end":{"line":21,"column":54}},"5":{"start":{"line":22,"column":24},"end":{"line":22,"column":39}},"6":{"start":{"line":24,"column":16},"end":{"line":30,"column":3}},"7":{"start":{"line":25,"column":4},"end":{"line":29,"column":5}},"8":{"start":{"line":26,"column":6},"end":{"line":28,"column":7}},"9":{"start":{"line":32,"column":17},"end":{"line":47,"column":3}},"10":{"start":{"line":33,"column":4},"end":{"line":46,"column":5}},"11":{"start":{"line":34,"column":6},"end":{"line":38,"column":7}},"12":{"start":{"line":40,"column":6},"end":{"line":45,"column":7}},"13":{"start":{"line":48,"column":19},"end":{"line":61,"column":3}},"14":{"start":{"line":49,"column":4},"end":{"line":60,"column":5}},"15":{"start":{"line":50,"column":6},"end":{"line":55,"column":7}},"16":{"start":{"line":57,"column":6},"end":{"line":59,"column":7}},"17":{"start":{"line":63,"column":18},"end":{"line":66,"column":5}},"18":{"start":{"line":64,"column":4},"end":{"line":65,"column":40}},"19":{"start":{"line":65,"column":16},"end":{"line":65,"column":39}},"20":{"start":{"line":65,"column":34},"end":{"line":65,"column":38}},"21":{"start":{"line":68,"column":19},"end":{"line":107,"column":3}},"22":{"start":{"line":69,"column":4},"end":{"line":106,"column":5}},"23":{"start":{"line":70,"column":6},"end":{"line":87,"column":7}},"24":{"start":{"line":89,"column":6},"end":{"line":105,"column":7}},"25":{"start":{"line":108,"column":2},"end":{"line":112,"column":5}}},"fnMap":{"0":{"name":"(anonymous_0)","decl":{"start":{"line":16,"column":15},"end":{"line":16,"column":16}},"loc":{"start":{"line":16,"column":26},"end":{"line":113,"column":3}},"line":16},"1":{"name":"(anonymous_1)","decl":{"start":{"line":24,"column":16},"end":{"line":24,"column":17}},"loc":{"start":{"line":24,"column":22},"end":{"line":30,"column":3}},"line":24},"2":{"name":"(anonymous_2)","decl":{"start":{"line":32,"column":17},"end":{"line":32,"column":18}},"loc":{"start":{"line":32,"column":23},"end":{"line":47,"column":3}},"line":32},"3":{"name":"(anonymous_3)","decl":{"start":{"line":48,"column":19},"end":{"line":48,"column":20}},"loc":{"start":{"line":48,"column":25},"end":{"line":61,"column":3}},"line":48},"4":{"name":"(anonymous_4)","decl":{"start":{"line":63,"column":18},"end":{"line":63,"column":19}},"loc":{"start":{"line":63,"column":24},"end":{"line":66,"column":5}},"line":63},"5":{"name":"(anonymous_5)","decl":{"start":{"line":65,"column":10},"end":{"line":65,"column":11}},"loc":{"start":{"line":65,"column":16},"end":{"line":65,"column":39}},"line":65},"6":{"name":"(anonymous_6)","decl":{"start":{"line":65,"column":28},"end":{"line":65,"column":29}},"loc":{"start":{"line":65,"column":34},"end":{"line":65,"column":38}},"line":65},"7":{"name":"(anonymous_7)","decl":{"start":{"line":68,"column":19},"end":{"line":68,"column":20}},"loc":{"start":{"line":68,"column":25},"end":{"line":107,"column":3}},"line":68}},"branchMap":{"0":{"loc":{"start":{"line":25,"column":4},"end":{"line":29,"column":5}},"type":"if","locations":[{"start":{"line":25,"column":4},"end":{"line":29,"column":5}},{"start":{"line":25,"column":4},"end":{"line":29,"column":5}}],"line":25},"1":{"loc":{"start":{"line":33,"column":4},"end":{"line":46,"column":5}},"type":"if","locations":[{"start":{"line":33,"column":4},"end":{"line":46,"column":5}},{"start":{"line":33,"column":4},"end":{"line":46,"column":5}}],"line":33},"2":{"loc":{"start":{"line":49,"column":4},"end":{"line":60,"column":5}},"type":"if","locations":[{"start":{"line":49,"column":4},"end":{"line":60,"column":5}},{"start":{"line":49,"column":4},"end":{"line":60,"column":5}}],"line":49},"3":{"loc":{"start":{"line":69,"column":4},"end":{"line":106,"column":5}},"type":"if","locations":[{"start":{"line":69,"column":4},"end":{"line":106,"column":5}},{"start":{"line":69,"column":4},"end":{"line":106,"column":5}}],"line":69}},"s":{"0":2,"1":2,"2":2,"3":0,"4":0,"5":0,"6":0,"7":0,"8":0,"9":0,"10":0,"11":0,"12":0,"13":0,"14":0,"15":0,"16":0,"17":0,"18":0,"19":0,"20":0,"21":0,"22":0,"23":0,"24":0,"25":0},"f":{"0":0,"1":0,"2":0,"3":0,"4":0,"5":0,"6":0,"7":0},"b":{"0":[0,0],"1":[0,0],"2":[0,0],"3":[0,0]},"_coverageSchema":"1a1c01bbd47fc00a2c39e90264f33305004495a9","hash":"e4c1c99fcc255b26439bb43f3aba1778d7f41e83"}
,"/Users/ayokayy/FEC/FEC/client/src/components/RatingsReviews/components/Review/Reviews.jsx": {"path":"/Users/ayokayy/FEC/FEC/client/src/components/RatingsReviews/components/Review/Reviews.jsx","statementMap":{"0":{"start":{"line":4,"column":14},"end":{"line":7,"column":1}},"1":{"start":{"line":8,"column":16},"end":{"line":14,"column":1}},"2":{"start":{"line":9,"column":2},"end":{"line":13,"column":3}},"3":{"start":{"line":11,"column":42},"end":{"line":11,"column":106}}},"fnMap":{"0":{"name":"(anonymous_0)","decl":{"start":{"line":8,"column":16},"end":{"line":8,"column":17}},"loc":{"start":{"line":8,"column":27},"end":{"line":14,"column":1}},"line":8},"1":{"name":"(anonymous_1)","decl":{"start":{"line":11,"column":23},"end":{"line":11,"column":24}},"loc":{"start":{"line":11,"column":42},"end":{"line":11,"column":106}},"line":11}},"branchMap":{},"s":{"0":2,"1":2,"2":10,"3":0},"f":{"0":10,"1":0},"b":{},"_coverageSchema":"1a1c01bbd47fc00a2c39e90264f33305004495a9","hash":"6562d0791137ecc56ef9ad60e854a90482f57b89"}
,"/Users/ayokayy/FEC/FEC/client/src/components/RelatedItems/RelatedCarousel.jsx": {"path":"/Users/ayokayy/FEC/FEC/client/src/components/RelatedItems/RelatedCarousel.jsx","statementMap":{"0":{"start":{"line":10,"column":14},"end":{"line":16,"column":1}},"1":{"start":{"line":18,"column":22},"end":{"line":23,"column":1}},"2":{"start":{"line":25,"column":20},"end":{"line":30,"column":1}},"3":{"start":{"line":32,"column":24},"end":{"line":84,"column":1}},"4":{"start":{"line":35,"column":22},"end":{"line":37,"column":3}},"5":{"start":{"line":36,"column":4},"end":{"line":36,"column":43}},"6":{"start":{"line":39,"column":2},"end":{"line":83,"column":4}},"7":{"start":{"line":45,"column":12},"end":{"line":78,"column":13}},"8":{"start":{"line":47,"column":64},"end":{"line":47,"column":92}}},"fnMap":{"0":{"name":"(anonymous_0)","decl":{"start":{"line":32,"column":24},"end":{"line":32,"column":25}},"loc":{"start":{"line":32,"column":35},"end":{"line":84,"column":1}},"line":32},"1":{"name":"(anonymous_1)","decl":{"start":{"line":35,"column":22},"end":{"line":35,"column":23}},"loc":{"start":{"line":35,"column":30},"end":{"line":37,"column":3}},"line":35},"2":{"name":"(anonymous_2)","decl":{"start":{"line":44,"column":26},"end":{"line":44,"column":27}},"loc":{"start":{"line":44,"column":34},"end":{"line":79,"column":11}},"line":44},"3":{"name":"(anonymous_3)","decl":{"start":{"line":47,"column":58},"end":{"line":47,"column":59}},"loc":{"start":{"line":47,"column":64},"end":{"line":47,"column":92}},"line":47}},"branchMap":{"0":{"loc":{"start":{"line":49,"column":20},"end":{"line":51,"column":24}},"type":"cond-expr","locations":[{"start":{"line":50,"column":22},"end":{"line":50,"column":61}},{"start":{"line":51,"column":22},"end":{"line":51,"column":24}}],"line":49},"1":{"loc":{"start":{"line":65,"column":24},"end":{"line":67,"column":27}},"type":"cond-expr","locations":[{"start":{"line":66,"column":26},"end":{"line":66,"column":37}},{"start":{"line":67,"column":26},"end":{"line":67,"column":27}}],"line":65}},"s":{"0":2,"1":2,"2":2,"3":2,"4":1,"5":0,"6":1,"7":0,"8":0},"f":{"0":1,"1":0,"2":0,"3":0},"b":{"0":[0,0],"1":[0,0]},"_coverageSchema":"1a1c01bbd47fc00a2c39e90264f33305004495a9","hash":"816441b10f58e21c31e352c52ec1167371c6aac6"}
,"/Users/ayokayy/FEC/FEC/client/src/components/RelatedItems/RelatedItems.jsx": {"path":"/Users/ayokayy/FEC/FEC/client/src/components/RelatedItems/RelatedItems.jsx","statementMap":{"0":{"start":{"line":11,"column":19},"end":{"line":94,"column":1}},"1":{"start":{"line":13,"column":40},"end":{"line":13,"column":63}},"2":{"start":{"line":14,"column":42},"end":{"line":14,"column":54}},"3":{"start":{"line":16,"column":27},"end":{"line":19,"column":3}},"4":{"start":{"line":17,"column":19},"end":{"line":17,"column":64}},"5":{"start":{"line":18,"column":4},"end":{"line":18,"column":16}},"6":{"start":{"line":21,"column":22},"end":{"line":32,"column":3}},"7":{"start":{"line":23,"column":19},"end":{"line":23,"column":69}},"8":{"start":{"line":24,"column":17},"end":{"line":24,"column":29}},"9":{"start":{"line":25,"column":4},"end":{"line":29,"column":5}},"10":{"start":{"line":25,"column":17},"end":{"line":25,"column":18}},"11":{"start":{"line":26,"column":6},"end":{"line":28,"column":7}},"12":{"start":{"line":27,"column":8},"end":{"line":27,"column":40}},"13":{"start":{"line":30,"column":4},"end":{"line":30,"column":26}},"14":{"start":{"line":31,"column":4},"end":{"line":31,"column":24}},"15":{"start":{"line":34,"column":23},"end":{"line":54,"column":3}},"16":{"start":{"line":35,"column":4},"end":{"line":53,"column":57}},"17":{"start":{"line":37,"column":24},"end":{"line":37,"column":26}},"18":{"start":{"line":38,"column":8},"end":{"line":38,"column":67}},"19":{"start":{"line":38,"column":38},"end":{"line":38,"column":65}},"20":{"start":{"line":39,"column":20},"end":{"line":39,"column":21}},"21":{"start":{"line":40,"column":8},"end":{"line":40,"column":51}},"22":{"start":{"line":40,"column":35},"end":{"line":40,"column":48}},"23":{"start":{"line":41,"column":21},"end":{"line":41,"column":53}},"24":{"start":{"line":42,"column":8},"end":{"line":42,"column":32}},"25":{"start":{"line":45,"column":21},"end":{"line":45,"column":33}},"26":{"start":{"line":46,"column":8},"end":{"line":50,"column":9}},"27":{"start":{"line":46,"column":21},"end":{"line":46,"column":22}},"28":{"start":{"line":47,"column":10},"end":{"line":49,"column":11}},"29":{"start":{"line":48,"column":12},"end":{"line":48,"column":39}},"30":{"start":{"line":51,"column":8},"end":{"line":51,"column":30}},"31":{"start":{"line":53,"column":20},"end":{"line":53,"column":55}},"32":{"start":{"line":56,"column":2},"end":{"line":71,"column":18}},"33":{"start":{"line":58,"column":6},"end":{"line":68,"column":52}},"34":{"start":{"line":59,"column":23},"end":{"line":59,"column":75}},"35":{"start":{"line":60,"column":22},"end":{"line":60,"column":26}},"36":{"start":{"line":61,"column":31},"end":{"line":61,"column":33}},"37":{"start":{"line":62,"column":8},"end":{"line":65,"column":9}},"38":{"start":{"line":62,"column":20},"end":{"line":62,"column":21}},"39":{"start":{"line":63,"column":27},"end":{"line":63,"column":61}},"40":{"start":{"line":64,"column":10},"end":{"line":64,"column":42}},"41":{"start":{"line":66,"column":8},"end":{"line":66,"column":42}},"42":{"start":{"line":68,"column":17},"end":{"line":68,"column":51}},"43":{"start":{"line":70,"column":4},"end":{"line":70,"column":15}},"44":{"start":{"line":73,"column":2},"end":{"line":86,"column":20}},"45":{"start":{"line":74,"column":4},"end":{"line":78,"column":5}},"46":{"start":{"line":75,"column":6},"end":{"line":77,"column":7}},"47":{"start":{"line":75,"column":18},"end":{"line":75,"column":19}},"48":{"start":{"line":76,"column":8},"end":{"line":76,"column":47}},"49":{"start":{"line":80,"column":4},"end":{"line":85,"column":5}},"50":{"start":{"line":81,"column":6},"end":{"line":84,"column":7}},"51":{"start":{"line":81,"column":18},"end":{"line":81,"column":19}},"52":{"start":{"line":82,"column":20},"end":{"line":82,"column":56}},"53":{"start":{"line":83,"column":8},"end":{"line":83,"column":25}},"54":{"start":{"line":88,"column":2},"end":{"line":93,"column":4}}},"fnMap":{"0":{"name":"(anonymous_0)","decl":{"start":{"line":11,"column":19},"end":{"line":11,"column":20}},"loc":{"start":{"line":11,"column":30},"end":{"line":94,"column":1}},"line":11},"1":{"name":"(anonymous_1)","decl":{"start":{"line":16,"column":27},"end":{"line":16,"column":28}},"loc":{"start":{"line":16,"column":41},"end":{"line":19,"column":3}},"line":16},"2":{"name":"(anonymous_2)","decl":{"start":{"line":21,"column":22},"end":{"line":21,"column":23}},"loc":{"start":{"line":21,"column":40},"end":{"line":32,"column":3}},"line":21},"3":{"name":"(anonymous_3)","decl":{"start":{"line":34,"column":23},"end":{"line":34,"column":24}},"loc":{"start":{"line":34,"column":35},"end":{"line":54,"column":3}},"line":34},"4":{"name":"(anonymous_4)","decl":{"start":{"line":36,"column":10},"end":{"line":36,"column":11}},"loc":{"start":{"line":36,"column":22},"end":{"line":43,"column":7}},"line":36},"5":{"name":"(anonymous_5)","decl":{"start":{"line":38,"column":29},"end":{"line":38,"column":30}},"loc":{"start":{"line":38,"column":38},"end":{"line":38,"column":65}},"line":38},"6":{"name":"(anonymous_6)","decl":{"start":{"line":40,"column":26},"end":{"line":40,"column":27}},"loc":{"start":{"line":40,"column":34},"end":{"line":40,"column":49}},"line":40},"7":{"name":"(anonymous_7)","decl":{"start":{"line":44,"column":12},"end":{"line":44,"column":13}},"loc":{"start":{"line":44,"column":24},"end":{"line":52,"column":7}},"line":44},"8":{"name":"(anonymous_8)","decl":{"start":{"line":53,"column":11},"end":{"line":53,"column":12}},"loc":{"start":{"line":53,"column":20},"end":{"line":53,"column":55}},"line":53},"9":{"name":"(anonymous_9)","decl":{"start":{"line":56,"column":13},"end":{"line":56,"column":14}},"loc":{"start":{"line":56,"column":19},"end":{"line":71,"column":3}},"line":56},"10":{"name":"fetchData","decl":{"start":{"line":57,"column":19},"end":{"line":57,"column":28}},"loc":{"start":{"line":57,"column":30},"end":{"line":69,"column":5}},"line":57},"11":{"name":"(anonymous_11)","decl":{"start":{"line":73,"column":12},"end":{"line":73,"column":13}},"loc":{"start":{"line":73,"column":18},"end":{"line":86,"column":3}},"line":73}},"branchMap":{"0":{"loc":{"start":{"line":26,"column":6},"end":{"line":28,"column":7}},"type":"if","locations":[{"start":{"line":26,"column":6},"end":{"line":28,"column":7}},{"start":{"line":26,"column":6},"end":{"line":28,"column":7}}],"line":26},"1":{"loc":{"start":{"line":47,"column":10},"end":{"line":49,"column":11}},"type":"if","locations":[{"start":{"line":47,"column":10},"end":{"line":49,"column":11}},{"start":{"line":47,"column":10},"end":{"line":49,"column":11}}],"line":47},"2":{"loc":{"start":{"line":74,"column":4},"end":{"line":78,"column":5}},"type":"if","locations":[{"start":{"line":74,"column":4},"end":{"line":78,"column":5}},{"start":{"line":74,"column":4},"end":{"line":78,"column":5}}],"line":74},"3":{"loc":{"start":{"line":74,"column":7},"end":{"line":74,"column":63}},"type":"binary-expr","locations":[{"start":{"line":74,"column":8},"end":{"line":74,"column":33}},{"start":{"line":74,"column":38},"end":{"line":74,"column":63}}],"line":74},"4":{"loc":{"start":{"line":80,"column":4},"end":{"line":85,"column":5}},"type":"if","locations":[{"start":{"line":80,"column":4},"end":{"line":85,"column":5}},{"start":{"line":80,"column":4},"end":{"line":85,"column":5}}],"line":80},"5":{"loc":{"start":{"line":80,"column":7},"end":{"line":80,"column":77}},"type":"binary-expr","locations":[{"start":{"line":80,"column":7},"end":{"line":80,"column":32}},{"start":{"line":80,"column":36},"end":{"line":80,"column":77}}],"line":80}},"s":{"0":2,"1":1,"2":1,"3":1,"4":0,"5":0,"6":1,"7":0,"8":0,"9":0,"10":0,"11":0,"12":0,"13":0,"14":0,"15":1,"16":0,"17":0,"18":0,"19":0,"20":0,"21":0,"22":0,"23":0,"24":0,"25":0,"26":0,"27":0,"28":0,"29":0,"30":0,"31":0,"32":1,"33":1,"34":1,"35":0,"36":0,"37":0,"38":0,"39":0,"40":0,"41":0,"42":0,"43":1,"44":1,"45":1,"46":0,"47":0,"48":0,"49":1,"50":0,"51":0,"52":0,"53":0,"54":1},"f":{"0":1,"1":0,"2":0,"3":0,"4":0,"5":0,"6":0,"7":0,"8":0,"9":1,"10":1,"11":1},"b":{"0":[0,0],"1":[0,0],"2":[0,1],"3":[1,0],"4":[0,1],"5":[1,0]},"_coverageSchema":"1a1c01bbd47fc00a2c39e90264f33305004495a9","hash":"18523adbc1a09b5329debe820d4e62c72dd08c75"}
,"/Users/ayokayy/FEC/FEC/client/src/components/RelatedItems/YourOutfit.jsx": {"path":"/Users/ayokayy/FEC/FEC/client/src/components/RelatedItems/YourOutfit.jsx","statementMap":{"0":{"start":{"line":10,"column":14},"end":{"line":20,"column":1}},"1":{"start":{"line":22,"column":22},"end":{"line":27,"column":1}},"2":{"start":{"line":29,"column":20},"end":{"line":34,"column":1}},"3":{"start":{"line":36,"column":19},"end":{"line":59,"column":1}},"4":{"start":{"line":43,"column":2},"end":{"line":58,"column":4}}},"fnMap":{"0":{"name":"(anonymous_0)","decl":{"start":{"line":36,"column":19},"end":{"line":36,"column":20}},"loc":{"start":{"line":36,"column":30},"end":{"line":59,"column":1}},"line":36}},"branchMap":{},"s":{"0":2,"1":2,"2":2,"3":2,"4":1},"f":{"0":1},"b":{},"_coverageSchema":"1a1c01bbd47fc00a2c39e90264f33305004495a9","hash":"16d8a2825e56b9bbe2dc4666d5e209e20c1b55f9"}
,"/Users/ayokayy/FEC/FEC/client/src/components/context/dataContext.js": {"path":"/Users/ayokayy/FEC/FEC/client/src/components/context/dataContext.js","statementMap":{"0":{"start":{"line":3,"column":27},"end":{"line":3,"column":44}}},"fnMap":{},"branchMap":{},"s":{"0":3},"f":{},"b":{},"_coverageSchema":"1a1c01bbd47fc00a2c39e90264f33305004495a9","hash":"1bac52e4d48a5aebc691d70c995de73225b3cd97"}
,"/Users/ayokayy/FEC/FEC/token/token.js": {"path":"/Users/ayokayy/FEC/FEC/token/token.js","statementMap":{"0":{"start":{"line":1,"column":14},"end":{"line":1,"column":56}},"1":{"start":{"line":3,"column":0},"end":{"line":3,"column":23}}},"fnMap":{},"branchMap":{},"s":{"0":2,"1":2},"f":{},"b":{},"_coverageSchema":"1a1c01bbd47fc00a2c39e90264f33305004495a9","hash":"06d78322d8534f5554eb233fe5a4894b6ff83608"}
}
