TN:
SF:client/src/components/App.jsx
FN:15,(anonymous_0)
FN:26,(anonymous_1)
FNF:2
FNH:1
FNDA:1,(anonymous_0)
FNDA:0,(anonymous_1)
DA:15,1
DA:17,1
DA:18,1
DA:26,1
DA:27,0
DA:30,1
LF:6
LH:5
BRF:0
BRH:0
end_of_record
TN:
SF:client/src/components/NavBar/NavBar.jsx
FN:6,(anonymous_0)
FNF:1
FNH:1
FNDA:1,(anonymous_0)
DA:7,1
LF:1
LH:1
BRF:0
BRH:0
end_of_record
TN:
SF:client/src/components/ProductDetail/ProductDetails.jsx
FN:14,ProductDetails
FN:20,(anonymous_1)
FN:21,(anonymous_2)
FN:27,(anonymous_3)
FN:43,(anonymous_4)
FN:47,(anonymous_5)
FNF:6
FNH:3
FNDA:1,ProductDetails
FNDA:1,(anonymous_1)
FNDA:1,(anonymous_2)
FNDA:0,(anonymous_3)
FNDA:0,(anonymous_4)
FNDA:0,(anonymous_5)
DA:15,1
DA:16,1
DA:17,1
DA:18,1
DA:20,1
DA:21,1
DA:22,1
DA:23,0
DA:25,1
DA:26,1
DA:28,0
DA:29,0
DA:43,1
DA:44,0
DA:47,1
DA:53,0
DA:55,1
DA:56,1
DA:75,0
LF:19
LH:13
BRDA:55,0,0,1
BRDA:55,0,1,0
BRDA:55,1,0,1
BRDA:55,1,1,1
BRF:4
BRH:3
end_of_record
TN:
SF:client/src/components/ProductDetail/token.js
FNF:0
FNH:0
DA:1,1
LF:1
LH:1
BRF:0
BRH:0
end_of_record
TN:
SF:client/src/components/ProductDetail/AdditionalInfo/AdditionalInfo.jsx
FN:5,AdditionalInfo
FN:19,(anonymous_1)
FNF:2
FNH:1
FNDA:1,AdditionalInfo
FNDA:0,(anonymous_1)
DA:6,1
DA:7,1
DA:20,0
LF:3
LH:2
BRDA:18,0,0,0
BRDA:18,0,1,1
BRF:2
BRH:1
end_of_record
TN:
SF:client/src/components/ProductDetail/Announcement/Announcement.jsx
FN:3,Announcement
FNF:1
FNH:1
FNDA:1,Announcement
DA:4,1
LF:1
LH:1
BRF:0
BRH:0
end_of_record
TN:
SF:client/src/components/ProductDetail/ProductGallery/ProductGallery.jsx
FN:9,ProductGallery
FN:15,(anonymous_1)
FN:16,(anonymous_2)
FN:20,(anonymous_3)
FN:27,(anonymous_4)
FN:47,(anonymous_5)
FN:49,(anonymous_6)
FN:51,(anonymous_7)
FN:58,(anonymous_8)
FN:65,(anonymous_9)
FNF:10
FNH:4
FNDA:3,ProductGallery
FNDA:1,(anonymous_1)
FNDA:0,(anonymous_2)
FNDA:0,(anonymous_3)
FNDA:0,(anonymous_4)
FNDA:4,(anonymous_5)
FNDA:0,(anonymous_6)
FNDA:0,(anonymous_7)
FNDA:4,(anonymous_8)
FNDA:0,(anonymous_9)
DA:10,3
DA:11,3
DA:12,3
DA:13,3
DA:15,3
DA:16,1
DA:17,0
DA:19,1
DA:20,0
DA:21,0
DA:23,0
DA:27,3
DA:28,0
DA:29,0
DA:30,0
DA:31,0
DA:32,0
DA:33,0
DA:34,0
DA:35,0
DA:40,3
DA:41,3
DA:47,4
DA:50,0
DA:51,0
DA:58,4
DA:66,0
DA:76,0
LF:28
LH:12
BRDA:19,0,0,0
BRDA:19,0,1,1
BRDA:29,1,0,0
BRDA:29,1,1,0
BRDA:32,2,0,0
BRDA:32,2,1,0
BRDA:34,3,0,0
BRDA:34,3,1,0
BRDA:40,4,0,3
BRDA:40,4,1,0
BRDA:59,5,0,0
BRDA:59,5,1,3
BRF:12
BRH:3
end_of_record
TN:
SF:client/src/components/ProductDetail/ProductMeta/ProductMeta.jsx
FN:5,ProductMeta
FNF:1
FNH:1
FNDA:1,ProductMeta
DA:6,1
LF:1
LH:1
BRF:0
BRH:0
end_of_record
TN:
SF:client/src/components/ProductDetail/StarRatings/StarRatings.jsx
FN:9,(anonymous_0)
FN:19,(anonymous_1)
FN:23,(anonymous_2)
FN:27,(anonymous_3)
FN:28,(anonymous_4)
FN:31,(anonymous_5)
FN:46,(anonymous_6)
FNF:7
FNH:4
FNDA:1,(anonymous_0)
FNDA:1,(anonymous_1)
FNDA:1,(anonymous_2)
FNDA:0,(anonymous_3)
FNDA:0,(anonymous_4)
FNDA:0,(anonymous_5)
FNDA:1,(anonymous_6)
DA:10,1
DA:11,1
DA:15,1
DA:16,1
DA:20,1
DA:24,1
DA:27,0
DA:28,0
DA:32,0
DA:33,0
DA:34,0
DA:35,0
DA:36,0
DA:37,0
DA:39,0
DA:40,0
DA:47,1
LF:17
LH:7
BRDA:39,0,0,0
BRDA:39,0,1,0
BRDA:47,1,0,0
BRDA:47,1,1,1
BRF:4
BRH:1
end_of_record
TN:
SF:client/src/components/ProductDetail/StyleSelector/Renderqty.jsx
FN:5,Renderqty
FN:25,(anonymous_1)
FNF:2
FNH:1
FNDA:2,Renderqty
FNDA:0,(anonymous_1)
DA:7,2
DA:8,2
DA:9,0
DA:10,0
DA:13,2
DA:14,2
DA:15,2
DA:16,0
DA:18,2
DA:25,0
LF:10
LH:6
BRDA:9,0,0,0
BRDA:9,0,1,0
BRDA:13,1,0,0
BRDA:13,1,1,2
BRDA:18,2,0,2
BRDA:18,2,1,0
BRF:6
BRH:2
end_of_record
TN:
SF:client/src/components/ProductDetail/StyleSelector/Socialshare.jsx
FN:6,Socialshare
FNF:1
FNH:1
FNDA:2,Socialshare
DA:9,2
LF:1
LH:1
BRF:0
BRH:0
end_of_record
TN:
SF:client/src/components/ProductDetail/StyleSelector/StyleSelector.jsx
FN:9,StyleSelector
FN:15,(anonymous_1)
FN:16,(anonymous_2)
FN:24,(anonymous_3)
FN:36,(anonymous_4)
FN:40,(anonymous_5)
FN:43,(anonymous_6)
FN:61,(anonymous_7)
FN:65,(anonymous_8)
FN:82,(anonymous_9)
FNF:10
FNH:3
FNDA:2,StyleSelector
FNDA:1,(anonymous_1)
FNDA:0,(anonymous_2)
FNDA:1,(anonymous_3)
FNDA:0,(anonymous_4)
FNDA:0,(anonymous_5)
FNDA:0,(anonymous_6)
FNDA:0,(anonymous_7)
FNDA:0,(anonymous_8)
FNDA:0,(anonymous_9)
DA:10,2
DA:11,2
DA:12,2
DA:13,2
DA:15,2
DA:16,1
DA:17,0
DA:19,1
DA:20,0
DA:24,2
DA:25,1
DA:26,1
DA:27,1
DA:28,0
DA:29,0
DA:32,1
DA:36,2
DA:37,0
DA:40,2
DA:41,0
DA:43,2
DA:44,0
DA:45,0
DA:48,2
DA:49,2
DA:62,0
DA:65,0
DA:83,0
DA:113,0
LF:29
LH:17
BRDA:19,0,0,0
BRDA:19,0,1,1
BRDA:25,1,0,1
BRDA:25,1,1,0
BRDA:28,2,0,0
BRDA:28,2,1,0
BRDA:48,3,0,2
BRDA:48,3,1,0
BRDA:52,4,0,2
BRDA:52,4,1,0
BRDA:62,5,0,0
BRDA:62,5,1,0
BRDA:79,6,0,0
BRDA:79,6,1,2
BRDA:101,7,0,0
BRDA:101,7,1,2
BRF:16
BRH:6
end_of_record
TN:
SF:client/src/components/Questions/Answer.jsx
FN:4,(anonymous_0)
FN:6,(anonymous_1)
FN:8,(anonymous_2)
FN:11,(anonymous_3)
FN:13,(anonymous_4)
FNF:5
FNH:0
FNDA:0,(anonymous_0)
FNDA:0,(anonymous_1)
FNDA:0,(anonymous_2)
FNDA:0,(anonymous_3)
FNDA:0,(anonymous_4)
DA:4,1
DA:6,0
DA:7,0
DA:8,0
DA:11,0
DA:12,0
DA:13,0
DA:16,0
LF:8
LH:1
BRF:0
BRH:0
end_of_record
TN:
SF:client/src/components/Questions/Questions.jsx
FN:11,(anonymous_0)
FN:16,(anonymous_1)
FN:20,(anonymous_2)
FN:23,(anonymous_3)
FN:24,(anonymous_4)
FN:25,(anonymous_5)
FN:30,(anonymous_6)
FN:35,(anonymous_7)
FN:45,(anonymous_8)
FNF:9
FNH:3
FNDA:1,(anonymous_0)
FNDA:1,(anonymous_1)
FNDA:1,(anonymous_2)
FNDA:0,(anonymous_3)
FNDA:0,(anonymous_4)
FNDA:0,(anonymous_5)
FNDA:0,(anonymous_6)
FNDA:0,(anonymous_7)
FNDA:0,(anonymous_8)
DA:11,1
DA:12,1
DA:13,1
DA:14,1
DA:16,1
DA:17,1
DA:20,1
DA:21,1
DA:24,0
DA:25,0
DA:26,0
DA:30,0
DA:33,1
DA:35,1
DA:36,0
DA:37,0
DA:40,1
DA:46,0
LF:18
LH:11
BRDA:26,0,0,0
BRDA:26,0,1,0
BRDA:36,1,0,0
BRDA:36,1,1,0
BRDA:48,2,0,0
BRDA:48,2,1,1
BRDA:56,3,0,0
BRDA:56,3,1,0
BRF:8
BRH:1
end_of_record
TN:
SF:client/src/components/Questions/helperFunction.js
FN:9,getQuestions
FN:27,addQuestion
FN:38,addAnswer
FN:49,getProducts
FN:59,markQuestionHelpful
FN:70,markAnswerHelpful
FN:80,reportAnswer
FNF:7
FNH:0
FNDA:0,getQuestions
FNDA:0,addQuestion
FNDA:0,addAnswer
FNDA:0,getProducts
FNDA:0,markQuestionHelpful
FNDA:0,markAnswerHelpful
FNDA:0,reportAnswer
DA:1,1
DA:3,1
DA:4,1
DA:11,0
DA:19,0
DA:24,0
DA:28,0
DA:30,0
DA:35,0
DA:39,0
DA:41,0
DA:46,0
DA:50,0
DA:52,0
DA:56,0
DA:60,0
DA:62,0
DA:67,0
DA:71,0
DA:73,0
DA:77,0
DA:81,0
DA:83,0
DA:87,0
DA:90,1
LF:25
LH:4
BRDA:9,0,0,0
BRDA:9,1,0,0
BRDA:9,2,0,0
BRF:3
BRH:0
end_of_record
TN:
SF:client/src/components/Questions/QuestionCom/Question.jsx
FN:6,(anonymous_0)
FN:8,(anonymous_1)
FN:9,(anonymous_2)
FN:14,(anonymous_3)
FN:19,(anonymous_4)
FN:20,(anonymous_5)
FN:37,(anonymous_6)
FNF:7
FNH:0
FNDA:0,(anonymous_0)
FNDA:0,(anonymous_1)
FNDA:0,(anonymous_2)
FNDA:0,(anonymous_3)
FNDA:0,(anonymous_4)
FNDA:0,(anonymous_5)
FNDA:0,(anonymous_6)
DA:6,1
DA:7,0
DA:8,0
DA:9,0
DA:11,0
DA:12,0
DA:14,0
DA:15,0
DA:16,0
DA:19,0
DA:20,0
DA:23,0
DA:38,0
LF:13
LH:1
BRDA:9,0,0,0
BRDA:9,0,1,0
BRDA:15,1,0,0
BRDA:15,1,1,0
BRDA:45,2,0,0
BRDA:45,2,1,0
BRDA:47,3,0,0
BRDA:47,3,1,0
BRF:8
BRH:0
end_of_record
TN:
SF:client/src/components/Questions/QuestionCom/QuestionSearch.jsx
FN:4,(anonymous_0)
FNF:1
FNH:1
FNDA:1,(anonymous_0)
DA:4,1
DA:5,1
LF:2
LH:2
BRF:0
BRH:0
end_of_record
TN:
SF:client/src/components/RatingsReviews/RatingsReviews.jsx
FN:11,(anonymous_0)
FN:24,(anonymous_1)
FN:28,(anonymous_2)
FN:30,(anonymous_3)
FN:30,(anonymous_4)
FN:31,(anonymous_5)
FN:31,(anonymous_6)
FN:32,(anonymous_7)
FN:32,(anonymous_8)
FN:32,(anonymous_9)
FN:33,(anonymous_10)
FN:36,(anonymous_11)
FN:38,(anonymous_12)
FN:39,(anonymous_13)
FN:40,(anonymous_14)
FN:41,(anonymous_15)
FN:42,(anonymous_16)
FN:59,(anonymous_17)
FN:60,(anonymous_18)
FN:61,(anonymous_19)
FN:65,(anonymous_20)
FN:66,(anonymous_21)
FN:67,(anonymous_22)
FN:71,(anonymous_23)
FN:72,(anonymous_24)
FN:73,(anonymous_25)
FNF:26
FNH:4
FNDA:10,(anonymous_0)
FNDA:10,(anonymous_1)
FNDA:10,(anonymous_2)
FNDA:0,(anonymous_3)
FNDA:0,(anonymous_4)
FNDA:0,(anonymous_5)
FNDA:0,(anonymous_6)
FNDA:0,(anonymous_7)
FNDA:0,(anonymous_8)
FNDA:0,(anonymous_9)
FNDA:0,(anonymous_10)
FNDA:10,(anonymous_11)
FNDA:0,(anonymous_12)
FNDA:0,(anonymous_13)
FNDA:0,(anonymous_14)
FNDA:0,(anonymous_15)
FNDA:0,(anonymous_16)
FNDA:0,(anonymous_17)
FNDA:0,(anonymous_18)
FNDA:0,(anonymous_19)
FNDA:0,(anonymous_20)
FNDA:0,(anonymous_21)
FNDA:0,(anonymous_22)
FNDA:0,(anonymous_23)
FNDA:0,(anonymous_24)
FNDA:0,(anonymous_25)
DA:11,2
DA:13,10
DA:14,10
DA:15,10
DA:16,10
DA:17,10
DA:18,10
DA:19,10
DA:20,10
DA:21,10
DA:22,10
DA:24,10
DA:25,10
DA:28,10
DA:29,10
DA:30,0
DA:31,0
DA:32,0
DA:33,0
DA:36,10
DA:37,10
DA:39,0
DA:40,0
DA:41,0
DA:42,0
DA:46,10
DA:60,0
DA:61,0
DA:66,0
DA:67,0
DA:72,0
DA:73,0
LF:32
LH:18
BRDA:32,0,0,0
BRDA:32,0,1,0
BRF:2
BRH:0
end_of_record
TN:
SF:client/src/components/RatingsReviews/components/Footer.jsx
FN:9,(anonymous_0)
FN:14,(anonymous_1)
FN:15,(anonymous_2)
FN:17,(anonymous_3)
FN:22,(anonymous_4)
FN:28,(anonymous_5)
FN:34,(anonymous_6)
FNF:7
FNH:3
FNDA:10,(anonymous_0)
FNDA:0,(anonymous_1)
FNDA:0,(anonymous_2)
FNDA:10,(anonymous_3)
FNDA:0,(anonymous_4)
FNDA:0,(anonymous_5)
FNDA:10,(anonymous_6)
DA:5,2
DA:9,2
DA:11,10
DA:12,10
DA:14,10
DA:15,0
DA:17,10
DA:18,10
DA:19,0
DA:22,0
DA:26,10
DA:28,0
DA:34,10
DA:35,10
DA:45,10
LF:15
LH:11
BRDA:18,0,0,0
BRDA:18,0,1,10
BRDA:18,1,0,10
BRDA:18,1,1,10
BRF:4
BRH:3
end_of_record
TN:
SF:client/src/components/RatingsReviews/components/Header.jsx
FN:5,(anonymous_0)
FNF:1
FNH:1
FNDA:10,(anonymous_0)
DA:2,2
DA:5,2
DA:6,10
LF:3
LH:3
BRF:0
BRH:0
end_of_record
TN:
SF:client/src/components/RatingsReviews/components/RatingsGraph.jsx
FN:7,(anonymous_0)
FN:18,(anonymous_1)
FN:23,(anonymous_2)
FN:28,(anonymous_3)
FN:35,(anonymous_4)
FN:37,(anonymous_5)
FN:41,(anonymous_6)
FN:42,(anonymous_7)
FN:43,(anonymous_8)
FN:44,(anonymous_9)
FN:45,(anonymous_10)
FN:46,(anonymous_11)
FN:47,(anonymous_12)
FN:48,(anonymous_13)
FN:49,(anonymous_14)
FN:50,(anonymous_15)
FN:54,(anonymous_16)
FN:56,(anonymous_17)
FN:59,(anonymous_18)
FN:60,(anonymous_19)
FN:61,(anonymous_20)
FN:62,(anonymous_21)
FN:63,(anonymous_22)
FN:64,(anonymous_23)
FN:65,(anonymous_24)
FN:67,(anonymous_25)
FN:69,(anonymous_26)
FN:73,(anonymous_27)
FN:168,(anonymous_28)
FNF:29
FNH:25
FNDA:20,(anonymous_0)
FNDA:10,(anonymous_1)
FNDA:10,(anonymous_2)
FNDA:10,(anonymous_3)
FNDA:20,(anonymous_4)
FNDA:0,(anonymous_5)
FNDA:10,(anonymous_6)
FNDA:10,(anonymous_7)
FNDA:10,(anonymous_8)
FNDA:10,(anonymous_9)
FNDA:10,(anonymous_10)
FNDA:10,(anonymous_11)
FNDA:10,(anonymous_12)
FNDA:10,(anonymous_13)
FNDA:10,(anonymous_14)
FNDA:10,(anonymous_15)
FNDA:20,(anonymous_16)
FNDA:0,(anonymous_17)
FNDA:20,(anonymous_18)
FNDA:20,(anonymous_19)
FNDA:20,(anonymous_20)
FNDA:20,(anonymous_21)
FNDA:20,(anonymous_22)
FNDA:20,(anonymous_23)
FNDA:20,(anonymous_24)
FNDA:10,(anonymous_25)
FNDA:0,(anonymous_26)
FNDA:20,(anonymous_27)
FNDA:0,(anonymous_28)
DA:7,2
DA:8,20
DA:9,20
DA:10,20
DA:11,20
DA:12,20
DA:13,20
DA:14,20
DA:15,20
DA:16,20
DA:18,20
DA:19,10
DA:20,10
DA:23,20
DA:24,10
DA:25,10
DA:28,20
DA:29,10
DA:30,10
DA:31,10
DA:32,10
DA:35,20
DA:36,20
DA:37,0
DA:41,20
DA:42,10
DA:43,10
DA:44,10
DA:45,10
DA:46,10
DA:47,10
DA:48,10
DA:49,10
DA:50,10
DA:51,10
DA:54,20
DA:55,20
DA:56,0
DA:59,20
DA:60,20
DA:61,20
DA:62,20
DA:63,20
DA:64,20
DA:65,20
DA:67,20
DA:68,10
DA:69,0
DA:73,20
DA:74,20
DA:75,20
DA:141,20
DA:169,0
LF:53
LH:49
BRDA:65,0,0,0
BRDA:65,0,1,20
BRDA:133,1,0,20
BRDA:133,1,1,20
BRF:4
BRH:3
end_of_record
TN:
SF:client/src/components/RatingsReviews/components/AddReview/AddReview.jsx
FN:16,validateEmail
FN:21,(anonymous_1)
FN:36,(anonymous_2)
FN:62,(anonymous_3)
FN:63,(anonymous_4)
FN:64,(anonymous_5)
FN:70,(anonymous_6)
FN:71,(anonymous_7)
FN:73,(anonymous_8)
FN:75,(anonymous_9)
FN:80,(anonymous_10)
FN:97,(anonymous_11)
FN:97,(anonymous_12)
FN:101,(anonymous_13)
FN:101,(anonymous_14)
FN:110,(anonymous_15)
FN:110,(anonymous_16)
FN:116,(anonymous_17)
FN:116,(anonymous_18)
FN:124,(anonymous_19)
FN:124,(anonymous_20)
FN:125,(anonymous_21)
FN:125,(anonymous_22)
FN:126,(anonymous_23)
FN:126,(anonymous_24)
FN:127,(anonymous_25)
FN:127,(anonymous_26)
FN:128,(anonymous_27)
FN:128,(anonymous_28)
FN:134,(anonymous_29)
FN:134,(anonymous_30)
FN:135,(anonymous_31)
FN:135,(anonymous_32)
FN:136,(anonymous_33)
FN:136,(anonymous_34)
FN:137,(anonymous_35)
FN:137,(anonymous_36)
FN:138,(anonymous_37)
FN:138,(anonymous_38)
FN:144,(anonymous_39)
FN:144,(anonymous_40)
FN:145,(anonymous_41)
FN:145,(anonymous_42)
FN:146,(anonymous_43)
FN:146,(anonymous_44)
FN:147,(anonymous_45)
FN:147,(anonymous_46)
FN:148,(anonymous_47)
FN:148,(anonymous_48)
FN:154,(anonymous_49)
FN:154,(anonymous_50)
FN:155,(anonymous_51)
FN:155,(anonymous_52)
FN:156,(anonymous_53)
FN:156,(anonymous_54)
FN:157,(anonymous_55)
FN:157,(anonymous_56)
FN:158,(anonymous_57)
FN:158,(anonymous_58)
FN:164,(anonymous_59)
FN:164,(anonymous_60)
FN:165,(anonymous_61)
FN:165,(anonymous_62)
FN:166,(anonymous_63)
FN:166,(anonymous_64)
FN:167,(anonymous_65)
FN:167,(anonymous_66)
FN:168,(anonymous_67)
FN:168,(anonymous_68)
FN:174,(anonymous_69)
FN:174,(anonymous_70)
FN:175,(anonymous_71)
FN:175,(anonymous_72)
FN:176,(anonymous_73)
FN:176,(anonymous_74)
FN:177,(anonymous_75)
FN:177,(anonymous_76)
FN:178,(anonymous_77)
FN:178,(anonymous_78)
FN:182,(anonymous_79)
FN:182,(anonymous_80)
FN:184,(anonymous_81)
FN:184,(anonymous_82)
FN:189,(anonymous_83)
FN:195,(anonymous_84)
FNF:85
FNH:0
FNDA:0,validateEmail
FNDA:0,(anonymous_1)
FNDA:0,(anonymous_2)
FNDA:0,(anonymous_3)
FNDA:0,(anonymous_4)
FNDA:0,(anonymous_5)
FNDA:0,(anonymous_6)
FNDA:0,(anonymous_7)
FNDA:0,(anonymous_8)
FNDA:0,(anonymous_9)
FNDA:0,(anonymous_10)
FNDA:0,(anonymous_11)
FNDA:0,(anonymous_12)
FNDA:0,(anonymous_13)
FNDA:0,(anonymous_14)
FNDA:0,(anonymous_15)
FNDA:0,(anonymous_16)
FNDA:0,(anonymous_17)
FNDA:0,(anonymous_18)
FNDA:0,(anonymous_19)
FNDA:0,(anonymous_20)
FNDA:0,(anonymous_21)
FNDA:0,(anonymous_22)
FNDA:0,(anonymous_23)
FNDA:0,(anonymous_24)
FNDA:0,(anonymous_25)
FNDA:0,(anonymous_26)
FNDA:0,(anonymous_27)
FNDA:0,(anonymous_28)
FNDA:0,(anonymous_29)
FNDA:0,(anonymous_30)
FNDA:0,(anonymous_31)
FNDA:0,(anonymous_32)
FNDA:0,(anonymous_33)
FNDA:0,(anonymous_34)
FNDA:0,(anonymous_35)
FNDA:0,(anonymous_36)
FNDA:0,(anonymous_37)
FNDA:0,(anonymous_38)
FNDA:0,(anonymous_39)
FNDA:0,(anonymous_40)
FNDA:0,(anonymous_41)
FNDA:0,(anonymous_42)
FNDA:0,(anonymous_43)
FNDA:0,(anonymous_44)
FNDA:0,(anonymous_45)
FNDA:0,(anonymous_46)
FNDA:0,(anonymous_47)
FNDA:0,(anonymous_48)
FNDA:0,(anonymous_49)
FNDA:0,(anonymous_50)
FNDA:0,(anonymous_51)
FNDA:0,(anonymous_52)
FNDA:0,(anonymous_53)
FNDA:0,(anonymous_54)
FNDA:0,(anonymous_55)
FNDA:0,(anonymous_56)
FNDA:0,(anonymous_57)
FNDA:0,(anonymous_58)
FNDA:0,(anonymous_59)
FNDA:0,(anonymous_60)
FNDA:0,(anonymous_61)
FNDA:0,(anonymous_62)
FNDA:0,(anonymous_63)
FNDA:0,(anonymous_64)
FNDA:0,(anonymous_65)
FNDA:0,(anonymous_66)
FNDA:0,(anonymous_67)
FNDA:0,(anonymous_68)
FNDA:0,(anonymous_69)
FNDA:0,(anonymous_70)
FNDA:0,(anonymous_71)
FNDA:0,(anonymous_72)
FNDA:0,(anonymous_73)
FNDA:0,(anonymous_74)
FNDA:0,(anonymous_75)
FNDA:0,(anonymous_76)
FNDA:0,(anonymous_77)
FNDA:0,(anonymous_78)
FNDA:0,(anonymous_79)
FNDA:0,(anonymous_80)
FNDA:0,(anonymous_81)
FNDA:0,(anonymous_82)
FNDA:0,(anonymous_83)
FNDA:0,(anonymous_84)
DA:9,2
DA:12,2
DA:17,0
DA:18,0
DA:21,2
DA:22,0
DA:23,0
DA:24,0
DA:25,0
DA:26,0
DA:27,0
DA:28,0
DA:29,0
DA:30,0
DA:31,0
DA:32,0
DA:33,0
DA:34,0
DA:36,0
DA:37,0
DA:38,0
DA:39,0
DA:62,0
DA:63,0
DA:64,0
DA:66,0
DA:70,0
DA:71,0
DA:73,0
DA:74,0
DA:75,0
DA:77,0
DA:80,0
DA:81,0
DA:82,0
DA:86,0
DA:92,0
DA:97,0
DA:101,0
DA:110,0
DA:116,0
DA:124,0
DA:125,0
DA:126,0
DA:127,0
DA:128,0
DA:134,0
DA:135,0
DA:136,0
DA:137,0
DA:138,0
DA:144,0
DA:145,0
DA:146,0
DA:147,0
DA:148,0
DA:154,0
DA:155,0
DA:156,0
DA:157,0
DA:158,0
DA:164,0
DA:165,0
DA:166,0
DA:167,0
DA:168,0
DA:174,0
DA:175,0
DA:176,0
DA:177,0
DA:178,0
DA:182,0
DA:184,0
DA:189,0
DA:195,0
LF:75
LH:3
BRDA:38,0,0,0
BRDA:38,0,1,0
BRDA:38,1,0,0
BRDA:38,1,1,0
BRDA:38,1,2,0
BRDA:38,1,3,0
BRDA:74,2,0,0
BRDA:74,2,1,0
BRDA:81,3,0,0
BRDA:81,3,1,0
BRF:10
BRH:0
end_of_record
TN:
SF:client/src/components/RatingsReviews/components/Review/Review.jsx
FN:16,(anonymous_0)
FN:24,(anonymous_1)
FN:32,(anonymous_2)
FN:48,(anonymous_3)
FN:63,(anonymous_4)
FN:65,(anonymous_5)
FN:65,(anonymous_6)
FN:68,(anonymous_7)
FNF:8
FNH:0
FNDA:0,(anonymous_0)
FNDA:0,(anonymous_1)
FNDA:0,(anonymous_2)
FNDA:0,(anonymous_3)
FNDA:0,(anonymous_4)
FNDA:0,(anonymous_5)
FNDA:0,(anonymous_6)
FNDA:0,(anonymous_7)
DA:5,2
DA:11,2
DA:16,2
DA:17,0
DA:18,0
DA:22,0
DA:24,0
DA:25,0
DA:26,0
DA:32,0
DA:33,0
DA:34,0
DA:40,0
DA:48,0
DA:49,0
DA:50,0
DA:57,0
DA:63,0
DA:64,0
DA:65,0
DA:68,0
DA:69,0
DA:70,0
DA:89,0
DA:108,0
LF:25
LH:3
BRDA:25,0,0,0
BRDA:25,0,1,0
BRDA:33,1,0,0
BRDA:33,1,1,0
BRDA:49,2,0,0
BRDA:49,2,1,0
BRDA:69,3,0,0
BRDA:69,3,1,0
BRF:8
BRH:0
end_of_record
TN:
SF:client/src/components/RatingsReviews/components/Review/Reviews.jsx
FN:8,(anonymous_0)
FN:11,(anonymous_1)
FNF:2
FNH:1
FNDA:10,(anonymous_0)
FNDA:0,(anonymous_1)
DA:4,2
DA:8,2
DA:9,10
DA:11,0
LF:4
LH:3
BRF:0
BRH:0
end_of_record
TN:
SF:client/src/components/RelatedItems/RelatedCarousel.jsx
FN:32,(anonymous_0)
FN:35,(anonymous_1)
FN:44,(anonymous_2)
FN:47,(anonymous_3)
FNF:4
FNH:1
FNDA:1,(anonymous_0)
FNDA:0,(anonymous_1)
FNDA:0,(anonymous_2)
FNDA:0,(anonymous_3)
DA:10,2
DA:18,2
DA:25,2
DA:32,2
DA:35,1
DA:36,0
DA:39,1
DA:45,0
DA:47,0
LF:9
LH:6
BRDA:49,0,0,0
BRDA:49,0,1,0
BRDA:65,1,0,0
BRDA:65,1,1,0
BRF:4
BRH:0
end_of_record
TN:
SF:client/src/components/RelatedItems/RelatedItems.jsx
FN:11,(anonymous_0)
FN:16,(anonymous_1)
FN:21,(anonymous_2)
FN:34,(anonymous_3)
FN:36,(anonymous_4)
FN:38,(anonymous_5)
FN:40,(anonymous_6)
FN:44,(anonymous_7)
FN:53,(anonymous_8)
FN:56,(anonymous_9)
FN:57,fetchData
FN:73,(anonymous_11)
FNF:12
FNH:4
FNDA:1,(anonymous_0)
FNDA:0,(anonymous_1)
FNDA:0,(anonymous_2)
FNDA:0,(anonymous_3)
FNDA:0,(anonymous_4)
FNDA:0,(anonymous_5)
FNDA:0,(anonymous_6)
FNDA:0,(anonymous_7)
FNDA:0,(anonymous_8)
FNDA:1,(anonymous_9)
FNDA:1,fetchData
FNDA:1,(anonymous_11)
DA:11,2
DA:13,1
DA:14,1
DA:16,1
DA:17,0
DA:18,0
DA:21,1
DA:23,0
DA:24,0
DA:25,0
DA:26,0
DA:27,0
DA:30,0
DA:31,0
DA:34,1
DA:35,0
DA:37,0
DA:38,0
DA:39,0
DA:40,0
DA:41,0
DA:42,0
DA:45,0
DA:46,0
DA:47,0
DA:48,0
DA:51,0
DA:53,0
DA:56,1
DA:58,1
DA:59,1
DA:60,0
DA:61,0
DA:62,0
DA:63,0
DA:64,0
DA:66,0
DA:68,0
DA:70,1
DA:73,1
DA:74,1
DA:75,0
DA:76,0
DA:80,1
DA:81,0
DA:82,0
DA:83,0
DA:88,1
LF:48
LH:14
BRDA:26,0,0,0
BRDA:26,0,1,0
BRDA:47,1,0,0
BRDA:47,1,1,0
BRDA:74,2,0,0
BRDA:74,2,1,1
BRDA:74,3,0,1
BRDA:74,3,1,0
BRDA:80,4,0,0
BRDA:80,4,1,1
BRDA:80,5,0,1
BRDA:80,5,1,0
BRF:12
BRH:4
end_of_record
TN:
SF:client/src/components/RelatedItems/YourOutfit.jsx
FN:36,(anonymous_0)
FNF:1
FNH:1
FNDA:1,(anonymous_0)
DA:10,2
DA:22,2
DA:29,2
DA:36,2
DA:43,1
LF:5
LH:5
BRF:0
BRH:0
end_of_record
TN:
SF:client/src/components/context/dataContext.js
FNF:0
FNH:0
DA:3,3
LF:1
LH:1
BRF:0
BRH:0
end_of_record
TN:
SF:token/token.js
FNF:0
FNH:0
DA:1,2
DA:3,2
LF:2
LH:2
BRF:0
BRH:0
end_of_record
