TN:
SF:client/src/components/RatingsReviews/RatingsReviews.jsx
FN:11,(anonymous_0)
FN:24,(anonymous_1)
FN:28,(anonymous_2)
FN:30,(anonymous_3)
FN:30,(anonymous_4)
FN:31,(anonymous_5)
FN:31,(anonymous_6)
FN:32,(anonymous_7)
FN:32,(anonymous_8)
FN:32,(anonymous_9)
FN:33,(anonymous_10)
FN:36,(anonymous_11)
FN:38,(anonymous_12)
FN:39,(anonymous_13)
FN:40,(anonymous_14)
FN:41,(anonymous_15)
FN:42,(anonymous_16)
FN:59,(anonymous_17)
FN:60,(anonymous_18)
FN:61,(anonymous_19)
FN:65,(anonymous_20)
FN:66,(anonymous_21)
FN:67,(anonymous_22)
FN:71,(anonymous_23)
FN:72,(anonymous_24)
FN:73,(anonymous_25)
FNF:26
FNH:4
FNDA:4,(anonymous_0)
FNDA:4,(anonymous_1)
FNDA:4,(anonymous_2)
FNDA:0,(anonymous_3)
FNDA:0,(anonymous_4)
FNDA:0,(anonymous_5)
FNDA:0,(anonymous_6)
FNDA:0,(anonymous_7)
FNDA:0,(anonymous_8)
FNDA:0,(anonymous_9)
FNDA:0,(anonymous_10)
FNDA:4,(anonymous_11)
FNDA:0,(anonymous_12)
FNDA:0,(anonymous_13)
FNDA:0,(anonymous_14)
FNDA:0,(anonymous_15)
FNDA:0,(anonymous_16)
FNDA:0,(anonymous_17)
FNDA:0,(anonymous_18)
FNDA:0,(anonymous_19)
FNDA:0,(anonymous_20)
FNDA:0,(anonymous_21)
FNDA:0,(anonymous_22)
FNDA:0,(anonymous_23)
FNDA:0,(anonymous_24)
FNDA:0,(anonymous_25)
DA:11,1
DA:13,4
DA:14,4
DA:15,4
DA:16,4
DA:17,4
DA:18,4
DA:19,4
DA:20,4
DA:21,4
DA:22,4
DA:24,4
DA:25,4
DA:28,4
DA:29,4
DA:30,0
DA:31,0
DA:32,0
DA:33,0
DA:36,4
DA:37,4
DA:39,0
DA:40,0
DA:41,0
DA:42,0
DA:46,4
DA:60,0
DA:61,0
DA:66,0
DA:67,0
DA:72,0
DA:73,0
LF:32
LH:18
BRDA:32,0,0,0
BRDA:32,0,1,0
BRF:2
BRH:0
end_of_record
TN:
SF:client/src/components/RatingsReviews/components/Footer.jsx
FN:9,(anonymous_0)
FN:14,(anonymous_1)
FN:15,(anonymous_2)
FN:17,(anonymous_3)
FN:22,(anonymous_4)
FN:28,(anonymous_5)
FN:34,(anonymous_6)
FNF:7
FNH:3
FNDA:4,(anonymous_0)
FNDA:0,(anonymous_1)
FNDA:0,(anonymous_2)
FNDA:4,(anonymous_3)
FNDA:0,(anonymous_4)
FNDA:0,(anonymous_5)
FNDA:4,(anonymous_6)
DA:5,1
DA:9,1
DA:11,4
DA:12,4
DA:14,4
DA:15,0
DA:17,4
DA:18,4
DA:19,0
DA:22,0
DA:26,4
DA:28,0
DA:34,4
DA:35,4
DA:45,4
LF:15
LH:11
BRDA:18,0,0,0
BRDA:18,0,1,4
BRDA:18,1,0,4
BRDA:18,1,1,4
BRF:4
BRH:3
end_of_record
TN:
SF:client/src/components/RatingsReviews/components/Header.jsx
FN:5,(anonymous_0)
FNF:1
FNH:1
FNDA:4,(anonymous_0)
DA:2,1
DA:5,1
DA:6,4
LF:3
LH:3
BRF:0
BRH:0
end_of_record
TN:
SF:client/src/components/RatingsReviews/components/RatingsGraph.jsx
FN:7,(anonymous_0)
FN:18,(anonymous_1)
FN:23,(anonymous_2)
FN:28,(anonymous_3)
FN:30,(anonymous_4)
FN:34,(anonymous_5)
FN:36,(anonymous_6)
FN:39,(anonymous_7)
FN:40,(anonymous_8)
FN:41,(anonymous_9)
FN:42,(anonymous_10)
FN:43,(anonymous_11)
FN:44,(anonymous_12)
FN:45,(anonymous_13)
FN:47,(anonymous_14)
FN:49,(anonymous_15)
FN:53,(anonymous_16)
FN:148,(anonymous_17)
FNF:18
FNH:14
FNDA:8,(anonymous_0)
FNDA:4,(anonymous_1)
FNDA:4,(anonymous_2)
FNDA:4,(anonymous_3)
FNDA:0,(anonymous_4)
FNDA:4,(anonymous_5)
FNDA:0,(anonymous_6)
FNDA:4,(anonymous_7)
FNDA:4,(anonymous_8)
FNDA:4,(anonymous_9)
FNDA:4,(anonymous_10)
FNDA:4,(anonymous_11)
FNDA:4,(anonymous_12)
FNDA:4,(anonymous_13)
FNDA:4,(anonymous_14)
FNDA:0,(anonymous_15)
FNDA:8,(anonymous_16)
FNDA:0,(anonymous_17)
DA:7,1
DA:8,8
DA:9,8
DA:10,8
DA:11,8
DA:12,8
DA:13,8
DA:14,8
DA:15,8
DA:16,8
DA:18,8
DA:19,4
DA:20,4
DA:23,8
DA:24,4
DA:25,4
DA:28,8
DA:29,4
DA:30,0
DA:34,8
DA:35,4
DA:36,0
DA:39,8
DA:40,4
DA:41,4
DA:42,4
DA:43,4
DA:44,4
DA:45,4
DA:47,8
DA:48,4
DA:49,0
DA:53,8
DA:54,8
DA:55,8
DA:121,8
DA:149,0
LF:37
LH:33
BRDA:45,0,0,0
BRDA:45,0,1,4
BRDA:113,1,0,8
BRDA:113,1,1,8
BRF:4
BRH:3
end_of_record
TN:
SF:client/src/components/RatingsReviews/components/AddReview/AddReview.jsx
FN:16,validateEmail
FN:21,(anonymous_1)
FN:36,(anonymous_2)
FN:62,(anonymous_3)
FN:63,(anonymous_4)
FN:64,(anonymous_5)
FN:70,(anonymous_6)
FN:71,(anonymous_7)
FN:73,(anonymous_8)
FN:75,(anonymous_9)
FN:80,(anonymous_10)
FN:97,(anonymous_11)
FN:97,(anonymous_12)
FN:101,(anonymous_13)
FN:101,(anonymous_14)
FN:110,(anonymous_15)
FN:110,(anonymous_16)
FN:116,(anonymous_17)
FN:116,(anonymous_18)
FN:124,(anonymous_19)
FN:124,(anonymous_20)
FN:125,(anonymous_21)
FN:125,(anonymous_22)
FN:126,(anonymous_23)
FN:126,(anonymous_24)
FN:127,(anonymous_25)
FN:127,(anonymous_26)
FN:128,(anonymous_27)
FN:128,(anonymous_28)
FN:134,(anonymous_29)
FN:134,(anonymous_30)
FN:135,(anonymous_31)
FN:135,(anonymous_32)
FN:136,(anonymous_33)
FN:136,(anonymous_34)
FN:137,(anonymous_35)
FN:137,(anonymous_36)
FN:138,(anonymous_37)
FN:138,(anonymous_38)
FN:144,(anonymous_39)
FN:144,(anonymous_40)
FN:145,(anonymous_41)
FN:145,(anonymous_42)
FN:146,(anonymous_43)
FN:146,(anonymous_44)
FN:147,(anonymous_45)
FN:147,(anonymous_46)
FN:148,(anonymous_47)
FN:148,(anonymous_48)
FN:154,(anonymous_49)
FN:154,(anonymous_50)
FN:155,(anonymous_51)
FN:155,(anonymous_52)
FN:156,(anonymous_53)
FN:156,(anonymous_54)
FN:157,(anonymous_55)
FN:157,(anonymous_56)
FN:158,(anonymous_57)
FN:158,(anonymous_58)
FN:164,(anonymous_59)
FN:164,(anonymous_60)
FN:165,(anonymous_61)
FN:165,(anonymous_62)
FN:166,(anonymous_63)
FN:166,(anonymous_64)
FN:167,(anonymous_65)
FN:167,(anonymous_66)
FN:168,(anonymous_67)
FN:168,(anonymous_68)
FN:174,(anonymous_69)
FN:174,(anonymous_70)
FN:175,(anonymous_71)
FN:175,(anonymous_72)
FN:176,(anonymous_73)
FN:176,(anonymous_74)
FN:177,(anonymous_75)
FN:177,(anonymous_76)
FN:178,(anonymous_77)
FN:178,(anonymous_78)
FN:182,(anonymous_79)
FN:182,(anonymous_80)
FN:184,(anonymous_81)
FN:184,(anonymous_82)
FN:189,(anonymous_83)
FN:195,(anonymous_84)
FNF:85
FNH:0
FNDA:0,validateEmail
FNDA:0,(anonymous_1)
FNDA:0,(anonymous_2)
FNDA:0,(anonymous_3)
FNDA:0,(anonymous_4)
FNDA:0,(anonymous_5)
FNDA:0,(anonymous_6)
FNDA:0,(anonymous_7)
FNDA:0,(anonymous_8)
FNDA:0,(anonymous_9)
FNDA:0,(anonymous_10)
FNDA:0,(anonymous_11)
FNDA:0,(anonymous_12)
FNDA:0,(anonymous_13)
FNDA:0,(anonymous_14)
FNDA:0,(anonymous_15)
FNDA:0,(anonymous_16)
FNDA:0,(anonymous_17)
FNDA:0,(anonymous_18)
FNDA:0,(anonymous_19)
FNDA:0,(anonymous_20)
FNDA:0,(anonymous_21)
FNDA:0,(anonymous_22)
FNDA:0,(anonymous_23)
FNDA:0,(anonymous_24)
FNDA:0,(anonymous_25)
FNDA:0,(anonymous_26)
FNDA:0,(anonymous_27)
FNDA:0,(anonymous_28)
FNDA:0,(anonymous_29)
FNDA:0,(anonymous_30)
FNDA:0,(anonymous_31)
FNDA:0,(anonymous_32)
FNDA:0,(anonymous_33)
FNDA:0,(anonymous_34)
FNDA:0,(anonymous_35)
FNDA:0,(anonymous_36)
FNDA:0,(anonymous_37)
FNDA:0,(anonymous_38)
FNDA:0,(anonymous_39)
FNDA:0,(anonymous_40)
FNDA:0,(anonymous_41)
FNDA:0,(anonymous_42)
FNDA:0,(anonymous_43)
FNDA:0,(anonymous_44)
FNDA:0,(anonymous_45)
FNDA:0,(anonymous_46)
FNDA:0,(anonymous_47)
FNDA:0,(anonymous_48)
FNDA:0,(anonymous_49)
FNDA:0,(anonymous_50)
FNDA:0,(anonymous_51)
FNDA:0,(anonymous_52)
FNDA:0,(anonymous_53)
FNDA:0,(anonymous_54)
FNDA:0,(anonymous_55)
FNDA:0,(anonymous_56)
FNDA:0,(anonymous_57)
FNDA:0,(anonymous_58)
FNDA:0,(anonymous_59)
FNDA:0,(anonymous_60)
FNDA:0,(anonymous_61)
FNDA:0,(anonymous_62)
FNDA:0,(anonymous_63)
FNDA:0,(anonymous_64)
FNDA:0,(anonymous_65)
FNDA:0,(anonymous_66)
FNDA:0,(anonymous_67)
FNDA:0,(anonymous_68)
FNDA:0,(anonymous_69)
FNDA:0,(anonymous_70)
FNDA:0,(anonymous_71)
FNDA:0,(anonymous_72)
FNDA:0,(anonymous_73)
FNDA:0,(anonymous_74)
FNDA:0,(anonymous_75)
FNDA:0,(anonymous_76)
FNDA:0,(anonymous_77)
FNDA:0,(anonymous_78)
FNDA:0,(anonymous_79)
FNDA:0,(anonymous_80)
FNDA:0,(anonymous_81)
FNDA:0,(anonymous_82)
FNDA:0,(anonymous_83)
FNDA:0,(anonymous_84)
DA:9,1
DA:12,1
DA:17,0
DA:18,0
DA:21,1
DA:22,0
DA:23,0
DA:24,0
DA:25,0
DA:26,0
DA:27,0
DA:28,0
DA:29,0
DA:30,0
DA:31,0
DA:32,0
DA:33,0
DA:34,0
DA:36,0
DA:37,0
DA:38,0
DA:39,0
DA:62,0
DA:63,0
DA:64,0
DA:66,0
DA:70,0
DA:71,0
DA:73,0
DA:74,0
DA:75,0
DA:77,0
DA:80,0
DA:81,0
DA:82,0
DA:86,0
DA:92,0
DA:97,0
DA:101,0
DA:110,0
DA:116,0
DA:124,0
DA:125,0
DA:126,0
DA:127,0
DA:128,0
DA:134,0
DA:135,0
DA:136,0
DA:137,0
DA:138,0
DA:144,0
DA:145,0
DA:146,0
DA:147,0
DA:148,0
DA:154,0
DA:155,0
DA:156,0
DA:157,0
DA:158,0
DA:164,0
DA:165,0
DA:166,0
DA:167,0
DA:168,0
DA:174,0
DA:175,0
DA:176,0
DA:177,0
DA:178,0
DA:182,0
DA:184,0
DA:189,0
DA:195,0
LF:75
LH:3
BRDA:38,0,0,0
BRDA:38,0,1,0
BRDA:38,1,0,0
BRDA:38,1,1,0
BRDA:38,1,2,0
BRDA:38,1,3,0
BRDA:74,2,0,0
BRDA:74,2,1,0
BRDA:81,3,0,0
BRDA:81,3,1,0
BRF:10
BRH:0
end_of_record
TN:
SF:client/src/components/RatingsReviews/components/Review/Review.jsx
FN:16,(anonymous_0)
FN:24,(anonymous_1)
FN:32,(anonymous_2)
FN:48,(anonymous_3)
FN:63,(anonymous_4)
FN:65,(anonymous_5)
FN:65,(anonymous_6)
FN:68,(anonymous_7)
FNF:8
FNH:0
FNDA:0,(anonymous_0)
FNDA:0,(anonymous_1)
FNDA:0,(anonymous_2)
FNDA:0,(anonymous_3)
FNDA:0,(anonymous_4)
FNDA:0,(anonymous_5)
FNDA:0,(anonymous_6)
FNDA:0,(anonymous_7)
DA:5,1
DA:11,1
DA:16,1
DA:17,0
DA:18,0
DA:22,0
DA:24,0
DA:25,0
DA:26,0
DA:32,0
DA:33,0
DA:34,0
DA:40,0
DA:48,0
DA:49,0
DA:50,0
DA:57,0
DA:63,0
DA:64,0
DA:65,0
DA:68,0
DA:69,0
DA:70,0
DA:87,0
DA:104,0
LF:25
LH:3
BRDA:25,0,0,0
BRDA:25,0,1,0
BRDA:33,1,0,0
BRDA:33,1,1,0
BRDA:49,2,0,0
BRDA:49,2,1,0
BRDA:69,3,0,0
BRDA:69,3,1,0
BRF:8
BRH:0
end_of_record
TN:
SF:client/src/components/RatingsReviews/components/Review/Reviews.jsx
FN:8,(anonymous_0)
FN:11,(anonymous_1)
FNF:2
FNH:1
FNDA:4,(anonymous_0)
FNDA:0,(anonymous_1)
DA:4,1
DA:8,1
DA:9,4
DA:11,0
LF:4
LH:3
BRF:0
BRH:0
end_of_record
TN:
SF:client/src/components/context/dataContext.js
FNF:0
FNH:0
DA:3,1
LF:1
LH:1
BRF:0
BRH:0
end_of_record
